Starting Rasa server with model: D:\Capstone\website\src\app\back-end\Rasa\models\20241027-173808-obvious-cue.tar.gz
Rasa server started successfully with PID: 2392
Rasa Error: C:\Users\Hagga\AppData\Local\Programs\Python\Python39\lib\site-packages\rasa\core\tracker_store.py:1044: MovedIn20Warning: Deprecated API features detected! These feature(s) are not compatible with SQLAlchemy 2.0. To prevent incompatible upgrades prior to updating applications, ensure requirements files are pinned to "sqlalchemy<2.0". Set environment variable SQLALCHEMY_WARN_20=1 to show all deprecation warnings.  Set environment variable SQLALCHEMY_SILENCE_UBER_WARNING=1 to silence this message. (Background on SQLAlchemy 2.0 at: https://sqlalche.me/e/b8d9)
  Base: DeclarativeMeta = declarative_base()
Rasa Action Error: C:\Users\Hagga\AppData\Local\Programs\Python\Python39\lib\site-packages\rasa\core\tracker_store.py:1044: MovedIn20Warning: Deprecated API features detected! These feature(s) are not compatible with SQLAlchemy 2.0. To prevent incompatible upgrades prior to updating applications, ensure requirements files are pinned to "sqlalchemy<2.0". Set environment variable SQLALCHEMY_WARN_20=1 to show all deprecation warnings.  Set environment variable SQLALCHEMY_SILENCE_UBER_WARNING=1 to silence this message. (Background on SQLAlchemy 2.0 at: https://sqlalche.me/e/b8d9)
  Base: DeclarativeMeta = declarative_base()
Rasa Action Error: C:\Users\Hagga\AppData\Local\Programs\Python\Python39\lib\site-packages\rasa\shared\utils\validation.py:134: DeprecationWarning: pkg_resources is deprecated as an API. See https://setuptools.pypa.io/en/latest/pkg_resources.html
  import pkg_resources
Rasa Error: C:\Users\Hagga\AppData\Local\Programs\Python\Python39\lib\site-packages\rasa\shared\utils\validation.py:134: DeprecationWarning: pkg_resources is deprecated as an API. See https://setuptools.pypa.io/en/latest/pkg_resources.html
  import pkg_resources
Rasa Error: C:\Users\Hagga\AppData\Local\Programs\Python\Python39\lib\site-packages\pkg_resources\__init__.py:3149: DeprecationWarning: Deprecated call to `pkg_resources.declare_namespace('mpl_toolkits')`.
Implementing implicit namespace packages (as specified in PEP 420) is preferred to `pkg_resources.declare_namespace`. See https://setuptools.pypa.io/en/latest/references/keywords.html#keyword-namespace-packages
  declare_namespace(pkg)
Rasa Action Error: C:\Users\Hagga\AppData\Local\Programs\Python\Python39\lib\site-packages\pkg_resources\__init__.py:3149: DeprecationWarning: Deprecated call to `pkg_resources.declare_namespace('mpl_toolkits')`.
Implementing implicit namespace packages (as specified in PEP 420) is preferred to `pkg_resources.declare_namespace`. See https://setuptools.pypa.io/en/latest/references/keywords.html#keyword-namespace-packages
  declare_namespace(pkg)
Rasa Action Error: C:\Users\Hagga\AppData\Local\Programs\Python\Python39\lib\site-packages\pkg_resources\__init__.py:3149: DeprecationWarning: Deprecated call to `pkg_resources.declare_namespace('ruamel')`.
Implementing implicit namespace packages (as specified in PEP 420) is preferred to `pkg_resources.declare_namespace`. See https://setuptools.pypa.io/en/latest/references/keywords.html#keyword-namespace-packages
  declare_namespace(pkg)
Rasa Error: C:\Users\Hagga\AppData\Local\Programs\Python\Python39\lib\site-packages\pkg_resources\__init__.py:3149: DeprecationWarning: Deprecated call to `pkg_resources.declare_namespace('ruamel')`.
Implementing implicit namespace packages (as specified in PEP 420) is preferred to `pkg_resources.declare_namespace`. See https://setuptools.pypa.io/en/latest/references/keywords.html#keyword-namespace-packages
  declare_namespace(pkg)
Rasa Error: C:\Users\Hagga\AppData\Local\Programs\Python\Python39\lib\site-packages\sanic_cors\extension.py:39: DeprecationWarning: distutils Version classes are deprecated. Use packaging.version instead.
  SANIC_VERSION = LooseVersion(sanic_version)
Rasa Action Error: C:\Users\Hagga\AppData\Local\Programs\Python\Python39\lib\site-packages\sanic_cors\extension.py:39: DeprecationWarning: distutils Version classes are deprecated. Use packaging.version instead.
  SANIC_VERSION = LooseVersion(sanic_version)
Rasa Action Error: 2024-12-02 18:41:57 [1;30mINFO    [0m [34mrasa_sdk.endpoint[0m  - Starting action endpoint server...
Rasa Action Error: 2024-12-02 18:41:57 [1;30mINFO    [0m [34mrasa_sdk.executor[0m  - Registered function for 'action_retrieve_rooms'.
Rasa Action Error: 2024-12-02 18:41:57 [1;30mINFO    [0m [34mrasa_sdk.executor[0m  - Registered function for 'action_retrieve_room_details'.
Rasa Action Error: 2024-12-02 18:41:57 [1;30mINFO    [0m [34mrasa_sdk.endpoint[0m  - Starting plugins...
Rasa Action Error: 2024-12-02 18:41:57 [1;30mINFO    [0m [34mrasa_sdk.endpoint[0m  - Action endpoint is up and running on http://0.0.0.0:5055
Rasa Error: 2024-12-02 18:42:16 [1;30mINFO    [0m [34mroot[0m  - Starting Rasa server on http://0.0.0.0:5005
Rasa Error: 2024-12-02 18:42:16 [1;30mINFO    [0m [34mrasa.core.processor[0m  - Loading model D:\Capstone\website\src\app\back-end\Rasa\models\20241027-173808-obvious-cue.tar.gz...
Rasa Error: 2024-12-02 18:42:17 [1;30mERROR   [0m [34mrasa.core.agent[0m  - [31mCould not load model due to Error deserializing graph schema. Can't find class for graph component type 'rasa.graph_components.validators.default_recipe_validator.DefaultV1RecipeValidator'..[0m
Traceback (most recent call last):
  File "C:\Users\Hagga\AppData\Local\Programs\Python\Python39\lib\site-packages\rasa\engine\graph.py", line 112, in from_dict
    ] = rasa.shared.utils.common.class_from_module_path(
  File "C:\Users\Hagga\AppData\Local\Programs\Python\Python39\lib\site-packages\rasa\shared\utils\common.py", line 36, in class_from_module_path
    m = importlib.import_module(module_name)
  File "C:\Users\Hagga\AppData\Local\Programs\Python\Python39\lib\importlib\__init__.py", line 127, in import_module
    return _bootstrap._gcd_import(name[level:], package, level)
  File "<frozen importlib._bootstrap>", line 1030, in _gcd_import
  File "<frozen importlib._bootstrap>", line 1007, in _find_and_load
  File "<frozen importlib._bootstrap>", line 986, in _find_and_load_unlocked
  File "<frozen importlib._bootstrap>", line 680, in _load_unlocked
  File "<frozen importlib._bootstrap_external>", line 850, in exec_module
  File "<frozen importlib._bootstrap>", line 228, in _call_with_frames_removed
  File "C:\Users\Hagga\AppData\Local\Programs\Python\Python39\lib\site-packages\rasa\graph_components\validators\default_recipe_validator.py", line 18, in <module>
    from rasa.nlu.classifiers.diet_classifier import DIETClassifier
  File "C:\Users\Hagga\AppData\Local\Programs\Python\Python39\lib\site-packages\rasa\nlu\classifiers\diet_classifier.py", line 29, in <module>
    from rasa.utils.tensorflow import rasa_layers
  File "C:\Users\Hagga\AppData\Local\Programs\Python\Python39\lib\site-packages\rasa\utils\tensorflow\rasa_layers.py", line 28, in <module>
    from rasa.utils.tensorflow import layers
  File "C:\Users\Hagga\AppData\Local\Programs\Python\Python39\lib\site-packages\rasa\utils\tensorflow\layers.py", line 6, in <module>
    from keras.utils.control_flow_util import smart_cond
ModuleNotFoundError: No module named 'keras.utils.control_flow_util'

The above exception was the direct cause of the following exception:

Traceback (most recent call last):
  File "C:\Users\Hagga\AppData\Local\Programs\Python\Python39\lib\site-packages\rasa\core\agent.py", line 254, in load_agent
    agent.load_model(model_path)
  File "C:\Users\Hagga\AppData\Local\Programs\Python\Python39\lib\site-packages\rasa\core\agent.py", line 352, in load_model
    self.processor = MessageProcessor(
  File "C:\Users\Hagga\AppData\Local\Programs\Python\Python39\lib\site-packages\rasa\core\processor.py", line 105, in __init__
    self.model_filename, self.model_metadata, self.graph_runner = self._load_model(
  File "C:\Users\Hagga\AppData\Local\Programs\Python\Python39\lib\site-packages\rasa\core\processor.py", line 142, in _load_model
    metadata, runner = loader.load_predict_graph_runner(
  File "C:\Users\Hagga\AppData\Local\Programs\Python\Python39\lib\site-packages\rasa\engine\loader.py", line 26, in load_predict_graph_runner
    model_storage, model_metadata = model_storage_class.from_model_archive(
  File "C:\Users\Hagga\AppData\Local\Programs\Python\Python39\lib\site-packages\rasa\engine\storage\local_model_storage.py", line 95, in from_model_archive
    metadata = cls._load_metadata(temporary_directory_path)
  File "C:\Users\Hagga\AppData\Local\Programs\Python\Python39\lib\site-packages\rasa\engine\storage\local_model_storage.py", line 154, in _load_metadata
    return ModelMetadata.from_dict(serialized_metadata)
  File "C:\Users\Hagga\AppData\Local\Programs\Python\Python39\lib\site-packages\rasa\engine\storage\storage.py", line 194, in from_dict
    train_schema=GraphSchema.from_dict(serialized["train_schema"]),
  File "C:\Users\Hagga\AppData\Local\Programs\Python\Python39\lib\site-packages\rasa\engine\graph.py", line 121, in from_dict
    raise GraphSchemaException(
rasa.engine.exceptions.GraphSchemaException: Error deserializing graph schema. Can't find class for graph component type 'rasa.graph_components.validators.default_recipe_validator.DefaultV1RecipeValidator'.
Rasa Error: 2024-12-02 18:42:17 [1;30mINFO    [0m [34mroot[0m  - Rasa server is up and running.
Rasa Error: 2024-12-02 18:42:20 [1;30mERROR   [0m [34mrasa.server[0m  - [31mNo agent loaded. To continue processing, a model of a trained agent needs to be loaded.[0m
Rasa Error: 2024-12-02 18:42:21 [1;30mERROR   [0m [34mrasa.server[0m  - [31mNo agent loaded. To continue processing, a model of a trained agent needs to be loaded.[0m
Rasa Error: 2024-12-02 18:42:25 [1;30mERROR   [0m [34mrasa.server[0m  - [31mNo agent loaded. To continue processing, a model of a trained agent needs to be loaded.[0m
Rasa Error: 2024-12-02 18:42:26 [1;30mERROR   [0m [34mrasa.server[0m  - [31mNo agent loaded. To continue processing, a model of a trained agent needs to be loaded.[0m
Rasa Error: 2024-12-02 18:42:30 [1;30mERROR   [0m [34mrasa.server[0m  - [31mNo agent loaded. To continue processing, a model of a trained agent needs to be loaded.[0m
Rasa Error: 2024-12-02 18:42:31 [1;30mERROR   [0m [34mrasa.server[0m  - [31mNo agent loaded. To continue processing, a model of a trained agent needs to be loaded.[0m
Rasa Error: 2024-12-02 18:42:35 [1;30mERROR   [0m [34mrasa.server[0m  - [31mNo agent loaded. To continue processing, a model of a trained agent needs to be loaded.[0m
Rasa Error: 2024-12-02 18:42:36 [1;30mERROR   [0m [34mrasa.server[0m  - [31mNo agent loaded. To continue processing, a model of a trained agent needs to be loaded.[0m
Rasa Error: 2024-12-02 18:42:40 [1;30mERROR   [0m [34mrasa.server[0m  - [31mNo agent loaded. To continue processing, a model of a trained agent needs to be loaded.[0m
Rasa Error: 2024-12-02 18:42:42 [1;30mERROR   [0m [34mrasa.server[0m  - [31mNo agent loaded. To continue processing, a model of a trained agent needs to be loaded.[0m
Rasa Error: 2024-12-02 18:42:45 [1;30mERROR   [0m [34mrasa.server[0m  - [31mNo agent loaded. To continue processing, a model of a trained agent needs to be loaded.[0m
Rasa Error: 2024-12-02 18:42:47 [1;30mERROR   [0m [34mrasa.server[0m  - [31mNo agent loaded. To continue processing, a model of a trained agent needs to be loaded.[0m
Starting Rasa server with model: D:\Capstone\website\src\app\back-end\Rasa\models\20241027-173808-obvious-cue.tar.gz
Rasa server started successfully with PID: 13072
Rasa Action Error: C:\Users\Hagga\AppData\Local\Programs\Python\Python39\lib\site-packages\rasa\core\tracker_store.py:1044: MovedIn20Warning: Deprecated API features detected! These feature(s) are not compatible with SQLAlchemy 2.0. To prevent incompatible upgrades prior to updating applications, ensure requirements files are pinned to "sqlalchemy<2.0". Set environment variable SQLALCHEMY_WARN_20=1 to show all deprecation warnings.  Set environment variable SQLALCHEMY_SILENCE_UBER_WARNING=1 to silence this message. (Background on SQLAlchemy 2.0 at: https://sqlalche.me/e/b8d9)
  Base: DeclarativeMeta = declarative_base()
Rasa Error: C:\Users\Hagga\AppData\Local\Programs\Python\Python39\lib\site-packages\rasa\core\tracker_store.py:1044: MovedIn20Warning: Deprecated API features detected! These feature(s) are not compatible with SQLAlchemy 2.0. To prevent incompatible upgrades prior to updating applications, ensure requirements files are pinned to "sqlalchemy<2.0". Set environment variable SQLALCHEMY_WARN_20=1 to show all deprecation warnings.  Set environment variable SQLALCHEMY_SILENCE_UBER_WARNING=1 to silence this message. (Background on SQLAlchemy 2.0 at: https://sqlalche.me/e/b8d9)
  Base: DeclarativeMeta = declarative_base()
Rasa Error: C:\Users\Hagga\AppData\Local\Programs\Python\Python39\lib\site-packages\rasa\shared\utils\validation.py:134: DeprecationWarning: pkg_resources is deprecated as an API. See https://setuptools.pypa.io/en/latest/pkg_resources.html
  import pkg_resources
Rasa Action Error: C:\Users\Hagga\AppData\Local\Programs\Python\Python39\lib\site-packages\rasa\shared\utils\validation.py:134: DeprecationWarning: pkg_resources is deprecated as an API. See https://setuptools.pypa.io/en/latest/pkg_resources.html
  import pkg_resources
Rasa Action Error: C:\Users\Hagga\AppData\Local\Programs\Python\Python39\lib\site-packages\pkg_resources\__init__.py:3149: DeprecationWarning: Deprecated call to `pkg_resources.declare_namespace('mpl_toolkits')`.
Implementing implicit namespace packages (as specified in PEP 420) is preferred to `pkg_resources.declare_namespace`. See https://setuptools.pypa.io/en/latest/references/keywords.html#keyword-namespace-packages
  declare_namespace(pkg)
Rasa Error: C:\Users\Hagga\AppData\Local\Programs\Python\Python39\lib\site-packages\pkg_resources\__init__.py:3149: DeprecationWarning: Deprecated call to `pkg_resources.declare_namespace('mpl_toolkits')`.
Implementing implicit namespace packages (as specified in PEP 420) is preferred to `pkg_resources.declare_namespace`. See https://setuptools.pypa.io/en/latest/references/keywords.html#keyword-namespace-packages
  declare_namespace(pkg)
Rasa Action Error: C:\Users\Hagga\AppData\Local\Programs\Python\Python39\lib\site-packages\pkg_resources\__init__.py:3149: DeprecationWarning: Deprecated call to `pkg_resources.declare_namespace('ruamel')`.
Implementing implicit namespace packages (as specified in PEP 420) is preferred to `pkg_resources.declare_namespace`. See https://setuptools.pypa.io/en/latest/references/keywords.html#keyword-namespace-packages
  declare_namespace(pkg)
Rasa Error: C:\Users\Hagga\AppData\Local\Programs\Python\Python39\lib\site-packages\pkg_resources\__init__.py:3149: DeprecationWarning: Deprecated call to `pkg_resources.declare_namespace('ruamel')`.
Implementing implicit namespace packages (as specified in PEP 420) is preferred to `pkg_resources.declare_namespace`. See https://setuptools.pypa.io/en/latest/references/keywords.html#keyword-namespace-packages
  declare_namespace(pkg)
Rasa Error: C:\Users\Hagga\AppData\Local\Programs\Python\Python39\lib\site-packages\sanic_cors\extension.py:39: DeprecationWarning: distutils Version classes are deprecated. Use packaging.version instead.
  SANIC_VERSION = LooseVersion(sanic_version)
Rasa Action Error: C:\Users\Hagga\AppData\Local\Programs\Python\Python39\lib\site-packages\sanic_cors\extension.py:39: DeprecationWarning: distutils Version classes are deprecated. Use packaging.version instead.
  SANIC_VERSION = LooseVersion(sanic_version)
Rasa Action Error: 2024-12-02 18:44:32 [1;30mINFO    [0m [34mrasa_sdk.endpoint[0m  - Starting action endpoint server...
Rasa Action Error: 2024-12-02 18:44:32 [1;30mINFO    [0m [34mrasa_sdk.executor[0m  - Registered function for 'action_retrieve_rooms'.
Rasa Action Error: 2024-12-02 18:44:32 [1;30mINFO    [0m [34mrasa_sdk.executor[0m  - Registered function for 'action_retrieve_room_details'.
Rasa Action Error: 2024-12-02 18:44:33 [1;30mINFO    [0m [34mrasa_sdk.endpoint[0m  - Starting plugins...
Rasa Action Error: 2024-12-02 18:44:33 [1;30mINFO    [0m [34mrasa_sdk.endpoint[0m  - Action endpoint is up and running on http://0.0.0.0:5055
Rasa Error: C:\Users\Hagga\AppData\Local\Programs\Python\Python39\lib\site-packages\tensorflow\lite\python\util.py:52: DeprecationWarning: jax.xla_computation is deprecated. Please use the AOT APIs.
  from jax import xla_computation as _xla_computation
Rasa Error: 2024-12-02 18:44:40 [1;30mINFO    [0m [34mroot[0m  - Starting Rasa server on http://0.0.0.0:5005
Rasa Error: 2024-12-02 18:44:41 [1;30mINFO    [0m [34mrasa.core.processor[0m  - Loading model D:\Capstone\website\src\app\back-end\Rasa\models\20241027-173808-obvious-cue.tar.gz...
Rasa Error: [93mC:\Users\Hagga\AppData\Local\Programs\Python\Python39\lib\site-packages\rasa\utils\train_utils.py:530: UserWarning: constrain_similarities is set to `False`. It is recommended to set it to `True` when using cross-entropy loss.
  rasa.shared.utils.io.raise_warning(
[0mRasa Error: [93mC:\Users\Hagga\AppData\Local\Programs\Python\Python39\lib\site-packages\rasa\shared\utils\io.py:99: UserWarning: 'evaluate_every_number_of_epochs=20' is greater than 'epochs=1'. No evaluation will occur.
[0mRasa Error: 2024-12-02 18:45:21 [1;30mINFO    [0m [34mroot[0m  - Rasa server is up and running.
Starting Rasa server with model: D:\Capstone\website\src\app\back-end\Rasa\models\20241027-173808-obvious-cue.tar.gz
Rasa server started successfully with PID: 29840
Rasa Error: C:\Users\Hagga\AppData\Local\Programs\Python\Python39\lib\site-packages\rasa\core\tracker_store.py:1044: MovedIn20Warning: Deprecated API features detected! These feature(s) are not compatible with SQLAlchemy 2.0. To prevent incompatible upgrades prior to updating applications, ensure requirements files are pinned to "sqlalchemy<2.0". Set environment variable SQLALCHEMY_WARN_20=1 to show all deprecation warnings.  Set environment variable SQLALCHEMY_SILENCE_UBER_WARNING=1 to silence this message. (Background on SQLAlchemy 2.0 at: https://sqlalche.me/e/b8d9)
  Base: DeclarativeMeta = declarative_base()
Rasa Action Error: C:\Users\Hagga\AppData\Local\Programs\Python\Python39\lib\site-packages\rasa\core\tracker_store.py:1044: MovedIn20Warning: Deprecated API features detected! These feature(s) are not compatible with SQLAlchemy 2.0. To prevent incompatible upgrades prior to updating applications, ensure requirements files are pinned to "sqlalchemy<2.0". Set environment variable SQLALCHEMY_WARN_20=1 to show all deprecation warnings.  Set environment variable SQLALCHEMY_SILENCE_UBER_WARNING=1 to silence this message. (Background on SQLAlchemy 2.0 at: https://sqlalche.me/e/b8d9)
  Base: DeclarativeMeta = declarative_base()
Rasa Action Error: C:\Users\Hagga\AppData\Local\Programs\Python\Python39\lib\site-packages\rasa\shared\utils\validation.py:134: DeprecationWarning: pkg_resources is deprecated as an API. See https://setuptools.pypa.io/en/latest/pkg_resources.html
  import pkg_resources
Rasa Error: C:\Users\Hagga\AppData\Local\Programs\Python\Python39\lib\site-packages\rasa\shared\utils\validation.py:134: DeprecationWarning: pkg_resources is deprecated as an API. See https://setuptools.pypa.io/en/latest/pkg_resources.html
  import pkg_resources
Rasa Action Error: C:\Users\Hagga\AppData\Local\Programs\Python\Python39\lib\site-packages\pkg_resources\__init__.py:3149: DeprecationWarning: Deprecated call to `pkg_resources.declare_namespace('mpl_toolkits')`.
Implementing implicit namespace packages (as specified in PEP 420) is preferred to `pkg_resources.declare_namespace`. See https://setuptools.pypa.io/en/latest/references/keywords.html#keyword-namespace-packages
  declare_namespace(pkg)
Rasa Error: C:\Users\Hagga\AppData\Local\Programs\Python\Python39\lib\site-packages\pkg_resources\__init__.py:3149: DeprecationWarning: Deprecated call to `pkg_resources.declare_namespace('mpl_toolkits')`.
Implementing implicit namespace packages (as specified in PEP 420) is preferred to `pkg_resources.declare_namespace`. See https://setuptools.pypa.io/en/latest/references/keywords.html#keyword-namespace-packages
  declare_namespace(pkg)
Rasa Error: C:\Users\Hagga\AppData\Local\Programs\Python\Python39\lib\site-packages\pkg_resources\__init__.py:3149: DeprecationWarning: Deprecated call to `pkg_resources.declare_namespace('ruamel')`.
Implementing implicit namespace packages (as specified in PEP 420) is preferred to `pkg_resources.declare_namespace`. See https://setuptools.pypa.io/en/latest/references/keywords.html#keyword-namespace-packages
  declare_namespace(pkg)
Rasa Action Error: C:\Users\Hagga\AppData\Local\Programs\Python\Python39\lib\site-packages\pkg_resources\__init__.py:3149: DeprecationWarning: Deprecated call to `pkg_resources.declare_namespace('ruamel')`.
Implementing implicit namespace packages (as specified in PEP 420) is preferred to `pkg_resources.declare_namespace`. See https://setuptools.pypa.io/en/latest/references/keywords.html#keyword-namespace-packages
  declare_namespace(pkg)
Rasa Error: C:\Users\Hagga\AppData\Local\Programs\Python\Python39\lib\site-packages\sanic_cors\extension.py:39: DeprecationWarning: distutils Version classes are deprecated. Use packaging.version instead.
  SANIC_VERSION = LooseVersion(sanic_version)
Rasa Action Error: C:\Users\Hagga\AppData\Local\Programs\Python\Python39\lib\site-packages\sanic_cors\extension.py:39: DeprecationWarning: distutils Version classes are deprecated. Use packaging.version instead.
  SANIC_VERSION = LooseVersion(sanic_version)
Rasa Action Error: 2024-12-02 18:49:42 [1;30mINFO    [0m [34mrasa_sdk.endpoint[0m  - Starting action endpoint server...
Rasa Action Error: 2024-12-02 18:49:42 [1;30mINFO    [0m [34mrasa_sdk.executor[0m  - Registered function for 'action_retrieve_rooms'.
Rasa Action Error: 2024-12-02 18:49:42 [1;30mINFO    [0m [34mrasa_sdk.executor[0m  - Registered function for 'action_retrieve_room_details'.
Rasa Action Error: 2024-12-02 18:49:42 [1;30mINFO    [0m [34mrasa_sdk.endpoint[0m  - Starting plugins...
Rasa Action Error: 2024-12-02 18:49:42 [1;30mINFO    [0m [34mrasa_sdk.endpoint[0m  - Action endpoint is up and running on http://0.0.0.0:5055
Rasa Error: C:\Users\Hagga\AppData\Local\Programs\Python\Python39\lib\site-packages\tensorflow\lite\python\util.py:52: DeprecationWarning: jax.xla_computation is deprecated. Please use the AOT APIs.
  from jax import xla_computation as _xla_computation
Rasa Error: 2024-12-02 18:49:48 [1;30mINFO    [0m [34mroot[0m  - Starting Rasa server on http://0.0.0.0:5005
Rasa Error: 2024-12-02 18:49:48 [1;30mINFO    [0m [34mrasa.core.processor[0m  - Loading model D:\Capstone\website\src\app\back-end\Rasa\models\20241027-173808-obvious-cue.tar.gz...
Starting Rasa server with model: D:\Capstone\website\src\app\back-end\Rasa\models\20241027-173808-obvious-cue.tar.gz
Rasa server started successfully with PID: 16200
Rasa Action Error: C:\Users\Hagga\AppData\Local\Programs\Python\Python39\lib\site-packages\rasa\core\tracker_store.py:1044: MovedIn20Warning: Deprecated API features detected! These feature(s) are not compatible with SQLAlchemy 2.0. To prevent incompatible upgrades prior to updating applications, ensure requirements files are pinned to "sqlalchemy<2.0". Set environment variable SQLALCHEMY_WARN_20=1 to show all deprecation warnings.  Set environment variable SQLALCHEMY_SILENCE_UBER_WARNING=1 to silence this message. (Background on SQLAlchemy 2.0 at: https://sqlalche.me/e/b8d9)
  Base: DeclarativeMeta = declarative_base()
Rasa Error: C:\Users\Hagga\AppData\Local\Programs\Python\Python39\lib\site-packages\rasa\core\tracker_store.py:1044: MovedIn20Warning: Deprecated API features detected! These feature(s) are not compatible with SQLAlchemy 2.0. To prevent incompatible upgrades prior to updating applications, ensure requirements files are pinned to "sqlalchemy<2.0". Set environment variable SQLALCHEMY_WARN_20=1 to show all deprecation warnings.  Set environment variable SQLALCHEMY_SILENCE_UBER_WARNING=1 to silence this message. (Background on SQLAlchemy 2.0 at: https://sqlalche.me/e/b8d9)
  Base: DeclarativeMeta = declarative_base()
Rasa Error: C:\Users\Hagga\AppData\Local\Programs\Python\Python39\lib\site-packages\rasa\shared\utils\validation.py:134: DeprecationWarning: pkg_resources is deprecated as an API. See https://setuptools.pypa.io/en/latest/pkg_resources.html
  import pkg_resources
Rasa Action Error: C:\Users\Hagga\AppData\Local\Programs\Python\Python39\lib\site-packages\rasa\shared\utils\validation.py:134: DeprecationWarning: pkg_resources is deprecated as an API. See https://setuptools.pypa.io/en/latest/pkg_resources.html
  import pkg_resources
Rasa Action Error: C:\Users\Hagga\AppData\Local\Programs\Python\Python39\lib\site-packages\pkg_resources\__init__.py:3149: DeprecationWarning: Deprecated call to `pkg_resources.declare_namespace('mpl_toolkits')`.
Implementing implicit namespace packages (as specified in PEP 420) is preferred to `pkg_resources.declare_namespace`. See https://setuptools.pypa.io/en/latest/references/keywords.html#keyword-namespace-packages
  declare_namespace(pkg)
Rasa Error: C:\Users\Hagga\AppData\Local\Programs\Python\Python39\lib\site-packages\pkg_resources\__init__.py:3149: DeprecationWarning: Deprecated call to `pkg_resources.declare_namespace('mpl_toolkits')`.
Implementing implicit namespace packages (as specified in PEP 420) is preferred to `pkg_resources.declare_namespace`. See https://setuptools.pypa.io/en/latest/references/keywords.html#keyword-namespace-packages
  declare_namespace(pkg)
Rasa Action Error: C:\Users\Hagga\AppData\Local\Programs\Python\Python39\lib\site-packages\pkg_resources\__init__.py:3149: DeprecationWarning: Deprecated call to `pkg_resources.declare_namespace('ruamel')`.
Implementing implicit namespace packages (as specified in PEP 420) is preferred to `pkg_resources.declare_namespace`. See https://setuptools.pypa.io/en/latest/references/keywords.html#keyword-namespace-packages
  declare_namespace(pkg)
Rasa Error: C:\Users\Hagga\AppData\Local\Programs\Python\Python39\lib\site-packages\pkg_resources\__init__.py:3149: DeprecationWarning: Deprecated call to `pkg_resources.declare_namespace('ruamel')`.
Implementing implicit namespace packages (as specified in PEP 420) is preferred to `pkg_resources.declare_namespace`. See https://setuptools.pypa.io/en/latest/references/keywords.html#keyword-namespace-packages
  declare_namespace(pkg)
Rasa Action Error: C:\Users\Hagga\AppData\Local\Programs\Python\Python39\lib\site-packages\sanic_cors\extension.py:39: DeprecationWarning: distutils Version classes are deprecated. Use packaging.version instead.
  SANIC_VERSION = LooseVersion(sanic_version)
Rasa Error: C:\Users\Hagga\AppData\Local\Programs\Python\Python39\lib\site-packages\sanic_cors\extension.py:39: DeprecationWarning: distutils Version classes are deprecated. Use packaging.version instead.
  SANIC_VERSION = LooseVersion(sanic_version)
Rasa Action Error: 2024-12-02 18:50:31 [1;30mINFO    [0m [34mrasa_sdk.endpoint[0m  - Starting action endpoint server...
Rasa Action Error: 2024-12-02 18:50:31 [1;30mINFO    [0m [34mrasa_sdk.executor[0m  - Registered function for 'action_retrieve_rooms'.
Rasa Action Error: 2024-12-02 18:50:31 [1;30mINFO    [0m [34mrasa_sdk.executor[0m  - Registered function for 'action_retrieve_room_details'.
Rasa Action Error: 2024-12-02 18:50:31 [1;30mINFO    [0m [34mrasa_sdk.endpoint[0m  - Starting plugins...
Rasa Action Error: 2024-12-02 18:50:31 [1;30mINFO    [0m [34mrasa_sdk.endpoint[0m  - Action endpoint is up and running on http://0.0.0.0:5055
Rasa Error: C:\Users\Hagga\AppData\Local\Programs\Python\Python39\lib\site-packages\tensorflow\lite\python\util.py:52: DeprecationWarning: jax.xla_computation is deprecated. Please use the AOT APIs.
  from jax import xla_computation as _xla_computation
Rasa Error: 2024-12-02 18:50:36 [1;30mINFO    [0m [34mroot[0m  - Starting Rasa server on http://0.0.0.0:5005
Rasa Error: 2024-12-02 18:50:36 [1;30mINFO    [0m [34mrasa.core.processor[0m  - Loading model D:\Capstone\website\src\app\back-end\Rasa\models\20241027-173808-obvious-cue.tar.gz...
Rasa Error: [93mC:\Users\Hagga\AppData\Local\Programs\Python\Python39\lib\site-packages\rasa\utils\train_utils.py:530: UserWarning: constrain_similarities is set to `False`. It is recommended to set it to `True` when using cross-entropy loss.
  rasa.shared.utils.io.raise_warning(
[0mRasa Error: [93mC:\Users\Hagga\AppData\Local\Programs\Python\Python39\lib\site-packages\rasa\shared\utils\io.py:99: UserWarning: 'evaluate_every_number_of_epochs=20' is greater than 'epochs=1'. No evaluation will occur.
[0mRasa Error: 2024-12-02 18:51:17 [1;30mINFO    [0m [34mroot[0m  - Rasa server is up and running.
Rasa Error: 2024-12-02 18:53:27 [1;30mERROR   [0m [34mrasa.core.processor[0m  - [31mEncountered an exception while running action 'action_retrieve_rooms'.Bot will continue, but the actions events are lost. Please check the logs of your action server for more information.[0m
Traceback (most recent call last):
  File "C:\Users\Hagga\AppData\Local\Programs\Python\Python39\lib\site-packages\rasa\core\processor.py", line 982, in _run_action
    events = await action.run(
  File "C:\Users\Hagga\AppData\Local\Programs\Python\Python39\lib\site-packages\rasa\core\actions\action.py", line 758, in run
    raise RasaException(
rasa.shared.exceptions.RasaException: Failed to execute custom action 'action_retrieve_rooms' because no endpoint is configured to run this custom action. Please take a look at the docs and set an endpoint configuration via the --endpoints flag. https://rasa.com/docs/rasa/custom-actions
Rasa Action Error: 2024-12-02 18:54:02 [1;30mERROR   [0m [34mrasa_sdk.endpoint[0m  - [31mException occurred during execution of request <Request: GET /webhook>[0m
Traceback (most recent call last):
  File "C:\Users\Hagga\AppData\Local\Programs\Python\Python39\lib\site-packages\sanic_routing\router.py", line 100, in resolve
    route = route.methods_index[method]
KeyError: 'GET'

During handling of the above exception, another exception occurred:

Traceback (most recent call last):
  File "C:\Users\Hagga\AppData\Local\Programs\Python\Python39\lib\site-packages\sanic\router.py", line 38, in _get
    return self.resolve(
  File "C:\Users\Hagga\AppData\Local\Programs\Python\Python39\lib\site-packages\sanic_routing\router.py", line 102, in resolve
    raise self.method_handler_exception(
sanic_routing.exceptions.NoMethod: Method 'GET' not found on <RouteGroup: path=webhook len=1>

During handling of the above exception, another exception occurred:

Traceback (most recent call last):
  File "handle_request", line 26, in handle_request
    from socket import socket
  File "C:\Users\Hagga\AppData\Local\Programs\Python\Python39\lib\site-packages\sanic\router.py", line 66, in get
    return self._get(path, method, host)
  File "C:\Users\Hagga\AppData\Local\Programs\Python\Python39\lib\site-packages\sanic\router.py", line 46, in _get
    raise MethodNotSupported(
sanic.exceptions.MethodNotSupported: Method GET not allowed for URL /webhook
Rasa Action Error: 2024-12-02 18:54:02 [1;30mERROR   [0m [34mrasa_sdk.endpoint[0m  - [31mException occurred during execution of request <Request: GET /favicon.ico>[0m
Traceback (most recent call last):
  File "C:\Users\Hagga\AppData\Local\Programs\Python\Python39\lib\site-packages\sanic_routing\router.py", line 79, in resolve
    route, param_basket = self.find_route(
  File "", line 9, in find_route
sanic_routing.exceptions.NotFound: Not Found

During handling of the above exception, another exception occurred:

Traceback (most recent call last):
  File "C:\Users\Hagga\AppData\Local\Programs\Python\Python39\lib\site-packages\sanic\router.py", line 38, in _get
    return self.resolve(
  File "C:\Users\Hagga\AppData\Local\Programs\Python\Python39\lib\site-packages\sanic_routing\router.py", line 96, in resolve
    raise self.exception(str(e), path=path)
sanic_routing.exceptions.NotFound: Not Found

During handling of the above exception, another exception occurred:

Traceback (most recent call last):
  File "handle_request", line 26, in handle_request
    from socket import socket
  File "C:\Users\Hagga\AppData\Local\Programs\Python\Python39\lib\site-packages\sanic\router.py", line 66, in get
    return self._get(path, method, host)
  File "C:\Users\Hagga\AppData\Local\Programs\Python\Python39\lib\site-packages\sanic\router.py", line 44, in _get
    raise NotFound("Requested URL {} not found".format(e.path))
sanic.exceptions.NotFound: Requested URL /favicon.ico not found
Rasa Error: 2024-12-02 18:57:51 [1;30mERROR   [0m [34mrasa.core.processor[0m  - [31mEncountered an exception while running action 'action_retrieve_rooms'.Bot will continue, but the actions events are lost. Please check the logs of your action server for more information.[0m
Traceback (most recent call last):
  File "C:\Users\Hagga\AppData\Local\Programs\Python\Python39\lib\site-packages\rasa\core\processor.py", line 982, in _run_action
    events = await action.run(
  File "C:\Users\Hagga\AppData\Local\Programs\Python\Python39\lib\site-packages\rasa\core\actions\action.py", line 758, in run
    raise RasaException(
rasa.shared.exceptions.RasaException: Failed to execute custom action 'action_retrieve_rooms' because no endpoint is configured to run this custom action. Please take a look at the docs and set an endpoint configuration via the --endpoints flag. https://rasa.com/docs/rasa/custom-actions
Starting Rasa server with model: D:\Capstone\website\src\app\back-end\Rasa\models\20241027-173808-obvious-cue.tar.gz
Rasa server started successfully with PID: 8312
Rasa Action Error: C:\Users\Hagga\AppData\Local\Programs\Python\Python39\lib\site-packages\rasa\core\tracker_store.py:1044: MovedIn20Warning: Deprecated API features detected! These feature(s) are not compatible with SQLAlchemy 2.0. To prevent incompatible upgrades prior to updating applications, ensure requirements files are pinned to "sqlalchemy<2.0". Set environment variable SQLALCHEMY_WARN_20=1 to show all deprecation warnings.  Set environment variable SQLALCHEMY_SILENCE_UBER_WARNING=1 to silence this message. (Background on SQLAlchemy 2.0 at: https://sqlalche.me/e/b8d9)
  Base: DeclarativeMeta = declarative_base()
Rasa Error: C:\Users\Hagga\AppData\Local\Programs\Python\Python39\lib\site-packages\rasa\core\tracker_store.py:1044: MovedIn20Warning: Deprecated API features detected! These feature(s) are not compatible with SQLAlchemy 2.0. To prevent incompatible upgrades prior to updating applications, ensure requirements files are pinned to "sqlalchemy<2.0". Set environment variable SQLALCHEMY_WARN_20=1 to show all deprecation warnings.  Set environment variable SQLALCHEMY_SILENCE_UBER_WARNING=1 to silence this message. (Background on SQLAlchemy 2.0 at: https://sqlalche.me/e/b8d9)
  Base: DeclarativeMeta = declarative_base()
Rasa Action Error: C:\Users\Hagga\AppData\Local\Programs\Python\Python39\lib\site-packages\rasa\shared\utils\validation.py:134: DeprecationWarning: pkg_resources is deprecated as an API. See https://setuptools.pypa.io/en/latest/pkg_resources.html
  import pkg_resources
Rasa Error: C:\Users\Hagga\AppData\Local\Programs\Python\Python39\lib\site-packages\rasa\shared\utils\validation.py:134: DeprecationWarning: pkg_resources is deprecated as an API. See https://setuptools.pypa.io/en/latest/pkg_resources.html
  import pkg_resources
Rasa Error: C:\Users\Hagga\AppData\Local\Programs\Python\Python39\lib\site-packages\pkg_resources\__init__.py:3149: DeprecationWarning: Deprecated call to `pkg_resources.declare_namespace('mpl_toolkits')`.
Implementing implicit namespace packages (as specified in PEP 420) is preferred to `pkg_resources.declare_namespace`. See https://setuptools.pypa.io/en/latest/references/keywords.html#keyword-namespace-packages
  declare_namespace(pkg)
Rasa Action Error: C:\Users\Hagga\AppData\Local\Programs\Python\Python39\lib\site-packages\pkg_resources\__init__.py:3149: DeprecationWarning: Deprecated call to `pkg_resources.declare_namespace('mpl_toolkits')`.
Implementing implicit namespace packages (as specified in PEP 420) is preferred to `pkg_resources.declare_namespace`. See https://setuptools.pypa.io/en/latest/references/keywords.html#keyword-namespace-packages
  declare_namespace(pkg)
Rasa Action Error: C:\Users\Hagga\AppData\Local\Programs\Python\Python39\lib\site-packages\pkg_resources\__init__.py:3149: DeprecationWarning: Deprecated call to `pkg_resources.declare_namespace('ruamel')`.
Implementing implicit namespace packages (as specified in PEP 420) is preferred to `pkg_resources.declare_namespace`. See https://setuptools.pypa.io/en/latest/references/keywords.html#keyword-namespace-packages
  declare_namespace(pkg)
Rasa Error: C:\Users\Hagga\AppData\Local\Programs\Python\Python39\lib\site-packages\pkg_resources\__init__.py:3149: DeprecationWarning: Deprecated call to `pkg_resources.declare_namespace('ruamel')`.
Implementing implicit namespace packages (as specified in PEP 420) is preferred to `pkg_resources.declare_namespace`. See https://setuptools.pypa.io/en/latest/references/keywords.html#keyword-namespace-packages
  declare_namespace(pkg)
Rasa Error: C:\Users\Hagga\AppData\Local\Programs\Python\Python39\lib\site-packages\sanic_cors\extension.py:39: DeprecationWarning: distutils Version classes are deprecated. Use packaging.version instead.
  SANIC_VERSION = LooseVersion(sanic_version)
Rasa Action Error: C:\Users\Hagga\AppData\Local\Programs\Python\Python39\lib\site-packages\sanic_cors\extension.py:39: DeprecationWarning: distutils Version classes are deprecated. Use packaging.version instead.
  SANIC_VERSION = LooseVersion(sanic_version)
Rasa Action Error: 2024-12-02 19:00:18 [1;30mINFO    [0m [34mrasa_sdk.endpoint[0m  - Starting action endpoint server...
Rasa Action Error: 2024-12-02 19:00:18 [1;30mINFO    [0m [34mrasa_sdk.executor[0m  - Registered function for 'action_retrieve_rooms'.
Rasa Action Error: 2024-12-02 19:00:18 [1;30mINFO    [0m [34mrasa_sdk.executor[0m  - Registered function for 'action_retrieve_room_details'.
Rasa Action Error: 2024-12-02 19:00:18 [1;30mINFO    [0m [34mrasa_sdk.endpoint[0m  - Starting plugins...
Rasa Action Error: 2024-12-02 19:00:18 [1;30mINFO    [0m [34mrasa_sdk.endpoint[0m  - Action endpoint is up and running on http://0.0.0.0:5055
Rasa Error: C:\Users\Hagga\AppData\Local\Programs\Python\Python39\lib\site-packages\tensorflow\lite\python\util.py:52: DeprecationWarning: jax.xla_computation is deprecated. Please use the AOT APIs.
  from jax import xla_computation as _xla_computation
Rasa Error: 2024-12-02 19:00:25 [1;30mINFO    [0m [34mroot[0m  - Starting Rasa server on http://0.0.0.0:5005
Rasa Error: 2024-12-02 19:00:25 [1;30mINFO    [0m [34mrasa.core.processor[0m  - Loading model D:\Capstone\website\src\app\back-end\Rasa\models\20241027-173808-obvious-cue.tar.gz...
Starting Rasa server with model: D:\Capstone\website\src\app\back-end\Rasa\models\20241027-173808-obvious-cue.tar.gz
Rasa server started successfully with PID: 12548
Rasa Action Error: C:\Users\Hagga\AppData\Local\Programs\Python\Python39\lib\site-packages\rasa\core\tracker_store.py:1044: MovedIn20Warning: Deprecated API features detected! These feature(s) are not compatible with SQLAlchemy 2.0. To prevent incompatible upgrades prior to updating applications, ensure requirements files are pinned to "sqlalchemy<2.0". Set environment variable SQLALCHEMY_WARN_20=1 to show all deprecation warnings.  Set environment variable SQLALCHEMY_SILENCE_UBER_WARNING=1 to silence this message. (Background on SQLAlchemy 2.0 at: https://sqlalche.me/e/b8d9)
  Base: DeclarativeMeta = declarative_base()
Rasa Error: C:\Users\Hagga\AppData\Local\Programs\Python\Python39\lib\site-packages\rasa\core\tracker_store.py:1044: MovedIn20Warning: Deprecated API features detected! These feature(s) are not compatible with SQLAlchemy 2.0. To prevent incompatible upgrades prior to updating applications, ensure requirements files are pinned to "sqlalchemy<2.0". Set environment variable SQLALCHEMY_WARN_20=1 to show all deprecation warnings.  Set environment variable SQLALCHEMY_SILENCE_UBER_WARNING=1 to silence this message. (Background on SQLAlchemy 2.0 at: https://sqlalche.me/e/b8d9)
  Base: DeclarativeMeta = declarative_base()
Rasa Error: C:\Users\Hagga\AppData\Local\Programs\Python\Python39\lib\site-packages\rasa\shared\utils\validation.py:134: DeprecationWarning: pkg_resources is deprecated as an API. See https://setuptools.pypa.io/en/latest/pkg_resources.html
  import pkg_resources
Rasa Action Error: C:\Users\Hagga\AppData\Local\Programs\Python\Python39\lib\site-packages\rasa\shared\utils\validation.py:134: DeprecationWarning: pkg_resources is deprecated as an API. See https://setuptools.pypa.io/en/latest/pkg_resources.html
  import pkg_resources
Rasa Action Error: C:\Users\Hagga\AppData\Local\Programs\Python\Python39\lib\site-packages\pkg_resources\__init__.py:3149: DeprecationWarning: Deprecated call to `pkg_resources.declare_namespace('mpl_toolkits')`.
Implementing implicit namespace packages (as specified in PEP 420) is preferred to `pkg_resources.declare_namespace`. See https://setuptools.pypa.io/en/latest/references/keywords.html#keyword-namespace-packages
  declare_namespace(pkg)
Rasa Error: C:\Users\Hagga\AppData\Local\Programs\Python\Python39\lib\site-packages\pkg_resources\__init__.py:3149: DeprecationWarning: Deprecated call to `pkg_resources.declare_namespace('mpl_toolkits')`.
Implementing implicit namespace packages (as specified in PEP 420) is preferred to `pkg_resources.declare_namespace`. See https://setuptools.pypa.io/en/latest/references/keywords.html#keyword-namespace-packages
  declare_namespace(pkg)
Rasa Error: C:\Users\Hagga\AppData\Local\Programs\Python\Python39\lib\site-packages\pkg_resources\__init__.py:3149: DeprecationWarning: Deprecated call to `pkg_resources.declare_namespace('ruamel')`.
Implementing implicit namespace packages (as specified in PEP 420) is preferred to `pkg_resources.declare_namespace`. See https://setuptools.pypa.io/en/latest/references/keywords.html#keyword-namespace-packages
  declare_namespace(pkg)
Rasa Action Error: C:\Users\Hagga\AppData\Local\Programs\Python\Python39\lib\site-packages\pkg_resources\__init__.py:3149: DeprecationWarning: Deprecated call to `pkg_resources.declare_namespace('ruamel')`.
Implementing implicit namespace packages (as specified in PEP 420) is preferred to `pkg_resources.declare_namespace`. See https://setuptools.pypa.io/en/latest/references/keywords.html#keyword-namespace-packages
  declare_namespace(pkg)
Rasa Error: C:\Users\Hagga\AppData\Local\Programs\Python\Python39\lib\site-packages\sanic_cors\extension.py:39: DeprecationWarning: distutils Version classes are deprecated. Use packaging.version instead.
  SANIC_VERSION = LooseVersion(sanic_version)
Rasa Action Error: C:\Users\Hagga\AppData\Local\Programs\Python\Python39\lib\site-packages\sanic_cors\extension.py:39: DeprecationWarning: distutils Version classes are deprecated. Use packaging.version instead.
  SANIC_VERSION = LooseVersion(sanic_version)
Rasa Action Error: 2024-12-02 19:01:17 [1;30mINFO    [0m [34mrasa_sdk.endpoint[0m  - Starting action endpoint server...
Rasa Action Error: 2024-12-02 19:01:17 [1;30mINFO    [0m [34mrasa_sdk.executor[0m  - Registered function for 'action_retrieve_rooms'.
Rasa Action Error: 2024-12-02 19:01:17 [1;30mINFO    [0m [34mrasa_sdk.executor[0m  - Registered function for 'action_retrieve_room_details'.
Rasa Action Error: 2024-12-02 19:01:17 [1;30mINFO    [0m [34mrasa_sdk.endpoint[0m  - Starting plugins...
Rasa Action Error: 2024-12-02 19:01:17 [1;30mINFO    [0m [34mrasa_sdk.endpoint[0m  - Action endpoint is up and running on http://0.0.0.0:5055
Rasa Error: C:\Users\Hagga\AppData\Local\Programs\Python\Python39\lib\site-packages\tensorflow\lite\python\util.py:52: DeprecationWarning: jax.xla_computation is deprecated. Please use the AOT APIs.
  from jax import xla_computation as _xla_computation
Rasa Error: 2024-12-02 19:01:25 [1;30mINFO    [0m [34mroot[0m  - Starting Rasa server on http://0.0.0.0:5005
Rasa Error: 2024-12-02 19:01:26 [1;30mINFO    [0m [34mrasa.core.processor[0m  - Loading model D:\Capstone\website\src\app\back-end\Rasa\models\20241027-173808-obvious-cue.tar.gz...
Rasa Error: [93mC:\Users\Hagga\AppData\Local\Programs\Python\Python39\lib\site-packages\rasa\utils\train_utils.py:530: UserWarning: constrain_similarities is set to `False`. It is recommended to set it to `True` when using cross-entropy loss.
  rasa.shared.utils.io.raise_warning(
[0mRasa Error: [93mC:\Users\Hagga\AppData\Local\Programs\Python\Python39\lib\site-packages\rasa\shared\utils\io.py:99: UserWarning: 'evaluate_every_number_of_epochs=20' is greater than 'epochs=1'. No evaluation will occur.
[0mRasa Error: 2024-12-02 19:02:09 [1;30mINFO    [0m [34mroot[0m  - Rasa server is up and running.
Rasa Error: 2024-12-02 19:02:22 [1;30mERROR   [0m [34mrasa.core.processor[0m  - [31mEncountered an exception while running action 'action_retrieve_rooms'.Bot will continue, but the actions events are lost. Please check the logs of your action server for more information.[0m
Traceback (most recent call last):
  File "C:\Users\Hagga\AppData\Local\Programs\Python\Python39\lib\site-packages\rasa\core\processor.py", line 982, in _run_action
    events = await action.run(
  File "C:\Users\Hagga\AppData\Local\Programs\Python\Python39\lib\site-packages\rasa\core\actions\action.py", line 758, in run
    raise RasaException(
rasa.shared.exceptions.RasaException: Failed to execute custom action 'action_retrieve_rooms' because no endpoint is configured to run this custom action. Please take a look at the docs and set an endpoint configuration via the --endpoints flag. https://rasa.com/docs/rasa/custom-actions
Rasa server exited with code 1, signal null
Starting Rasa server with model: D:\Capstone\website\src\app\back-end\Rasa\models\20241027-173808-obvious-cue.tar.gz
Rasa server started successfully with PID: 24084
Rasa Action Error: C:\Users\Hagga\AppData\Local\Programs\Python\Python39\lib\site-packages\rasa\core\tracker_store.py:1044: MovedIn20Warning: Deprecated API features detected! These feature(s) are not compatible with SQLAlchemy 2.0. To prevent incompatible upgrades prior to updating applications, ensure requirements files are pinned to "sqlalchemy<2.0". Set environment variable SQLALCHEMY_WARN_20=1 to show all deprecation warnings.  Set environment variable SQLALCHEMY_SILENCE_UBER_WARNING=1 to silence this message. (Background on SQLAlchemy 2.0 at: https://sqlalche.me/e/b8d9)
  Base: DeclarativeMeta = declarative_base()
Rasa Error: C:\Users\Hagga\AppData\Local\Programs\Python\Python39\lib\site-packages\rasa\core\tracker_store.py:1044: MovedIn20Warning: Deprecated API features detected! These feature(s) are not compatible with SQLAlchemy 2.0. To prevent incompatible upgrades prior to updating applications, ensure requirements files are pinned to "sqlalchemy<2.0". Set environment variable SQLALCHEMY_WARN_20=1 to show all deprecation warnings.  Set environment variable SQLALCHEMY_SILENCE_UBER_WARNING=1 to silence this message. (Background on SQLAlchemy 2.0 at: https://sqlalche.me/e/b8d9)
  Base: DeclarativeMeta = declarative_base()
Rasa Error: C:\Users\Hagga\AppData\Local\Programs\Python\Python39\lib\site-packages\rasa\shared\utils\validation.py:134: DeprecationWarning: pkg_resources is deprecated as an API. See https://setuptools.pypa.io/en/latest/pkg_resources.html
  import pkg_resources
Rasa Action Error: C:\Users\Hagga\AppData\Local\Programs\Python\Python39\lib\site-packages\rasa\shared\utils\validation.py:134: DeprecationWarning: pkg_resources is deprecated as an API. See https://setuptools.pypa.io/en/latest/pkg_resources.html
  import pkg_resources
Rasa Action Error: C:\Users\Hagga\AppData\Local\Programs\Python\Python39\lib\site-packages\pkg_resources\__init__.py:3149: DeprecationWarning: Deprecated call to `pkg_resources.declare_namespace('mpl_toolkits')`.
Implementing implicit namespace packages (as specified in PEP 420) is preferred to `pkg_resources.declare_namespace`. See https://setuptools.pypa.io/en/latest/references/keywords.html#keyword-namespace-packages
  declare_namespace(pkg)
Rasa Error: C:\Users\Hagga\AppData\Local\Programs\Python\Python39\lib\site-packages\pkg_resources\__init__.py:3149: DeprecationWarning: Deprecated call to `pkg_resources.declare_namespace('mpl_toolkits')`.
Implementing implicit namespace packages (as specified in PEP 420) is preferred to `pkg_resources.declare_namespace`. See https://setuptools.pypa.io/en/latest/references/keywords.html#keyword-namespace-packages
  declare_namespace(pkg)
Rasa Action Error: C:\Users\Hagga\AppData\Local\Programs\Python\Python39\lib\site-packages\pkg_resources\__init__.py:3149: DeprecationWarning: Deprecated call to `pkg_resources.declare_namespace('ruamel')`.
Implementing implicit namespace packages (as specified in PEP 420) is preferred to `pkg_resources.declare_namespace`. See https://setuptools.pypa.io/en/latest/references/keywords.html#keyword-namespace-packages
  declare_namespace(pkg)
Rasa Error: C:\Users\Hagga\AppData\Local\Programs\Python\Python39\lib\site-packages\pkg_resources\__init__.py:3149: DeprecationWarning: Deprecated call to `pkg_resources.declare_namespace('ruamel')`.
Implementing implicit namespace packages (as specified in PEP 420) is preferred to `pkg_resources.declare_namespace`. See https://setuptools.pypa.io/en/latest/references/keywords.html#keyword-namespace-packages
  declare_namespace(pkg)
Rasa Error: C:\Users\Hagga\AppData\Local\Programs\Python\Python39\lib\site-packages\sanic_cors\extension.py:39: DeprecationWarning: distutils Version classes are deprecated. Use packaging.version instead.
  SANIC_VERSION = LooseVersion(sanic_version)
Rasa Action Error: C:\Users\Hagga\AppData\Local\Programs\Python\Python39\lib\site-packages\sanic_cors\extension.py:39: DeprecationWarning: distutils Version classes are deprecated. Use packaging.version instead.
  SANIC_VERSION = LooseVersion(sanic_version)
Rasa Action Error: 2024-12-02 19:09:07 [1;30mINFO    [0m [34mrasa_sdk.endpoint[0m  - Starting action endpoint server...
Rasa Action Error: 2024-12-02 19:09:07 [1;30mINFO    [0m [34mrasa_sdk.executor[0m  - Registered function for 'action_retrieve_rooms'.
Rasa Action Error: 2024-12-02 19:09:07 [1;30mINFO    [0m [34mrasa_sdk.executor[0m  - Registered function for 'action_retrieve_room_details'.
Rasa Action Error: 2024-12-02 19:09:07 [1;30mINFO    [0m [34mrasa_sdk.endpoint[0m  - Starting plugins...
Rasa Action Error: 2024-12-02 19:09:07 [1;30mINFO    [0m [34mrasa_sdk.endpoint[0m  - Action endpoint is up and running on http://0.0.0.0:5055
Rasa Error: C:\Users\Hagga\AppData\Local\Programs\Python\Python39\lib\site-packages\tensorflow\lite\python\util.py:52: DeprecationWarning: jax.xla_computation is deprecated. Please use the AOT APIs.
  from jax import xla_computation as _xla_computation
Rasa Error: 2024-12-02 19:09:14 [1;30mINFO    [0m [34mroot[0m  - Starting Rasa server on http://0.0.0.0:5005
Rasa Error: 2024-12-02 19:09:14 [1;30mINFO    [0m [34mrasa.core.processor[0m  - Loading model D:\Capstone\website\src\app\back-end\Rasa\models\20241027-173808-obvious-cue.tar.gz...
Rasa Error: [93mC:\Users\Hagga\AppData\Local\Programs\Python\Python39\lib\site-packages\rasa\utils\train_utils.py:530: UserWarning: constrain_similarities is set to `False`. It is recommended to set it to `True` when using cross-entropy loss.
  rasa.shared.utils.io.raise_warning(
[0mRasa Error: [93mC:\Users\Hagga\AppData\Local\Programs\Python\Python39\lib\site-packages\rasa\shared\utils\io.py:99: UserWarning: 'evaluate_every_number_of_epochs=20' is greater than 'epochs=1'. No evaluation will occur.
[0mRasa Error: 2024-12-02 19:09:53 [1;30mINFO    [0m [34mroot[0m  - Rasa server is up and running.
Rasa Error: 2024-12-02 19:10:14 [1;30mERROR   [0m [34mrasa.core.processor[0m  - [31mEncountered an exception while running action 'action_retrieve_rooms'.Bot will continue, but the actions events are lost. Please check the logs of your action server for more information.[0m
Traceback (most recent call last):
  File "C:\Users\Hagga\AppData\Local\Programs\Python\Python39\lib\site-packages\rasa\core\processor.py", line 982, in _run_action
    events = await action.run(
  File "C:\Users\Hagga\AppData\Local\Programs\Python\Python39\lib\site-packages\rasa\core\actions\action.py", line 758, in run
    raise RasaException(
rasa.shared.exceptions.RasaException: Failed to execute custom action 'action_retrieve_rooms' because no endpoint is configured to run this custom action. Please take a look at the docs and set an endpoint configuration via the --endpoints flag. https://rasa.com/docs/rasa/custom-actions
Rasa server exited with code 1, signal null
Starting Rasa server with model: D:\Capstone\website\src\app\back-end\Rasa\models\20241027-173808-obvious-cue.tar.gz
Rasa server started successfully with PID: 40188
Rasa Error: C:\Users\Hagga\AppData\Local\Programs\Python\Python39\lib\site-packages\rasa\core\tracker_store.py:1044: MovedIn20Warning: Deprecated API features detected! These feature(s) are not compatible with SQLAlchemy 2.0. To prevent incompatible upgrades prior to updating applications, ensure requirements files are pinned to "sqlalchemy<2.0". Set environment variable SQLALCHEMY_WARN_20=1 to show all deprecation warnings.  Set environment variable SQLALCHEMY_SILENCE_UBER_WARNING=1 to silence this message. (Background on SQLAlchemy 2.0 at: https://sqlalche.me/e/b8d9)
  Base: DeclarativeMeta = declarative_base()
Rasa Action Error: C:\Users\Hagga\AppData\Local\Programs\Python\Python39\lib\site-packages\rasa\core\tracker_store.py:1044: MovedIn20Warning: Deprecated API features detected! These feature(s) are not compatible with SQLAlchemy 2.0. To prevent incompatible upgrades prior to updating applications, ensure requirements files are pinned to "sqlalchemy<2.0". Set environment variable SQLALCHEMY_WARN_20=1 to show all deprecation warnings.  Set environment variable SQLALCHEMY_SILENCE_UBER_WARNING=1 to silence this message. (Background on SQLAlchemy 2.0 at: https://sqlalche.me/e/b8d9)
  Base: DeclarativeMeta = declarative_base()
Rasa Error: C:\Users\Hagga\AppData\Local\Programs\Python\Python39\lib\site-packages\rasa\shared\utils\validation.py:134: DeprecationWarning: pkg_resources is deprecated as an API. See https://setuptools.pypa.io/en/latest/pkg_resources.html
  import pkg_resources
Rasa Action Error: C:\Users\Hagga\AppData\Local\Programs\Python\Python39\lib\site-packages\rasa\shared\utils\validation.py:134: DeprecationWarning: pkg_resources is deprecated as an API. See https://setuptools.pypa.io/en/latest/pkg_resources.html
  import pkg_resources
Rasa Error: C:\Users\Hagga\AppData\Local\Programs\Python\Python39\lib\site-packages\pkg_resources\__init__.py:3149: DeprecationWarning: Deprecated call to `pkg_resources.declare_namespace('mpl_toolkits')`.
Implementing implicit namespace packages (as specified in PEP 420) is preferred to `pkg_resources.declare_namespace`. See https://setuptools.pypa.io/en/latest/references/keywords.html#keyword-namespace-packages
  declare_namespace(pkg)
Rasa Action Error: C:\Users\Hagga\AppData\Local\Programs\Python\Python39\lib\site-packages\pkg_resources\__init__.py:3149: DeprecationWarning: Deprecated call to `pkg_resources.declare_namespace('mpl_toolkits')`.
Implementing implicit namespace packages (as specified in PEP 420) is preferred to `pkg_resources.declare_namespace`. See https://setuptools.pypa.io/en/latest/references/keywords.html#keyword-namespace-packages
  declare_namespace(pkg)
Rasa Error: C:\Users\Hagga\AppData\Local\Programs\Python\Python39\lib\site-packages\pkg_resources\__init__.py:3149: DeprecationWarning: Deprecated call to `pkg_resources.declare_namespace('ruamel')`.
Implementing implicit namespace packages (as specified in PEP 420) is preferred to `pkg_resources.declare_namespace`. See https://setuptools.pypa.io/en/latest/references/keywords.html#keyword-namespace-packages
  declare_namespace(pkg)
Rasa Action Error: C:\Users\Hagga\AppData\Local\Programs\Python\Python39\lib\site-packages\pkg_resources\__init__.py:3149: DeprecationWarning: Deprecated call to `pkg_resources.declare_namespace('ruamel')`.
Implementing implicit namespace packages (as specified in PEP 420) is preferred to `pkg_resources.declare_namespace`. See https://setuptools.pypa.io/en/latest/references/keywords.html#keyword-namespace-packages
  declare_namespace(pkg)
Rasa Error: C:\Users\Hagga\AppData\Local\Programs\Python\Python39\lib\site-packages\sanic_cors\extension.py:39: DeprecationWarning: distutils Version classes are deprecated. Use packaging.version instead.
  SANIC_VERSION = LooseVersion(sanic_version)
Rasa Action Error: C:\Users\Hagga\AppData\Local\Programs\Python\Python39\lib\site-packages\sanic_cors\extension.py:39: DeprecationWarning: distutils Version classes are deprecated. Use packaging.version instead.
  SANIC_VERSION = LooseVersion(sanic_version)
Rasa Action Error: 2024-12-02 19:20:05 [1;30mINFO    [0m [34mrasa_sdk.endpoint[0m  - Starting action endpoint server...
Rasa Action Error: 2024-12-02 19:20:05 [1;30mINFO    [0m [34mrasa_sdk.executor[0m  - Registered function for 'action_retrieve_rooms'.
Rasa Action Error: 2024-12-02 19:20:05 [1;30mINFO    [0m [34mrasa_sdk.executor[0m  - Registered function for 'action_retrieve_room_details'.
Rasa Action Error: 2024-12-02 19:20:05 [1;30mINFO    [0m [34mrasa_sdk.endpoint[0m  - Starting plugins...
Rasa Action Error: 2024-12-02 19:20:05 [1;30mINFO    [0m [34mrasa_sdk.endpoint[0m  - Action endpoint is up and running on http://0.0.0.0:5055
Rasa Error: C:\Users\Hagga\AppData\Local\Programs\Python\Python39\lib\site-packages\tensorflow\lite\python\util.py:52: DeprecationWarning: jax.xla_computation is deprecated. Please use the AOT APIs.
  from jax import xla_computation as _xla_computation
Rasa Error: 2024-12-02 19:20:09 [1;30mINFO    [0m [34mroot[0m  - Starting Rasa server on http://0.0.0.0:5005
Rasa Error: 2024-12-02 19:20:10 [1;30mINFO    [0m [34mrasa.core.processor[0m  - Loading model D:\Capstone\website\src\app\back-end\Rasa\models\20241027-173808-obvious-cue.tar.gz...
Rasa Error: [93mC:\Users\Hagga\AppData\Local\Programs\Python\Python39\lib\site-packages\rasa\utils\train_utils.py:530: UserWarning: constrain_similarities is set to `False`. It is recommended to set it to `True` when using cross-entropy loss.
  rasa.shared.utils.io.raise_warning(
[0mRasa Error: [93mC:\Users\Hagga\AppData\Local\Programs\Python\Python39\lib\site-packages\rasa\shared\utils\io.py:99: UserWarning: 'evaluate_every_number_of_epochs=20' is greater than 'epochs=1'. No evaluation will occur.
[0mRasa Error: 2024-12-02 19:20:48 [1;30mINFO    [0m [34mroot[0m  - Rasa server is up and running.
Rasa Error: 2024-12-02 19:21:00 [1;30mERROR   [0m [34mrasa.core.processor[0m  - [31mEncountered an exception while running action 'action_retrieve_rooms'.Bot will continue, but the actions events are lost. Please check the logs of your action server for more information.[0m
Traceback (most recent call last):
  File "C:\Users\Hagga\AppData\Local\Programs\Python\Python39\lib\site-packages\rasa\core\processor.py", line 982, in _run_action
    events = await action.run(
  File "C:\Users\Hagga\AppData\Local\Programs\Python\Python39\lib\site-packages\rasa\core\actions\action.py", line 758, in run
    raise RasaException(
rasa.shared.exceptions.RasaException: Failed to execute custom action 'action_retrieve_rooms' because no endpoint is configured to run this custom action. Please take a look at the docs and set an endpoint configuration via the --endpoints flag. https://rasa.com/docs/rasa/custom-actions
Rasa Action Error: 2024-12-02 19:26:47 [1;30mERROR   [0m [34mrasa_sdk.endpoint[0m  - [31mException occurred during execution of request <Request: GET /webhook>[0m
Traceback (most recent call last):
  File "C:\Users\Hagga\AppData\Local\Programs\Python\Python39\lib\site-packages\sanic_routing\router.py", line 100, in resolve
    route = route.methods_index[method]
KeyError: 'GET'

During handling of the above exception, another exception occurred:

Traceback (most recent call last):
  File "C:\Users\Hagga\AppData\Local\Programs\Python\Python39\lib\site-packages\sanic\router.py", line 38, in _get
    return self.resolve(
  File "C:\Users\Hagga\AppData\Local\Programs\Python\Python39\lib\site-packages\sanic_routing\router.py", line 102, in resolve
    raise self.method_handler_exception(
sanic_routing.exceptions.NoMethod: Method 'GET' not found on <RouteGroup: path=webhook len=1>

During handling of the above exception, another exception occurred:

Traceback (most recent call last):
  File "handle_request", line 26, in handle_request
    from socket import socket
  File "C:\Users\Hagga\AppData\Local\Programs\Python\Python39\lib\site-packages\sanic\router.py", line 66, in get
    return self._get(path, method, host)
  File "C:\Users\Hagga\AppData\Local\Programs\Python\Python39\lib\site-packages\sanic\router.py", line 46, in _get
    raise MethodNotSupported(
sanic.exceptions.MethodNotSupported: Method GET not allowed for URL /webhook
Rasa Action Error: 2024-12-02 19:26:47 [1;30mERROR   [0m [34mrasa_sdk.endpoint[0m  - [31mException occurred during execution of request <Request: GET /favicon.ico>[0m
Traceback (most recent call last):
  File "C:\Users\Hagga\AppData\Local\Programs\Python\Python39\lib\site-packages\sanic_routing\router.py", line 79, in resolve
    route, param_basket = self.find_route(
  File "", line 9, in find_route
sanic_routing.exceptions.NotFound: Not Found

During handling of the above exception, another exception occurred:

Traceback (most recent call last):
  File "C:\Users\Hagga\AppData\Local\Programs\Python\Python39\lib\site-packages\sanic\router.py", line 38, in _get
    return self.resolve(
  File "C:\Users\Hagga\AppData\Local\Programs\Python\Python39\lib\site-packages\sanic_routing\router.py", line 96, in resolve
    raise self.exception(str(e), path=path)
sanic_routing.exceptions.NotFound: Not Found

During handling of the above exception, another exception occurred:

Traceback (most recent call last):
  File "handle_request", line 26, in handle_request
    from socket import socket
  File "C:\Users\Hagga\AppData\Local\Programs\Python\Python39\lib\site-packages\sanic\router.py", line 66, in get
    return self._get(path, method, host)
  File "C:\Users\Hagga\AppData\Local\Programs\Python\Python39\lib\site-packages\sanic\router.py", line 44, in _get
    raise NotFound("Requested URL {} not found".format(e.path))
sanic.exceptions.NotFound: Requested URL /favicon.ico not found
Rasa Error: 2024-12-02 19:36:43 [1;30mERROR   [0m [34mrasa.core.processor[0m  - [31mEncountered an exception while running action 'action_retrieve_rooms'.Bot will continue, but the actions events are lost. Please check the logs of your action server for more information.[0m
Traceback (most recent call last):
  File "C:\Users\Hagga\AppData\Local\Programs\Python\Python39\lib\site-packages\rasa\core\processor.py", line 982, in _run_action
    events = await action.run(
  File "C:\Users\Hagga\AppData\Local\Programs\Python\Python39\lib\site-packages\rasa\core\actions\action.py", line 758, in run
    raise RasaException(
rasa.shared.exceptions.RasaException: Failed to execute custom action 'action_retrieve_rooms' because no endpoint is configured to run this custom action. Please take a look at the docs and set an endpoint configuration via the --endpoints flag. https://rasa.com/docs/rasa/custom-actions
Starting Rasa server with model: D:\Capstone\website\src\app\back-end\Rasa\models\20241027-173808-obvious-cue.tar.gz
Rasa server started successfully with PID: 38644
Rasa Error: C:\Users\Hagga\AppData\Local\Programs\Python\Python39\lib\site-packages\rasa\core\tracker_store.py:1044: MovedIn20Warning: Deprecated API features detected! These feature(s) are not compatible with SQLAlchemy 2.0. To prevent incompatible upgrades prior to updating applications, ensure requirements files are pinned to "sqlalchemy<2.0". Set environment variable SQLALCHEMY_WARN_20=1 to show all deprecation warnings.  Set environment variable SQLALCHEMY_SILENCE_UBER_WARNING=1 to silence this message. (Background on SQLAlchemy 2.0 at: https://sqlalche.me/e/b8d9)
  Base: DeclarativeMeta = declarative_base()
Rasa Action Error: C:\Users\Hagga\AppData\Local\Programs\Python\Python39\lib\site-packages\rasa\core\tracker_store.py:1044: MovedIn20Warning: Deprecated API features detected! These feature(s) are not compatible with SQLAlchemy 2.0. To prevent incompatible upgrades prior to updating applications, ensure requirements files are pinned to "sqlalchemy<2.0". Set environment variable SQLALCHEMY_WARN_20=1 to show all deprecation warnings.  Set environment variable SQLALCHEMY_SILENCE_UBER_WARNING=1 to silence this message. (Background on SQLAlchemy 2.0 at: https://sqlalche.me/e/b8d9)
  Base: DeclarativeMeta = declarative_base()
Rasa Action Error: C:\Users\Hagga\AppData\Local\Programs\Python\Python39\lib\site-packages\rasa\shared\utils\validation.py:134: DeprecationWarning: pkg_resources is deprecated as an API. See https://setuptools.pypa.io/en/latest/pkg_resources.html
  import pkg_resources
Rasa Error: C:\Users\Hagga\AppData\Local\Programs\Python\Python39\lib\site-packages\rasa\shared\utils\validation.py:134: DeprecationWarning: pkg_resources is deprecated as an API. See https://setuptools.pypa.io/en/latest/pkg_resources.html
  import pkg_resources
Rasa Action Error: C:\Users\Hagga\AppData\Local\Programs\Python\Python39\lib\site-packages\pkg_resources\__init__.py:3149: DeprecationWarning: Deprecated call to `pkg_resources.declare_namespace('mpl_toolkits')`.
Implementing implicit namespace packages (as specified in PEP 420) is preferred to `pkg_resources.declare_namespace`. See https://setuptools.pypa.io/en/latest/references/keywords.html#keyword-namespace-packages
  declare_namespace(pkg)
Rasa Error: C:\Users\Hagga\AppData\Local\Programs\Python\Python39\lib\site-packages\pkg_resources\__init__.py:3149: DeprecationWarning: Deprecated call to `pkg_resources.declare_namespace('mpl_toolkits')`.
Implementing implicit namespace packages (as specified in PEP 420) is preferred to `pkg_resources.declare_namespace`. See https://setuptools.pypa.io/en/latest/references/keywords.html#keyword-namespace-packages
  declare_namespace(pkg)
Rasa Action Error: C:\Users\Hagga\AppData\Local\Programs\Python\Python39\lib\site-packages\pkg_resources\__init__.py:3149: DeprecationWarning: Deprecated call to `pkg_resources.declare_namespace('ruamel')`.
Implementing implicit namespace packages (as specified in PEP 420) is preferred to `pkg_resources.declare_namespace`. See https://setuptools.pypa.io/en/latest/references/keywords.html#keyword-namespace-packages
  declare_namespace(pkg)
Rasa Error: C:\Users\Hagga\AppData\Local\Programs\Python\Python39\lib\site-packages\pkg_resources\__init__.py:3149: DeprecationWarning: Deprecated call to `pkg_resources.declare_namespace('ruamel')`.
Implementing implicit namespace packages (as specified in PEP 420) is preferred to `pkg_resources.declare_namespace`. See https://setuptools.pypa.io/en/latest/references/keywords.html#keyword-namespace-packages
  declare_namespace(pkg)
Rasa Action Error: C:\Users\Hagga\AppData\Local\Programs\Python\Python39\lib\site-packages\sanic_cors\extension.py:39: DeprecationWarning: distutils Version classes are deprecated. Use packaging.version instead.
  SANIC_VERSION = LooseVersion(sanic_version)
Rasa Error: C:\Users\Hagga\AppData\Local\Programs\Python\Python39\lib\site-packages\sanic_cors\extension.py:39: DeprecationWarning: distutils Version classes are deprecated. Use packaging.version instead.
  SANIC_VERSION = LooseVersion(sanic_version)
Rasa Action Error: 2024-12-02 19:38:36 [1;30mINFO    [0m [34mrasa_sdk.endpoint[0m  - Starting action endpoint server...
Rasa Action Error: 2024-12-02 19:38:36 [1;30mINFO    [0m [34mrasa_sdk.executor[0m  - Registered function for 'action_retrieve_rooms'.
Rasa Action Error: 2024-12-02 19:38:36 [1;30mINFO    [0m [34mrasa_sdk.executor[0m  - Registered function for 'action_retrieve_room_details'.
Rasa Action Error: 2024-12-02 19:38:36 [1;30mINFO    [0m [34mrasa_sdk.endpoint[0m  - Starting plugins...
Rasa Action Error: 2024-12-02 19:38:36 [1;30mINFO    [0m [34mrasa_sdk.endpoint[0m  - Action endpoint is up and running on http://0.0.0.0:5055
Rasa Error: C:\Users\Hagga\AppData\Local\Programs\Python\Python39\lib\site-packages\tensorflow\lite\python\util.py:52: DeprecationWarning: jax.xla_computation is deprecated. Please use the AOT APIs.
  from jax import xla_computation as _xla_computation
Rasa Error: 2024-12-02 19:38:42 [1;30mINFO    [0m [34mroot[0m  - Starting Rasa server on http://0.0.0.0:5005
Rasa Error: 2024-12-02 19:38:43 [1;30mINFO    [0m [34mrasa.core.processor[0m  - Loading model D:\Capstone\website\src\app\back-end\Rasa\models\20241027-173808-obvious-cue.tar.gz...
Rasa Error: [93mC:\Users\Hagga\AppData\Local\Programs\Python\Python39\lib\site-packages\rasa\utils\train_utils.py:530: UserWarning: constrain_similarities is set to `False`. It is recommended to set it to `True` when using cross-entropy loss.
  rasa.shared.utils.io.raise_warning(
[0mRasa Error: [93mC:\Users\Hagga\AppData\Local\Programs\Python\Python39\lib\site-packages\rasa\shared\utils\io.py:99: UserWarning: 'evaluate_every_number_of_epochs=20' is greater than 'epochs=1'. No evaluation will occur.
[0mRasa Error: 2024-12-02 19:39:20 [1;30mINFO    [0m [34mroot[0m  - Rasa server is up and running.
Rasa Action Error: 2024-12-02 19:39:41 [1;30mERROR   [0m [34mrasa_sdk.endpoint[0m  - [31mException occurred during execution of request <Request: GET /webhook>[0m
Traceback (most recent call last):
  File "C:\Users\Hagga\AppData\Local\Programs\Python\Python39\lib\site-packages\sanic_routing\router.py", line 100, in resolve
    route = route.methods_index[method]
KeyError: 'GET'

During handling of the above exception, another exception occurred:

Traceback (most recent call last):
  File "C:\Users\Hagga\AppData\Local\Programs\Python\Python39\lib\site-packages\sanic\router.py", line 38, in _get
    return self.resolve(
  File "C:\Users\Hagga\AppData\Local\Programs\Python\Python39\lib\site-packages\sanic_routing\router.py", line 102, in resolve
    raise self.method_handler_exception(
sanic_routing.exceptions.NoMethod: Method 'GET' not found on <RouteGroup: path=webhook len=1>

During handling of the above exception, another exception occurred:

Traceback (most recent call last):
  File "handle_request", line 26, in handle_request
    from socket import socket
  File "C:\Users\Hagga\AppData\Local\Programs\Python\Python39\lib\site-packages\sanic\router.py", line 66, in get
    return self._get(path, method, host)
  File "C:\Users\Hagga\AppData\Local\Programs\Python\Python39\lib\site-packages\sanic\router.py", line 46, in _get
    raise MethodNotSupported(
sanic.exceptions.MethodNotSupported: Method GET not allowed for URL /webhook
Rasa Action Error: 2024-12-02 19:39:41 [1;30mERROR   [0m [34mrasa_sdk.endpoint[0m  - [31mException occurred during execution of request <Request: GET /favicon.ico>[0m
Traceback (most recent call last):
  File "C:\Users\Hagga\AppData\Local\Programs\Python\Python39\lib\site-packages\sanic_routing\router.py", line 79, in resolve
    route, param_basket = self.find_route(
  File "", line 9, in find_route
sanic_routing.exceptions.NotFound: Not Found

During handling of the above exception, another exception occurred:

Traceback (most recent call last):
  File "C:\Users\Hagga\AppData\Local\Programs\Python\Python39\lib\site-packages\sanic\router.py", line 38, in _get
    return self.resolve(
  File "C:\Users\Hagga\AppData\Local\Programs\Python\Python39\lib\site-packages\sanic_routing\router.py", line 96, in resolve
    raise self.exception(str(e), path=path)
sanic_routing.exceptions.NotFound: Not Found

During handling of the above exception, another exception occurred:

Traceback (most recent call last):
  File "handle_request", line 26, in handle_request
    from socket import socket
  File "C:\Users\Hagga\AppData\Local\Programs\Python\Python39\lib\site-packages\sanic\router.py", line 66, in get
    return self._get(path, method, host)
  File "C:\Users\Hagga\AppData\Local\Programs\Python\Python39\lib\site-packages\sanic\router.py", line 44, in _get
    raise NotFound("Requested URL {} not found".format(e.path))
sanic.exceptions.NotFound: Requested URL /favicon.ico not found
Rasa Error: 2024-12-02 19:41:46 [1;30mERROR   [0m [34mrasa.core.processor[0m  - [31mEncountered an exception while running action 'action_retrieve_rooms'.Bot will continue, but the actions events are lost. Please check the logs of your action server for more information.[0m
Traceback (most recent call last):
  File "C:\Users\Hagga\AppData\Local\Programs\Python\Python39\lib\site-packages\rasa\core\processor.py", line 982, in _run_action
    events = await action.run(
  File "C:\Users\Hagga\AppData\Local\Programs\Python\Python39\lib\site-packages\rasa\core\actions\action.py", line 758, in run
    raise RasaException(
rasa.shared.exceptions.RasaException: Failed to execute custom action 'action_retrieve_rooms' because no endpoint is configured to run this custom action. Please take a look at the docs and set an endpoint configuration via the --endpoints flag. https://rasa.com/docs/rasa/custom-actions
Rasa Action Error: 2024-12-02 19:43:00 [1;30mERROR   [0m [34mrasa_sdk.endpoint[0m  - [31mException occurred during execution of request <Request: GET /webhook>[0m
Traceback (most recent call last):
  File "C:\Users\Hagga\AppData\Local\Programs\Python\Python39\lib\site-packages\sanic_routing\router.py", line 100, in resolve
    route = route.methods_index[method]
KeyError: 'GET'

During handling of the above exception, another exception occurred:

Traceback (most recent call last):
  File "C:\Users\Hagga\AppData\Local\Programs\Python\Python39\lib\site-packages\sanic\router.py", line 38, in _get
    return self.resolve(
  File "C:\Users\Hagga\AppData\Local\Programs\Python\Python39\lib\site-packages\sanic_routing\router.py", line 102, in resolve
    raise self.method_handler_exception(
sanic_routing.exceptions.NoMethod: Method 'GET' not found on <RouteGroup: path=webhook len=1>

During handling of the above exception, another exception occurred:

Traceback (most recent call last):
  File "handle_request", line 26, in handle_request
    from socket import socket
  File "C:\Users\Hagga\AppData\Local\Programs\Python\Python39\lib\site-packages\sanic\router.py", line 66, in get
    return self._get(path, method, host)
  File "C:\Users\Hagga\AppData\Local\Programs\Python\Python39\lib\site-packages\sanic\router.py", line 46, in _get
    raise MethodNotSupported(
sanic.exceptions.MethodNotSupported: Method GET not allowed for URL /webhook
Rasa Action Error: 2024-12-02 19:43:00 [1;30mERROR   [0m [34mrasa_sdk.endpoint[0m  - [31mException occurred during execution of request <Request: GET /favicon.ico>[0m
Traceback (most recent call last):
  File "C:\Users\Hagga\AppData\Local\Programs\Python\Python39\lib\site-packages\sanic_routing\router.py", line 79, in resolve
    route, param_basket = self.find_route(
  File "", line 9, in find_route
sanic_routing.exceptions.NotFound: Not Found

During handling of the above exception, another exception occurred:

Traceback (most recent call last):
  File "C:\Users\Hagga\AppData\Local\Programs\Python\Python39\lib\site-packages\sanic\router.py", line 38, in _get
    return self.resolve(
  File "C:\Users\Hagga\AppData\Local\Programs\Python\Python39\lib\site-packages\sanic_routing\router.py", line 96, in resolve
    raise self.exception(str(e), path=path)
sanic_routing.exceptions.NotFound: Not Found

During handling of the above exception, another exception occurred:

Traceback (most recent call last):
  File "handle_request", line 26, in handle_request
    from socket import socket
  File "C:\Users\Hagga\AppData\Local\Programs\Python\Python39\lib\site-packages\sanic\router.py", line 66, in get
    return self._get(path, method, host)
  File "C:\Users\Hagga\AppData\Local\Programs\Python\Python39\lib\site-packages\sanic\router.py", line 44, in _get
    raise NotFound("Requested URL {} not found".format(e.path))
sanic.exceptions.NotFound: Requested URL /favicon.ico not found
Rasa Error: 2024-12-02 19:50:43 [1;30mERROR   [0m [34mrasa.core.processor[0m  - [31mEncountered an exception while running action 'action_retrieve_rooms'.Bot will continue, but the actions events are lost. Please check the logs of your action server for more information.[0m
Traceback (most recent call last):
  File "C:\Users\Hagga\AppData\Local\Programs\Python\Python39\lib\site-packages\rasa\core\processor.py", line 982, in _run_action
    events = await action.run(
  File "C:\Users\Hagga\AppData\Local\Programs\Python\Python39\lib\site-packages\rasa\core\actions\action.py", line 758, in run
    raise RasaException(
rasa.shared.exceptions.RasaException: Failed to execute custom action 'action_retrieve_rooms' because no endpoint is configured to run this custom action. Please take a look at the docs and set an endpoint configuration via the --endpoints flag. https://rasa.com/docs/rasa/custom-actions
Starting Rasa server with model: D:\Capstone\website\src\app\back-end\Rasa\models\20241027-173808-obvious-cue.tar.gz
Rasa server started successfully with PID: 31720
Rasa Error: C:\Users\Hagga\AppData\Local\Programs\Python\Python39\lib\site-packages\rasa\core\tracker_store.py:1044: MovedIn20Warning: Deprecated API features detected! These feature(s) are not compatible with SQLAlchemy 2.0. To prevent incompatible upgrades prior to updating applications, ensure requirements files are pinned to "sqlalchemy<2.0". Set environment variable SQLALCHEMY_WARN_20=1 to show all deprecation warnings.  Set environment variable SQLALCHEMY_SILENCE_UBER_WARNING=1 to silence this message. (Background on SQLAlchemy 2.0 at: https://sqlalche.me/e/b8d9)
  Base: DeclarativeMeta = declarative_base()
Rasa Action Error: C:\Users\Hagga\AppData\Local\Programs\Python\Python39\lib\site-packages\rasa\core\tracker_store.py:1044: MovedIn20Warning: Deprecated API features detected! These feature(s) are not compatible with SQLAlchemy 2.0. To prevent incompatible upgrades prior to updating applications, ensure requirements files are pinned to "sqlalchemy<2.0". Set environment variable SQLALCHEMY_WARN_20=1 to show all deprecation warnings.  Set environment variable SQLALCHEMY_SILENCE_UBER_WARNING=1 to silence this message. (Background on SQLAlchemy 2.0 at: https://sqlalche.me/e/b8d9)
  Base: DeclarativeMeta = declarative_base()
Rasa Action Error: C:\Users\Hagga\AppData\Local\Programs\Python\Python39\lib\site-packages\rasa\shared\utils\validation.py:134: DeprecationWarning: pkg_resources is deprecated as an API. See https://setuptools.pypa.io/en/latest/pkg_resources.html
  import pkg_resources
Rasa Error: C:\Users\Hagga\AppData\Local\Programs\Python\Python39\lib\site-packages\rasa\shared\utils\validation.py:134: DeprecationWarning: pkg_resources is deprecated as an API. See https://setuptools.pypa.io/en/latest/pkg_resources.html
  import pkg_resources
Rasa Action Error: C:\Users\Hagga\AppData\Local\Programs\Python\Python39\lib\site-packages\pkg_resources\__init__.py:3149: DeprecationWarning: Deprecated call to `pkg_resources.declare_namespace('mpl_toolkits')`.
Implementing implicit namespace packages (as specified in PEP 420) is preferred to `pkg_resources.declare_namespace`. See https://setuptools.pypa.io/en/latest/references/keywords.html#keyword-namespace-packages
  declare_namespace(pkg)
Rasa Error: C:\Users\Hagga\AppData\Local\Programs\Python\Python39\lib\site-packages\pkg_resources\__init__.py:3149: DeprecationWarning: Deprecated call to `pkg_resources.declare_namespace('mpl_toolkits')`.
Implementing implicit namespace packages (as specified in PEP 420) is preferred to `pkg_resources.declare_namespace`. See https://setuptools.pypa.io/en/latest/references/keywords.html#keyword-namespace-packages
  declare_namespace(pkg)
Rasa Action Error: C:\Users\Hagga\AppData\Local\Programs\Python\Python39\lib\site-packages\pkg_resources\__init__.py:3149: DeprecationWarning: Deprecated call to `pkg_resources.declare_namespace('ruamel')`.
Implementing implicit namespace packages (as specified in PEP 420) is preferred to `pkg_resources.declare_namespace`. See https://setuptools.pypa.io/en/latest/references/keywords.html#keyword-namespace-packages
  declare_namespace(pkg)
Rasa Error: C:\Users\Hagga\AppData\Local\Programs\Python\Python39\lib\site-packages\pkg_resources\__init__.py:3149: DeprecationWarning: Deprecated call to `pkg_resources.declare_namespace('ruamel')`.
Implementing implicit namespace packages (as specified in PEP 420) is preferred to `pkg_resources.declare_namespace`. See https://setuptools.pypa.io/en/latest/references/keywords.html#keyword-namespace-packages
  declare_namespace(pkg)
Rasa Action Error: C:\Users\Hagga\AppData\Local\Programs\Python\Python39\lib\site-packages\sanic_cors\extension.py:39: DeprecationWarning: distutils Version classes are deprecated. Use packaging.version instead.
  SANIC_VERSION = LooseVersion(sanic_version)
Rasa Error: C:\Users\Hagga\AppData\Local\Programs\Python\Python39\lib\site-packages\sanic_cors\extension.py:39: DeprecationWarning: distutils Version classes are deprecated. Use packaging.version instead.
  SANIC_VERSION = LooseVersion(sanic_version)
Rasa Action Error: 2024-12-02 20:15:56 [1;30mINFO    [0m [34mrasa_sdk.endpoint[0m  - Starting action endpoint server...
Rasa Action Error: 2024-12-02 20:15:56 [1;30mINFO    [0m [34mrasa_sdk.executor[0m  - Registered function for 'action_retrieve_rooms'.
Rasa Action Error: 2024-12-02 20:15:56 [1;30mINFO    [0m [34mrasa_sdk.executor[0m  - Registered function for 'action_retrieve_room_details'.
Rasa Action Error: 2024-12-02 20:15:56 [1;30mINFO    [0m [34mrasa_sdk.endpoint[0m  - Starting plugins...
Rasa Action Error: 2024-12-02 20:15:56 [1;30mINFO    [0m [34mrasa_sdk.endpoint[0m  - Action endpoint is up and running on http://0.0.0.0:5055
Rasa Error: C:\Users\Hagga\AppData\Local\Programs\Python\Python39\lib\site-packages\tensorflow\lite\python\util.py:52: DeprecationWarning: jax.xla_computation is deprecated. Please use the AOT APIs.
  from jax import xla_computation as _xla_computation
Rasa Error: 2024-12-02 20:16:04 [1;30mINFO    [0m [34mroot[0m  - Starting Rasa server on http://0.0.0.0:5005
Rasa Error: 2024-12-02 20:16:04 [1;30mINFO    [0m [34mrasa.core.processor[0m  - Loading model D:\Capstone\website\src\app\back-end\Rasa\models\20241027-173808-obvious-cue.tar.gz...
Rasa Error: [93mC:\Users\Hagga\AppData\Local\Programs\Python\Python39\lib\site-packages\rasa\utils\train_utils.py:530: UserWarning: constrain_similarities is set to `False`. It is recommended to set it to `True` when using cross-entropy loss.
  rasa.shared.utils.io.raise_warning(
[0mRasa Error: [93mC:\Users\Hagga\AppData\Local\Programs\Python\Python39\lib\site-packages\rasa\shared\utils\io.py:99: UserWarning: 'evaluate_every_number_of_epochs=20' is greater than 'epochs=1'. No evaluation will occur.
[0mRasa Error: 2024-12-02 20:16:47 [1;30mINFO    [0m [34mroot[0m  - Rasa server is up and running.
Rasa Error: 2024-12-02 20:22:06 [1;30mERROR   [0m [34mrasa.core.processor[0m  - [31mEncountered an exception while running action 'action_retrieve_rooms'.Bot will continue, but the actions events are lost. Please check the logs of your action server for more information.[0m
Traceback (most recent call last):
  File "C:\Users\Hagga\AppData\Local\Programs\Python\Python39\lib\site-packages\rasa\core\processor.py", line 982, in _run_action
    events = await action.run(
  File "C:\Users\Hagga\AppData\Local\Programs\Python\Python39\lib\site-packages\rasa\core\actions\action.py", line 758, in run
    raise RasaException(
rasa.shared.exceptions.RasaException: Failed to execute custom action 'action_retrieve_rooms' because no endpoint is configured to run this custom action. Please take a look at the docs and set an endpoint configuration via the --endpoints flag. https://rasa.com/docs/rasa/custom-actions
Rasa Error: 2024-12-02 20:30:50 [1;30mERROR   [0m [34mrasa.core.processor[0m  - [31mEncountered an exception while running action 'action_retrieve_rooms'.Bot will continue, but the actions events are lost. Please check the logs of your action server for more information.[0m
Traceback (most recent call last):
  File "C:\Users\Hagga\AppData\Local\Programs\Python\Python39\lib\site-packages\rasa\core\processor.py", line 982, in _run_action
    events = await action.run(
  File "C:\Users\Hagga\AppData\Local\Programs\Python\Python39\lib\site-packages\rasa\core\actions\action.py", line 758, in run
    raise RasaException(
rasa.shared.exceptions.RasaException: Failed to execute custom action 'action_retrieve_rooms' because no endpoint is configured to run this custom action. Please take a look at the docs and set an endpoint configuration via the --endpoints flag. https://rasa.com/docs/rasa/custom-actions
Rasa Error: 2024-12-02 20:31:01 [1;30mERROR   [0m [34mrasa.core.processor[0m  - [31mEncountered an exception while running action 'action_retrieve_rooms'.Bot will continue, but the actions events are lost. Please check the logs of your action server for more information.[0m
Traceback (most recent call last):
  File "C:\Users\Hagga\AppData\Local\Programs\Python\Python39\lib\site-packages\rasa\core\processor.py", line 982, in _run_action
    events = await action.run(
  File "C:\Users\Hagga\AppData\Local\Programs\Python\Python39\lib\site-packages\rasa\core\actions\action.py", line 758, in run
    raise RasaException(
rasa.shared.exceptions.RasaException: Failed to execute custom action 'action_retrieve_rooms' because no endpoint is configured to run this custom action. Please take a look at the docs and set an endpoint configuration via the --endpoints flag. https://rasa.com/docs/rasa/custom-actions
Rasa Error: 2024-12-02 20:31:24 [1;30mERROR   [0m [34mrasa.core.processor[0m  - [31mEncountered an exception while running action 'action_retrieve_rooms'.Bot will continue, but the actions events are lost. Please check the logs of your action server for more information.[0m
Traceback (most recent call last):
  File "C:\Users\Hagga\AppData\Local\Programs\Python\Python39\lib\site-packages\rasa\core\processor.py", line 982, in _run_action
    events = await action.run(
  File "C:\Users\Hagga\AppData\Local\Programs\Python\Python39\lib\site-packages\rasa\core\actions\action.py", line 758, in run
    raise RasaException(
rasa.shared.exceptions.RasaException: Failed to execute custom action 'action_retrieve_rooms' because no endpoint is configured to run this custom action. Please take a look at the docs and set an endpoint configuration via the --endpoints flag. https://rasa.com/docs/rasa/custom-actions
Starting Rasa server with model: D:\Capstone\website\src\app\back-end\Rasa\models\20241027-173808-obvious-cue.tar.gz
Rasa server started successfully with PID: 20116
Rasa Action Error: C:\Users\Hagga\AppData\Local\Programs\Python\Python39\lib\site-packages\rasa\core\tracker_store.py:1044: MovedIn20Warning: Deprecated API features detected! These feature(s) are not compatible with SQLAlchemy 2.0. To prevent incompatible upgrades prior to updating applications, ensure requirements files are pinned to "sqlalchemy<2.0". Set environment variable SQLALCHEMY_WARN_20=1 to show all deprecation warnings.  Set environment variable SQLALCHEMY_SILENCE_UBER_WARNING=1 to silence this message. (Background on SQLAlchemy 2.0 at: https://sqlalche.me/e/b8d9)
  Base: DeclarativeMeta = declarative_base()
Rasa Error: C:\Users\Hagga\AppData\Local\Programs\Python\Python39\lib\site-packages\rasa\core\tracker_store.py:1044: MovedIn20Warning: Deprecated API features detected! These feature(s) are not compatible with SQLAlchemy 2.0. To prevent incompatible upgrades prior to updating applications, ensure requirements files are pinned to "sqlalchemy<2.0". Set environment variable SQLALCHEMY_WARN_20=1 to show all deprecation warnings.  Set environment variable SQLALCHEMY_SILENCE_UBER_WARNING=1 to silence this message. (Background on SQLAlchemy 2.0 at: https://sqlalche.me/e/b8d9)
  Base: DeclarativeMeta = declarative_base()
Rasa Action Error: usage: rasa [-h] [--version]
            {init,run,shell,train,interactive,telemetry,test,visualize,data,export,x,evaluate}
            ...
Rasa Action Error: rasa: error: unrecognized arguments: --endpoints D:\Capstone\website\rasa_scripts\endpoints.yml
Rasa Error: C:\Users\Hagga\AppData\Local\Programs\Python\Python39\lib\site-packages\rasa\shared\utils\validation.py:134: DeprecationWarning: pkg_resources is deprecated as an API. See https://setuptools.pypa.io/en/latest/pkg_resources.html
  import pkg_resources
Rasa Error: C:\Users\Hagga\AppData\Local\Programs\Python\Python39\lib\site-packages\pkg_resources\__init__.py:3149: DeprecationWarning: Deprecated call to `pkg_resources.declare_namespace('mpl_toolkits')`.
Implementing implicit namespace packages (as specified in PEP 420) is preferred to `pkg_resources.declare_namespace`. See https://setuptools.pypa.io/en/latest/references/keywords.html#keyword-namespace-packages
  declare_namespace(pkg)
Rasa Error: C:\Users\Hagga\AppData\Local\Programs\Python\Python39\lib\site-packages\pkg_resources\__init__.py:3149: DeprecationWarning: Deprecated call to `pkg_resources.declare_namespace('ruamel')`.
Implementing implicit namespace packages (as specified in PEP 420) is preferred to `pkg_resources.declare_namespace`. See https://setuptools.pypa.io/en/latest/references/keywords.html#keyword-namespace-packages
  declare_namespace(pkg)
Rasa Error: C:\Users\Hagga\AppData\Local\Programs\Python\Python39\lib\site-packages\sanic_cors\extension.py:39: DeprecationWarning: distutils Version classes are deprecated. Use packaging.version instead.
  SANIC_VERSION = LooseVersion(sanic_version)
Rasa Error: C:\Users\Hagga\AppData\Local\Programs\Python\Python39\lib\site-packages\tensorflow\lite\python\util.py:52: DeprecationWarning: jax.xla_computation is deprecated. Please use the AOT APIs.
  from jax import xla_computation as _xla_computation
Rasa Error: 2024-12-02 20:42:07 [1;30mINFO    [0m [34mroot[0m  - Starting Rasa server on http://0.0.0.0:5005
Rasa Error: 2024-12-02 20:42:08 [1;30mINFO    [0m [34mrasa.core.processor[0m  - Loading model D:\Capstone\website\src\app\back-end\Rasa\models\20241027-173808-obvious-cue.tar.gz...
Rasa Error: [93mC:\Users\Hagga\AppData\Local\Programs\Python\Python39\lib\site-packages\rasa\utils\train_utils.py:530: UserWarning: constrain_similarities is set to `False`. It is recommended to set it to `True` when using cross-entropy loss.
  rasa.shared.utils.io.raise_warning(
[0mRasa Error: [93mC:\Users\Hagga\AppData\Local\Programs\Python\Python39\lib\site-packages\rasa\shared\utils\io.py:99: UserWarning: 'evaluate_every_number_of_epochs=20' is greater than 'epochs=1'. No evaluation will occur.
[0mRasa Error: 2024-12-02 20:42:51 [1;30mINFO    [0m [34mroot[0m  - Rasa server is up and running.
Starting Rasa server with model: D:\Capstone\website\src\app\back-end\Rasa\models\20241027-173808-obvious-cue.tar.gz
Rasa server started successfully with PID: 39004
Rasa Error: C:\Users\Hagga\AppData\Local\Programs\Python\Python39\lib\site-packages\rasa\core\tracker_store.py:1044: MovedIn20Warning: Deprecated API features detected! These feature(s) are not compatible with SQLAlchemy 2.0. To prevent incompatible upgrades prior to updating applications, ensure requirements files are pinned to "sqlalchemy<2.0". Set environment variable SQLALCHEMY_WARN_20=1 to show all deprecation warnings.  Set environment variable SQLALCHEMY_SILENCE_UBER_WARNING=1 to silence this message. (Background on SQLAlchemy 2.0 at: https://sqlalche.me/e/b8d9)
  Base: DeclarativeMeta = declarative_base()
Rasa Action Error: C:\Users\Hagga\AppData\Local\Programs\Python\Python39\lib\site-packages\rasa\core\tracker_store.py:1044: MovedIn20Warning: Deprecated API features detected! These feature(s) are not compatible with SQLAlchemy 2.0. To prevent incompatible upgrades prior to updating applications, ensure requirements files are pinned to "sqlalchemy<2.0". Set environment variable SQLALCHEMY_WARN_20=1 to show all deprecation warnings.  Set environment variable SQLALCHEMY_SILENCE_UBER_WARNING=1 to silence this message. (Background on SQLAlchemy 2.0 at: https://sqlalche.me/e/b8d9)
  Base: DeclarativeMeta = declarative_base()
Rasa Error: C:\Users\Hagga\AppData\Local\Programs\Python\Python39\lib\site-packages\rasa\shared\utils\validation.py:134: DeprecationWarning: pkg_resources is deprecated as an API. See https://setuptools.pypa.io/en/latest/pkg_resources.html
  import pkg_resources
Rasa Action Error: C:\Users\Hagga\AppData\Local\Programs\Python\Python39\lib\site-packages\rasa\shared\utils\validation.py:134: DeprecationWarning: pkg_resources is deprecated as an API. See https://setuptools.pypa.io/en/latest/pkg_resources.html
  import pkg_resources
Rasa Error: C:\Users\Hagga\AppData\Local\Programs\Python\Python39\lib\site-packages\pkg_resources\__init__.py:3149: DeprecationWarning: Deprecated call to `pkg_resources.declare_namespace('mpl_toolkits')`.
Implementing implicit namespace packages (as specified in PEP 420) is preferred to `pkg_resources.declare_namespace`. See https://setuptools.pypa.io/en/latest/references/keywords.html#keyword-namespace-packages
  declare_namespace(pkg)
Rasa Action Error: C:\Users\Hagga\AppData\Local\Programs\Python\Python39\lib\site-packages\pkg_resources\__init__.py:3149: DeprecationWarning: Deprecated call to `pkg_resources.declare_namespace('mpl_toolkits')`.
Implementing implicit namespace packages (as specified in PEP 420) is preferred to `pkg_resources.declare_namespace`. See https://setuptools.pypa.io/en/latest/references/keywords.html#keyword-namespace-packages
  declare_namespace(pkg)
Rasa Error: C:\Users\Hagga\AppData\Local\Programs\Python\Python39\lib\site-packages\pkg_resources\__init__.py:3149: DeprecationWarning: Deprecated call to `pkg_resources.declare_namespace('ruamel')`.
Implementing implicit namespace packages (as specified in PEP 420) is preferred to `pkg_resources.declare_namespace`. See https://setuptools.pypa.io/en/latest/references/keywords.html#keyword-namespace-packages
  declare_namespace(pkg)
Rasa Action Error: C:\Users\Hagga\AppData\Local\Programs\Python\Python39\lib\site-packages\pkg_resources\__init__.py:3149: DeprecationWarning: Deprecated call to `pkg_resources.declare_namespace('ruamel')`.
Implementing implicit namespace packages (as specified in PEP 420) is preferred to `pkg_resources.declare_namespace`. See https://setuptools.pypa.io/en/latest/references/keywords.html#keyword-namespace-packages
  declare_namespace(pkg)
Rasa Error: C:\Users\Hagga\AppData\Local\Programs\Python\Python39\lib\site-packages\sanic_cors\extension.py:39: DeprecationWarning: distutils Version classes are deprecated. Use packaging.version instead.
  SANIC_VERSION = LooseVersion(sanic_version)
Rasa Action Error: C:\Users\Hagga\AppData\Local\Programs\Python\Python39\lib\site-packages\sanic_cors\extension.py:39: DeprecationWarning: distutils Version classes are deprecated. Use packaging.version instead.
  SANIC_VERSION = LooseVersion(sanic_version)
Rasa Action Error: 2024-12-02 20:44:29 [1;30mINFO    [0m [34mrasa_sdk.endpoint[0m  - Starting action endpoint server...
Rasa Action Error: 2024-12-02 20:44:29 [1;30mINFO    [0m [34mrasa_sdk.executor[0m  - Registered function for 'action_retrieve_rooms'.
Rasa Action Error: 2024-12-02 20:44:29 [1;30mINFO    [0m [34mrasa_sdk.executor[0m  - Registered function for 'action_retrieve_room_details'.
Rasa Action Error: 2024-12-02 20:44:29 [1;30mINFO    [0m [34mrasa_sdk.endpoint[0m  - Starting plugins...
Rasa Action Error: 2024-12-02 20:44:29 [1;30mINFO    [0m [34mrasa_sdk.endpoint[0m  - Action endpoint is up and running on http://0.0.0.0:5055
Rasa Error: C:\Users\Hagga\AppData\Local\Programs\Python\Python39\lib\site-packages\tensorflow\lite\python\util.py:52: DeprecationWarning: jax.xla_computation is deprecated. Please use the AOT APIs.
  from jax import xla_computation as _xla_computation
Rasa Error: 2024-12-02 20:44:35 [1;30mINFO    [0m [34mroot[0m  - Starting Rasa server on http://0.0.0.0:5005
Rasa Error: 2024-12-02 20:44:35 [1;30mINFO    [0m [34mrasa.core.processor[0m  - Loading model D:\Capstone\website\src\app\back-end\Rasa\models\20241027-173808-obvious-cue.tar.gz...
Starting Rasa server with model: D:\Capstone\website\src\app\back-end\Rasa\models\20241027-173808-obvious-cue.tar.gz
Rasa server started successfully with PID: 19352
Rasa Error: C:\Users\Hagga\AppData\Local\Programs\Python\Python39\lib\site-packages\rasa\core\tracker_store.py:1044: MovedIn20Warning: Deprecated API features detected! These feature(s) are not compatible with SQLAlchemy 2.0. To prevent incompatible upgrades prior to updating applications, ensure requirements files are pinned to "sqlalchemy<2.0". Set environment variable SQLALCHEMY_WARN_20=1 to show all deprecation warnings.  Set environment variable SQLALCHEMY_SILENCE_UBER_WARNING=1 to silence this message. (Background on SQLAlchemy 2.0 at: https://sqlalche.me/e/b8d9)
  Base: DeclarativeMeta = declarative_base()
Rasa Action Error: C:\Users\Hagga\AppData\Local\Programs\Python\Python39\lib\site-packages\rasa\core\tracker_store.py:1044: MovedIn20Warning: Deprecated API features detected! These feature(s) are not compatible with SQLAlchemy 2.0. To prevent incompatible upgrades prior to updating applications, ensure requirements files are pinned to "sqlalchemy<2.0". Set environment variable SQLALCHEMY_WARN_20=1 to show all deprecation warnings.  Set environment variable SQLALCHEMY_SILENCE_UBER_WARNING=1 to silence this message. (Background on SQLAlchemy 2.0 at: https://sqlalche.me/e/b8d9)
  Base: DeclarativeMeta = declarative_base()
Rasa Error: C:\Users\Hagga\AppData\Local\Programs\Python\Python39\lib\site-packages\rasa\shared\utils\validation.py:134: DeprecationWarning: pkg_resources is deprecated as an API. See https://setuptools.pypa.io/en/latest/pkg_resources.html
  import pkg_resources
Rasa Action Error: C:\Users\Hagga\AppData\Local\Programs\Python\Python39\lib\site-packages\rasa\shared\utils\validation.py:134: DeprecationWarning: pkg_resources is deprecated as an API. See https://setuptools.pypa.io/en/latest/pkg_resources.html
  import pkg_resources
Rasa Error: C:\Users\Hagga\AppData\Local\Programs\Python\Python39\lib\site-packages\pkg_resources\__init__.py:3149: DeprecationWarning: Deprecated call to `pkg_resources.declare_namespace('mpl_toolkits')`.
Implementing implicit namespace packages (as specified in PEP 420) is preferred to `pkg_resources.declare_namespace`. See https://setuptools.pypa.io/en/latest/references/keywords.html#keyword-namespace-packages
  declare_namespace(pkg)
Rasa Error: C:\Users\Hagga\AppData\Local\Programs\Python\Python39\lib\site-packages\pkg_resources\__init__.py:3149: DeprecationWarning: Deprecated call to `pkg_resources.declare_namespace('ruamel')`.
Implementing implicit namespace packages (as specified in PEP 420) is preferred to `pkg_resources.declare_namespace`. See https://setuptools.pypa.io/en/latest/references/keywords.html#keyword-namespace-packages
  declare_namespace(pkg)
Rasa Action Error: C:\Users\Hagga\AppData\Local\Programs\Python\Python39\lib\site-packages\pkg_resources\__init__.py:3149: DeprecationWarning: Deprecated call to `pkg_resources.declare_namespace('mpl_toolkits')`.
Implementing implicit namespace packages (as specified in PEP 420) is preferred to `pkg_resources.declare_namespace`. See https://setuptools.pypa.io/en/latest/references/keywords.html#keyword-namespace-packages
  declare_namespace(pkg)
Rasa Action Error: C:\Users\Hagga\AppData\Local\Programs\Python\Python39\lib\site-packages\pkg_resources\__init__.py:3149: DeprecationWarning: Deprecated call to `pkg_resources.declare_namespace('ruamel')`.
Implementing implicit namespace packages (as specified in PEP 420) is preferred to `pkg_resources.declare_namespace`. See https://setuptools.pypa.io/en/latest/references/keywords.html#keyword-namespace-packages
  declare_namespace(pkg)
Rasa Error: C:\Users\Hagga\AppData\Local\Programs\Python\Python39\lib\site-packages\sanic_cors\extension.py:39: DeprecationWarning: distutils Version classes are deprecated. Use packaging.version instead.
  SANIC_VERSION = LooseVersion(sanic_version)
Rasa Action Error: C:\Users\Hagga\AppData\Local\Programs\Python\Python39\lib\site-packages\sanic_cors\extension.py:39: DeprecationWarning: distutils Version classes are deprecated. Use packaging.version instead.
  SANIC_VERSION = LooseVersion(sanic_version)
Rasa Action Error: 2024-12-02 22:07:49 [1;30mINFO    [0m [34mrasa_sdk.endpoint[0m  - Starting action endpoint server...
Rasa Action Error: 2024-12-02 22:07:50 [1;30mINFO    [0m [34mrasa_sdk.executor[0m  - Registered function for 'action_retrieve_rooms'.
Rasa Action Error: 2024-12-02 22:07:50 [1;30mINFO    [0m [34mrasa_sdk.executor[0m  - Registered function for 'action_retrieve_room_details'.
Rasa Action Error: 2024-12-02 22:07:50 [1;30mINFO    [0m [34mrasa_sdk.endpoint[0m  - Starting plugins...
Rasa Action Error: 2024-12-02 22:07:50 [1;30mINFO    [0m [34mrasa_sdk.endpoint[0m  - Action endpoint is up and running on http://0.0.0.0:5055
Rasa Error: C:\Users\Hagga\AppData\Local\Programs\Python\Python39\lib\site-packages\tensorflow\lite\python\util.py:52: DeprecationWarning: jax.xla_computation is deprecated. Please use the AOT APIs.
  from jax import xla_computation as _xla_computation
Rasa Error: 2024-12-02 22:07:58 [1;30mINFO    [0m [34mroot[0m  - Starting Rasa server on http://0.0.0.0:5005
Rasa Error: 2024-12-02 22:07:58 [1;30mINFO    [0m [34mrasa.core.processor[0m  - Loading model D:\Capstone\website\src\app\back-end\Rasa\models\20241027-173808-obvious-cue.tar.gz...
Rasa Error: [93mC:\Users\Hagga\AppData\Local\Programs\Python\Python39\lib\site-packages\rasa\utils\train_utils.py:530: UserWarning: constrain_similarities is set to `False`. It is recommended to set it to `True` when using cross-entropy loss.
  rasa.shared.utils.io.raise_warning(
[0mRasa Error: [93mC:\Users\Hagga\AppData\Local\Programs\Python\Python39\lib\site-packages\rasa\shared\utils\io.py:99: UserWarning: 'evaluate_every_number_of_epochs=20' is greater than 'epochs=1'. No evaluation will occur.
[0mRasa Error: 2024-12-02 22:08:49 [1;30mINFO    [0m [34mroot[0m  - Rasa server is up and running.
Rasa Error: 2024-12-02 22:09:00 [1;30mERROR   [0m [34mrasa.core.processor[0m  - [31mEncountered an exception while running action 'action_retrieve_rooms'.Bot will continue, but the actions events are lost. Please check the logs of your action server for more information.[0m
Traceback (most recent call last):
  File "C:\Users\Hagga\AppData\Local\Programs\Python\Python39\lib\site-packages\rasa\core\actions\action.py", line 780, in run
    response: Any = await self.action_endpoint.request(
  File "C:\Users\Hagga\AppData\Local\Programs\Python\Python39\lib\site-packages\rasa\utils\endpoints.py", line 184, in request
    raise ClientResponseError(
rasa.utils.endpoints.ClientResponseError: 404, Not Found, body='b'{"description":"Not Found","status":404,"message":"Requested URL /webhook not found"}''

The above exception was the direct cause of the following exception:

Traceback (most recent call last):
  File "C:\Users\Hagga\AppData\Local\Programs\Python\Python39\lib\site-packages\rasa\core\processor.py", line 982, in _run_action
    events = await action.run(
  File "C:\Users\Hagga\AppData\Local\Programs\Python\Python39\lib\site-packages\rasa\core\actions\action.py", line 810, in run
    raise RasaException(
rasa.shared.exceptions.RasaException: Failed to execute custom action 'action_retrieve_rooms'
Starting Rasa server with model: D:\Capstone\website\src\app\back-end\Rasa\models\20241027-173808-obvious-cue.tar.gz
Rasa server started successfully with PID: 1252
Rasa Action Error: C:\Users\Hagga\AppData\Local\Programs\Python\Python39\lib\site-packages\rasa\core\tracker_store.py:1044: MovedIn20Warning: Deprecated API features detected! These feature(s) are not compatible with SQLAlchemy 2.0. To prevent incompatible upgrades prior to updating applications, ensure requirements files are pinned to "sqlalchemy<2.0". Set environment variable SQLALCHEMY_WARN_20=1 to show all deprecation warnings.  Set environment variable SQLALCHEMY_SILENCE_UBER_WARNING=1 to silence this message. (Background on SQLAlchemy 2.0 at: https://sqlalche.me/e/b8d9)
  Base: DeclarativeMeta = declarative_base()
Rasa Error: C:\Users\Hagga\AppData\Local\Programs\Python\Python39\lib\site-packages\rasa\core\tracker_store.py:1044: MovedIn20Warning: Deprecated API features detected! These feature(s) are not compatible with SQLAlchemy 2.0. To prevent incompatible upgrades prior to updating applications, ensure requirements files are pinned to "sqlalchemy<2.0". Set environment variable SQLALCHEMY_WARN_20=1 to show all deprecation warnings.  Set environment variable SQLALCHEMY_SILENCE_UBER_WARNING=1 to silence this message. (Background on SQLAlchemy 2.0 at: https://sqlalche.me/e/b8d9)
  Base: DeclarativeMeta = declarative_base()
Rasa Action Error: usage: rasa [-h] [--version]
            {init,run,shell,train,interactive,telemetry,test,visualize,data,export,x,evaluate}
            ...
Rasa Action Error: rasa: error: unrecognized arguments: --endpoints D:\Capstone\website\src\app\back-end\Rasa\endpoints.yml
Rasa Error: C:\Users\Hagga\AppData\Local\Programs\Python\Python39\lib\site-packages\rasa\shared\utils\validation.py:134: DeprecationWarning: pkg_resources is deprecated as an API. See https://setuptools.pypa.io/en/latest/pkg_resources.html
  import pkg_resources
Rasa Error: C:\Users\Hagga\AppData\Local\Programs\Python\Python39\lib\site-packages\pkg_resources\__init__.py:3149: DeprecationWarning: Deprecated call to `pkg_resources.declare_namespace('mpl_toolkits')`.
Implementing implicit namespace packages (as specified in PEP 420) is preferred to `pkg_resources.declare_namespace`. See https://setuptools.pypa.io/en/latest/references/keywords.html#keyword-namespace-packages
  declare_namespace(pkg)
Rasa Error: C:\Users\Hagga\AppData\Local\Programs\Python\Python39\lib\site-packages\pkg_resources\__init__.py:3149: DeprecationWarning: Deprecated call to `pkg_resources.declare_namespace('ruamel')`.
Implementing implicit namespace packages (as specified in PEP 420) is preferred to `pkg_resources.declare_namespace`. See https://setuptools.pypa.io/en/latest/references/keywords.html#keyword-namespace-packages
  declare_namespace(pkg)
Rasa Error: C:\Users\Hagga\AppData\Local\Programs\Python\Python39\lib\site-packages\sanic_cors\extension.py:39: DeprecationWarning: distutils Version classes are deprecated. Use packaging.version instead.
  SANIC_VERSION = LooseVersion(sanic_version)
Rasa Error: C:\Users\Hagga\AppData\Local\Programs\Python\Python39\lib\site-packages\tensorflow\lite\python\util.py:52: DeprecationWarning: jax.xla_computation is deprecated. Please use the AOT APIs.
  from jax import xla_computation as _xla_computation
Rasa Error: 2024-12-02 22:11:31 [1;30mINFO    [0m [34mroot[0m  - Starting Rasa server on http://0.0.0.0:5005
Rasa Error: 2024-12-02 22:11:32 [1;30mINFO    [0m [34mrasa.core.processor[0m  - Loading model D:\Capstone\website\src\app\back-end\Rasa\models\20241027-173808-obvious-cue.tar.gz...
Starting Rasa server with model: D:\Capstone\website\src\app\back-end\Rasa\models\20241027-173808-obvious-cue.tar.gz
Rasa server started successfully with PID: 19120
Rasa Action Error: C:\Users\Hagga\AppData\Local\Programs\Python\Python39\lib\site-packages\rasa\core\tracker_store.py:1044: MovedIn20Warning: Deprecated API features detected! These feature(s) are not compatible with SQLAlchemy 2.0. To prevent incompatible upgrades prior to updating applications, ensure requirements files are pinned to "sqlalchemy<2.0". Set environment variable SQLALCHEMY_WARN_20=1 to show all deprecation warnings.  Set environment variable SQLALCHEMY_SILENCE_UBER_WARNING=1 to silence this message. (Background on SQLAlchemy 2.0 at: https://sqlalche.me/e/b8d9)
  Base: DeclarativeMeta = declarative_base()
Rasa Error: C:\Users\Hagga\AppData\Local\Programs\Python\Python39\lib\site-packages\rasa\core\tracker_store.py:1044: MovedIn20Warning: Deprecated API features detected! These feature(s) are not compatible with SQLAlchemy 2.0. To prevent incompatible upgrades prior to updating applications, ensure requirements files are pinned to "sqlalchemy<2.0". Set environment variable SQLALCHEMY_WARN_20=1 to show all deprecation warnings.  Set environment variable SQLALCHEMY_SILENCE_UBER_WARNING=1 to silence this message. (Background on SQLAlchemy 2.0 at: https://sqlalche.me/e/b8d9)
  Base: DeclarativeMeta = declarative_base()
Rasa Action Error: usage: rasa [-h] [--version]
            {init,run,shell,train,interactive,telemetry,test,visualize,data,export,x,evaluate}
            ...
Rasa Action Error: rasa: error: unrecognized arguments: --endpoints D:\Capstone\website\src\app\back-end\Rasa\endpoints.yml
Rasa Error: C:\Users\Hagga\AppData\Local\Programs\Python\Python39\lib\site-packages\rasa\shared\utils\validation.py:134: DeprecationWarning: pkg_resources is deprecated as an API. See https://setuptools.pypa.io/en/latest/pkg_resources.html
  import pkg_resources
Rasa Error: C:\Users\Hagga\AppData\Local\Programs\Python\Python39\lib\site-packages\pkg_resources\__init__.py:3149: DeprecationWarning: Deprecated call to `pkg_resources.declare_namespace('mpl_toolkits')`.
Implementing implicit namespace packages (as specified in PEP 420) is preferred to `pkg_resources.declare_namespace`. See https://setuptools.pypa.io/en/latest/references/keywords.html#keyword-namespace-packages
  declare_namespace(pkg)
Rasa Error: C:\Users\Hagga\AppData\Local\Programs\Python\Python39\lib\site-packages\pkg_resources\__init__.py:3149: DeprecationWarning: Deprecated call to `pkg_resources.declare_namespace('ruamel')`.
Implementing implicit namespace packages (as specified in PEP 420) is preferred to `pkg_resources.declare_namespace`. See https://setuptools.pypa.io/en/latest/references/keywords.html#keyword-namespace-packages
  declare_namespace(pkg)
Rasa Error: C:\Users\Hagga\AppData\Local\Programs\Python\Python39\lib\site-packages\sanic_cors\extension.py:39: DeprecationWarning: distutils Version classes are deprecated. Use packaging.version instead.
  SANIC_VERSION = LooseVersion(sanic_version)
Rasa Error: C:\Users\Hagga\AppData\Local\Programs\Python\Python39\lib\site-packages\tensorflow\lite\python\util.py:52: DeprecationWarning: jax.xla_computation is deprecated. Please use the AOT APIs.
  from jax import xla_computation as _xla_computation
Rasa Error: 2024-12-02 22:12:19 [1;30mINFO    [0m [34mroot[0m  - Starting Rasa server on http://0.0.0.0:5005
Rasa Error: 2024-12-02 22:12:19 [1;30mINFO    [0m [34mrasa.core.processor[0m  - Loading model D:\Capstone\website\src\app\back-end\Rasa\models\20241027-173808-obvious-cue.tar.gz...
Starting Rasa server with model: D:\Capstone\website\src\app\back-end\Rasa\models\20241027-173808-obvious-cue.tar.gz
Rasa server started successfully with PID: 10924
Rasa Error: C:\Users\Hagga\AppData\Local\Programs\Python\Python39\lib\site-packages\rasa\core\tracker_store.py:1044: MovedIn20Warning: Deprecated API features detected! These feature(s) are not compatible with SQLAlchemy 2.0. To prevent incompatible upgrades prior to updating applications, ensure requirements files are pinned to "sqlalchemy<2.0". Set environment variable SQLALCHEMY_WARN_20=1 to show all deprecation warnings.  Set environment variable SQLALCHEMY_SILENCE_UBER_WARNING=1 to silence this message. (Background on SQLAlchemy 2.0 at: https://sqlalche.me/e/b8d9)
  Base: DeclarativeMeta = declarative_base()
Rasa Action Error: C:\Users\Hagga\AppData\Local\Programs\Python\Python39\lib\site-packages\rasa\core\tracker_store.py:1044: MovedIn20Warning: Deprecated API features detected! These feature(s) are not compatible with SQLAlchemy 2.0. To prevent incompatible upgrades prior to updating applications, ensure requirements files are pinned to "sqlalchemy<2.0". Set environment variable SQLALCHEMY_WARN_20=1 to show all deprecation warnings.  Set environment variable SQLALCHEMY_SILENCE_UBER_WARNING=1 to silence this message. (Background on SQLAlchemy 2.0 at: https://sqlalche.me/e/b8d9)
  Base: DeclarativeMeta = declarative_base()
Rasa Action Error: usage: rasa [-h] [--version]
            {init,run,shell,train,interactive,telemetry,test,visualize,data,export,x,evaluate}
            ...
Rasa Action Error: rasa: error: unrecognized arguments: --endpoints D:\Capstone\website\src\app\back-end\Rasa\endpoints.yml
Rasa Error: C:\Users\Hagga\AppData\Local\Programs\Python\Python39\lib\site-packages\rasa\shared\utils\validation.py:134: DeprecationWarning: pkg_resources is deprecated as an API. See https://setuptools.pypa.io/en/latest/pkg_resources.html
  import pkg_resources
Rasa Error: C:\Users\Hagga\AppData\Local\Programs\Python\Python39\lib\site-packages\pkg_resources\__init__.py:3149: DeprecationWarning: Deprecated call to `pkg_resources.declare_namespace('mpl_toolkits')`.
Implementing implicit namespace packages (as specified in PEP 420) is preferred to `pkg_resources.declare_namespace`. See https://setuptools.pypa.io/en/latest/references/keywords.html#keyword-namespace-packages
  declare_namespace(pkg)
Rasa Error: C:\Users\Hagga\AppData\Local\Programs\Python\Python39\lib\site-packages\pkg_resources\__init__.py:3149: DeprecationWarning: Deprecated call to `pkg_resources.declare_namespace('ruamel')`.
Implementing implicit namespace packages (as specified in PEP 420) is preferred to `pkg_resources.declare_namespace`. See https://setuptools.pypa.io/en/latest/references/keywords.html#keyword-namespace-packages
  declare_namespace(pkg)
Rasa Error: C:\Users\Hagga\AppData\Local\Programs\Python\Python39\lib\site-packages\sanic_cors\extension.py:39: DeprecationWarning: distutils Version classes are deprecated. Use packaging.version instead.
  SANIC_VERSION = LooseVersion(sanic_version)
Rasa Error: C:\Users\Hagga\AppData\Local\Programs\Python\Python39\lib\site-packages\tensorflow\lite\python\util.py:52: DeprecationWarning: jax.xla_computation is deprecated. Please use the AOT APIs.
  from jax import xla_computation as _xla_computation
Rasa server started successfully with PID: 40228
Starting Rasa server with model: D:\Capstone\website\src\app\back-end\Rasa\models\20241027-173808-obvious-cue.tar.gz
Rasa Action Error: C:\Users\Hagga\AppData\Local\Programs\Python\Python39\lib\site-packages\rasa\core\tracker_store.py:1044: MovedIn20Warning: Deprecated API features detected! These feature(s) are not compatible with SQLAlchemy 2.0. To prevent incompatible upgrades prior to updating applications, ensure requirements files are pinned to "sqlalchemy<2.0". Set environment variable SQLALCHEMY_WARN_20=1 to show all deprecation warnings.  Set environment variable SQLALCHEMY_SILENCE_UBER_WARNING=1 to silence this message. (Background on SQLAlchemy 2.0 at: https://sqlalche.me/e/b8d9)
  Base: DeclarativeMeta = declarative_base()
Rasa Error: C:\Users\Hagga\AppData\Local\Programs\Python\Python39\lib\site-packages\rasa\core\tracker_store.py:1044: MovedIn20Warning: Deprecated API features detected! These feature(s) are not compatible with SQLAlchemy 2.0. To prevent incompatible upgrades prior to updating applications, ensure requirements files are pinned to "sqlalchemy<2.0". Set environment variable SQLALCHEMY_WARN_20=1 to show all deprecation warnings.  Set environment variable SQLALCHEMY_SILENCE_UBER_WARNING=1 to silence this message. (Background on SQLAlchemy 2.0 at: https://sqlalche.me/e/b8d9)
  Base: DeclarativeMeta = declarative_base()
Rasa Action Error: C:\Users\Hagga\AppData\Local\Programs\Python\Python39\lib\site-packages\rasa\shared\utils\validation.py:134: DeprecationWarning: pkg_resources is deprecated as an API. See https://setuptools.pypa.io/en/latest/pkg_resources.html
  import pkg_resources
Rasa Error: C:\Users\Hagga\AppData\Local\Programs\Python\Python39\lib\site-packages\rasa\shared\utils\validation.py:134: DeprecationWarning: pkg_resources is deprecated as an API. See https://setuptools.pypa.io/en/latest/pkg_resources.html
  import pkg_resources
Rasa Action Error: C:\Users\Hagga\AppData\Local\Programs\Python\Python39\lib\site-packages\pkg_resources\__init__.py:3149: DeprecationWarning: Deprecated call to `pkg_resources.declare_namespace('mpl_toolkits')`.
Implementing implicit namespace packages (as specified in PEP 420) is preferred to `pkg_resources.declare_namespace`. See https://setuptools.pypa.io/en/latest/references/keywords.html#keyword-namespace-packages
  declare_namespace(pkg)
Rasa Action Error: C:\Users\Hagga\AppData\Local\Programs\Python\Python39\lib\site-packages\pkg_resources\__init__.py:3149: DeprecationWarning: Deprecated call to `pkg_resources.declare_namespace('ruamel')`.
Implementing implicit namespace packages (as specified in PEP 420) is preferred to `pkg_resources.declare_namespace`. See https://setuptools.pypa.io/en/latest/references/keywords.html#keyword-namespace-packages
  declare_namespace(pkg)
Rasa Error: C:\Users\Hagga\AppData\Local\Programs\Python\Python39\lib\site-packages\pkg_resources\__init__.py:3149: DeprecationWarning: Deprecated call to `pkg_resources.declare_namespace('mpl_toolkits')`.
Implementing implicit namespace packages (as specified in PEP 420) is preferred to `pkg_resources.declare_namespace`. See https://setuptools.pypa.io/en/latest/references/keywords.html#keyword-namespace-packages
  declare_namespace(pkg)
Rasa Error: C:\Users\Hagga\AppData\Local\Programs\Python\Python39\lib\site-packages\pkg_resources\__init__.py:3149: DeprecationWarning: Deprecated call to `pkg_resources.declare_namespace('ruamel')`.
Implementing implicit namespace packages (as specified in PEP 420) is preferred to `pkg_resources.declare_namespace`. See https://setuptools.pypa.io/en/latest/references/keywords.html#keyword-namespace-packages
  declare_namespace(pkg)
Rasa Action Error: C:\Users\Hagga\AppData\Local\Programs\Python\Python39\lib\site-packages\sanic_cors\extension.py:39: DeprecationWarning: distutils Version classes are deprecated. Use packaging.version instead.
  SANIC_VERSION = LooseVersion(sanic_version)
Rasa Action Error: 2024-12-02 22:12:50 [1;30mINFO    [0m [34mrasa_sdk.endpoint[0m  - Starting action endpoint server...
Rasa Error: C:\Users\Hagga\AppData\Local\Programs\Python\Python39\lib\site-packages\sanic_cors\extension.py:39: DeprecationWarning: distutils Version classes are deprecated. Use packaging.version instead.
  SANIC_VERSION = LooseVersion(sanic_version)
Rasa Action Error: 2024-12-02 22:12:50 [1;30mINFO    [0m [34mrasa_sdk.executor[0m  - Registered function for 'action_retrieve_rooms'.
Rasa Action Error: 2024-12-02 22:12:50 [1;30mINFO    [0m [34mrasa_sdk.executor[0m  - Registered function for 'action_retrieve_room_details'.
Rasa Action Error: 2024-12-02 22:12:50 [1;30mINFO    [0m [34mrasa_sdk.endpoint[0m  - Starting plugins...
Rasa Action Error: 2024-12-02 22:12:50 [1;30mINFO    [0m [34mrasa_sdk.endpoint[0m  - Action endpoint is up and running on http://0.0.0.0:5055
Rasa Error: C:\Users\Hagga\AppData\Local\Programs\Python\Python39\lib\site-packages\tensorflow\lite\python\util.py:52: DeprecationWarning: jax.xla_computation is deprecated. Please use the AOT APIs.
  from jax import xla_computation as _xla_computation
Rasa Error: 2024-12-02 22:12:55 [1;30mINFO    [0m [34mroot[0m  - Starting Rasa server on http://0.0.0.0:5005
Rasa Error: 2024-12-02 22:12:55 [1;30mINFO    [0m [34mrasa.core.processor[0m  - Loading model D:\Capstone\website\src\app\back-end\Rasa\models\20241027-173808-obvious-cue.tar.gz...
Rasa Error: [93mC:\Users\Hagga\AppData\Local\Programs\Python\Python39\lib\site-packages\rasa\utils\train_utils.py:530: UserWarning: constrain_similarities is set to `False`. It is recommended to set it to `True` when using cross-entropy loss.
  rasa.shared.utils.io.raise_warning(
[0mRasa Error: [93mC:\Users\Hagga\AppData\Local\Programs\Python\Python39\lib\site-packages\rasa\shared\utils\io.py:99: UserWarning: 'evaluate_every_number_of_epochs=20' is greater than 'epochs=1'. No evaluation will occur.
[0mRasa Error: 2024-12-02 22:13:34 [1;30mINFO    [0m [34mroot[0m  - Rasa server is up and running.
Rasa Error: 2024-12-02 22:13:47 [1;30mERROR   [0m [34mrasa.core.processor[0m  - [31mEncountered an exception while running action 'action_retrieve_rooms'.Bot will continue, but the actions events are lost. Please check the logs of your action server for more information.[0m
Traceback (most recent call last):
  File "C:\Users\Hagga\AppData\Local\Programs\Python\Python39\lib\site-packages\rasa\core\actions\action.py", line 780, in run
    response: Any = await self.action_endpoint.request(
  File "C:\Users\Hagga\AppData\Local\Programs\Python\Python39\lib\site-packages\rasa\utils\endpoints.py", line 184, in request
    raise ClientResponseError(
rasa.utils.endpoints.ClientResponseError: 404, Not Found, body='b'{"description":"Not Found","status":404,"message":"Requested URL /webhook not found"}''

The above exception was the direct cause of the following exception:

Traceback (most recent call last):
  File "C:\Users\Hagga\AppData\Local\Programs\Python\Python39\lib\site-packages\rasa\core\processor.py", line 982, in _run_action
    events = await action.run(
  File "C:\Users\Hagga\AppData\Local\Programs\Python\Python39\lib\site-packages\rasa\core\actions\action.py", line 810, in run
    raise RasaException(
rasa.shared.exceptions.RasaException: Failed to execute custom action 'action_retrieve_rooms'
Rasa Action Error: 2024-12-02 22:14:21 [1;30mERROR   [0m [34mrasa_sdk.endpoint[0m  - [31mException occurred during execution of request <Request: GET /webhook>[0m
Traceback (most recent call last):
  File "C:\Users\Hagga\AppData\Local\Programs\Python\Python39\lib\site-packages\sanic_routing\router.py", line 100, in resolve
    route = route.methods_index[method]
KeyError: 'GET'

During handling of the above exception, another exception occurred:

Traceback (most recent call last):
  File "C:\Users\Hagga\AppData\Local\Programs\Python\Python39\lib\site-packages\sanic\router.py", line 38, in _get
    return self.resolve(
  File "C:\Users\Hagga\AppData\Local\Programs\Python\Python39\lib\site-packages\sanic_routing\router.py", line 102, in resolve
    raise self.method_handler_exception(
sanic_routing.exceptions.NoMethod: Method 'GET' not found on <RouteGroup: path=webhook len=1>

During handling of the above exception, another exception occurred:

Traceback (most recent call last):
  File "handle_request", line 26, in handle_request
    from socket import socket
  File "C:\Users\Hagga\AppData\Local\Programs\Python\Python39\lib\site-packages\sanic\router.py", line 66, in get
    return self._get(path, method, host)
  File "C:\Users\Hagga\AppData\Local\Programs\Python\Python39\lib\site-packages\sanic\router.py", line 46, in _get
    raise MethodNotSupported(
sanic.exceptions.MethodNotSupported: Method GET not allowed for URL /webhook
Rasa Action Error: 2024-12-02 22:14:22 [1;30mERROR   [0m [34mrasa_sdk.endpoint[0m  - [31mException occurred during execution of request <Request: GET /favicon.ico>[0m
Traceback (most recent call last):
  File "C:\Users\Hagga\AppData\Local\Programs\Python\Python39\lib\site-packages\sanic_routing\router.py", line 79, in resolve
    route, param_basket = self.find_route(
  File "", line 9, in find_route
sanic_routing.exceptions.NotFound: Not Found

During handling of the above exception, another exception occurred:

Traceback (most recent call last):
  File "C:\Users\Hagga\AppData\Local\Programs\Python\Python39\lib\site-packages\sanic\router.py", line 38, in _get
    return self.resolve(
  File "C:\Users\Hagga\AppData\Local\Programs\Python\Python39\lib\site-packages\sanic_routing\router.py", line 96, in resolve
    raise self.exception(str(e), path=path)
sanic_routing.exceptions.NotFound: Not Found

During handling of the above exception, another exception occurred:

Traceback (most recent call last):
  File "handle_request", line 26, in handle_request
    from socket import socket
  File "C:\Users\Hagga\AppData\Local\Programs\Python\Python39\lib\site-packages\sanic\router.py", line 66, in get
    return self._get(path, method, host)
  File "C:\Users\Hagga\AppData\Local\Programs\Python\Python39\lib\site-packages\sanic\router.py", line 44, in _get
    raise NotFound("Requested URL {} not found".format(e.path))
sanic.exceptions.NotFound: Requested URL /favicon.ico not found
Rasa Action Error: 2024-12-02 22:18:48 [1;30mERROR   [0m [34mrasa_sdk.endpoint[0m  - [31mException occurred during execution of request <Request: GET /webhook>[0m
Traceback (most recent call last):
  File "C:\Users\Hagga\AppData\Local\Programs\Python\Python39\lib\site-packages\sanic_routing\router.py", line 100, in resolve
    route = route.methods_index[method]
KeyError: 'GET'

During handling of the above exception, another exception occurred:

Traceback (most recent call last):
  File "C:\Users\Hagga\AppData\Local\Programs\Python\Python39\lib\site-packages\sanic\router.py", line 38, in _get
    return self.resolve(
  File "C:\Users\Hagga\AppData\Local\Programs\Python\Python39\lib\site-packages\sanic_routing\router.py", line 102, in resolve
    raise self.method_handler_exception(
sanic_routing.exceptions.NoMethod: Method 'GET' not found on <RouteGroup: path=webhook len=1>

During handling of the above exception, another exception occurred:

Traceback (most recent call last):
  File "handle_request", line 26, in handle_request
    from socket import socket
  File "C:\Users\Hagga\AppData\Local\Programs\Python\Python39\lib\site-packages\sanic\router.py", line 66, in get
    return self._get(path, method, host)
  File "C:\Users\Hagga\AppData\Local\Programs\Python\Python39\lib\site-packages\sanic\router.py", line 46, in _get
    raise MethodNotSupported(
sanic.exceptions.MethodNotSupported: Method GET not allowed for URL /webhook
Rasa server exited with code 1, signal null
Starting Rasa server with model: D:\Capstone\website\src\app\back-end\Rasa\models\20241027-173808-obvious-cue.tar.gz
Rasa server started successfully with PID: 27024
Rasa Error: C:\Users\Hagga\AppData\Local\Programs\Python\Python39\lib\site-packages\rasa\core\tracker_store.py:1044: MovedIn20Warning: Deprecated API features detected! These feature(s) are not compatible with SQLAlchemy 2.0. To prevent incompatible upgrades prior to updating applications, ensure requirements files are pinned to "sqlalchemy<2.0". Set environment variable SQLALCHEMY_WARN_20=1 to show all deprecation warnings.  Set environment variable SQLALCHEMY_SILENCE_UBER_WARNING=1 to silence this message. (Background on SQLAlchemy 2.0 at: https://sqlalche.me/e/b8d9)
  Base: DeclarativeMeta = declarative_base()
Rasa Action Error: C:\Users\Hagga\AppData\Local\Programs\Python\Python39\lib\site-packages\rasa\core\tracker_store.py:1044: MovedIn20Warning: Deprecated API features detected! These feature(s) are not compatible with SQLAlchemy 2.0. To prevent incompatible upgrades prior to updating applications, ensure requirements files are pinned to "sqlalchemy<2.0". Set environment variable SQLALCHEMY_WARN_20=1 to show all deprecation warnings.  Set environment variable SQLALCHEMY_SILENCE_UBER_WARNING=1 to silence this message. (Background on SQLAlchemy 2.0 at: https://sqlalche.me/e/b8d9)
  Base: DeclarativeMeta = declarative_base()
Rasa Error: C:\Users\Hagga\AppData\Local\Programs\Python\Python39\lib\site-packages\rasa\shared\utils\validation.py:134: DeprecationWarning: pkg_resources is deprecated as an API. See https://setuptools.pypa.io/en/latest/pkg_resources.html
  import pkg_resources
Rasa Action Error: C:\Users\Hagga\AppData\Local\Programs\Python\Python39\lib\site-packages\rasa\shared\utils\validation.py:134: DeprecationWarning: pkg_resources is deprecated as an API. See https://setuptools.pypa.io/en/latest/pkg_resources.html
  import pkg_resources
Rasa Error: C:\Users\Hagga\AppData\Local\Programs\Python\Python39\lib\site-packages\pkg_resources\__init__.py:3149: DeprecationWarning: Deprecated call to `pkg_resources.declare_namespace('mpl_toolkits')`.
Implementing implicit namespace packages (as specified in PEP 420) is preferred to `pkg_resources.declare_namespace`. See https://setuptools.pypa.io/en/latest/references/keywords.html#keyword-namespace-packages
  declare_namespace(pkg)
Rasa Action Error: C:\Users\Hagga\AppData\Local\Programs\Python\Python39\lib\site-packages\pkg_resources\__init__.py:3149: DeprecationWarning: Deprecated call to `pkg_resources.declare_namespace('mpl_toolkits')`.
Implementing implicit namespace packages (as specified in PEP 420) is preferred to `pkg_resources.declare_namespace`. See https://setuptools.pypa.io/en/latest/references/keywords.html#keyword-namespace-packages
  declare_namespace(pkg)
Rasa Action Error: C:\Users\Hagga\AppData\Local\Programs\Python\Python39\lib\site-packages\pkg_resources\__init__.py:3149: DeprecationWarning: Deprecated call to `pkg_resources.declare_namespace('ruamel')`.
Implementing implicit namespace packages (as specified in PEP 420) is preferred to `pkg_resources.declare_namespace`. See https://setuptools.pypa.io/en/latest/references/keywords.html#keyword-namespace-packages
  declare_namespace(pkg)
Rasa Error: C:\Users\Hagga\AppData\Local\Programs\Python\Python39\lib\site-packages\pkg_resources\__init__.py:3149: DeprecationWarning: Deprecated call to `pkg_resources.declare_namespace('ruamel')`.
Implementing implicit namespace packages (as specified in PEP 420) is preferred to `pkg_resources.declare_namespace`. See https://setuptools.pypa.io/en/latest/references/keywords.html#keyword-namespace-packages
  declare_namespace(pkg)
Rasa Action Error: C:\Users\Hagga\AppData\Local\Programs\Python\Python39\lib\site-packages\sanic_cors\extension.py:39: DeprecationWarning: distutils Version classes are deprecated. Use packaging.version instead.
  SANIC_VERSION = LooseVersion(sanic_version)
Rasa Error: C:\Users\Hagga\AppData\Local\Programs\Python\Python39\lib\site-packages\sanic_cors\extension.py:39: DeprecationWarning: distutils Version classes are deprecated. Use packaging.version instead.
  SANIC_VERSION = LooseVersion(sanic_version)
Rasa Action Error: 2024-12-02 22:20:31 [1;30mINFO    [0m [34mrasa_sdk.endpoint[0m  - Starting action endpoint server...
Rasa Action Error: 2024-12-02 22:20:31 [1;30mINFO    [0m [34mrasa_sdk.executor[0m  - Registered function for 'action_retrieve_rooms'.
Rasa Action Error: 2024-12-02 22:20:31 [1;30mINFO    [0m [34mrasa_sdk.executor[0m  - Registered function for 'action_retrieve_room_details'.
Rasa Action Error: 2024-12-02 22:20:31 [1;30mINFO    [0m [34mrasa_sdk.endpoint[0m  - Starting plugins...
Rasa Action Error: 2024-12-02 22:20:31 [1;30mINFO    [0m [34mrasa_sdk.endpoint[0m  - Action endpoint is up and running on http://0.0.0.0:5055
Rasa Error: C:\Users\Hagga\AppData\Local\Programs\Python\Python39\lib\site-packages\tensorflow\lite\python\util.py:52: DeprecationWarning: jax.xla_computation is deprecated. Please use the AOT APIs.
  from jax import xla_computation as _xla_computation
Rasa Error: 2024-12-02 22:20:37 [1;30mINFO    [0m [34mroot[0m  - Starting Rasa server on http://0.0.0.0:5005
Rasa Error: 2024-12-02 22:20:37 [1;30mINFO    [0m [34mrasa.core.processor[0m  - Loading model D:\Capstone\website\src\app\back-end\Rasa\models\20241027-173808-obvious-cue.tar.gz...
Rasa Error: [93mC:\Users\Hagga\AppData\Local\Programs\Python\Python39\lib\site-packages\rasa\utils\train_utils.py:530: UserWarning: constrain_similarities is set to `False`. It is recommended to set it to `True` when using cross-entropy loss.
  rasa.shared.utils.io.raise_warning(
[0mRasa Error: [93mC:\Users\Hagga\AppData\Local\Programs\Python\Python39\lib\site-packages\rasa\shared\utils\io.py:99: UserWarning: 'evaluate_every_number_of_epochs=20' is greater than 'epochs=1'. No evaluation will occur.
[0mRasa Error: 2024-12-02 22:21:18 [1;30mINFO    [0m [34mroot[0m  - Rasa server is up and running.
Rasa Action Error: 2024-12-02 22:21:31 [1;30mINFO    [0m [34mroot[0m  - Running action_retrieve_rooms
