Starting Rasa server with model: D:\KP\website\src\app\back-end\Rasa\models\20241021-134234-proud-metronome.tar.gz
Rasa server started successfully with PID: 14348
Rasa Error: C:\Users\Hagga\AppData\Local\Programs\Python\Python39\lib\site-packages\rasa\core\tracker_store.py:1044: MovedIn20Warning: Deprecated API features detected! These feature(s) are not compatible with SQLAlchemy 2.0. To prevent incompatible upgrades prior to updating applications, ensure requirements files are pinned to "sqlalchemy<2.0". Set environment variable SQLALCHEMY_WARN_20=1 to show all deprecation warnings.  Set environment variable SQLALCHEMY_SILENCE_UBER_WARNING=1 to silence this message. (Background on SQLAlchemy 2.0 at: https://sqlalche.me/e/b8d9)
  Base: DeclarativeMeta = declarative_base()
Rasa Action Error: C:\Users\Hagga\AppData\Local\Programs\Python\Python39\lib\site-packages\rasa\core\tracker_store.py:1044: MovedIn20Warning: Deprecated API features detected! These feature(s) are not compatible with SQLAlchemy 2.0. To prevent incompatible upgrades prior to updating applications, ensure requirements files are pinned to "sqlalchemy<2.0". Set environment variable SQLALCHEMY_WARN_20=1 to show all deprecation warnings.  Set environment variable SQLALCHEMY_SILENCE_UBER_WARNING=1 to silence this message. (Background on SQLAlchemy 2.0 at: https://sqlalche.me/e/b8d9)
  Base: DeclarativeMeta = declarative_base()
Rasa Action Error: C:\Users\Hagga\AppData\Local\Programs\Python\Python39\lib\site-packages\sanic_cors\extension.py:39: DeprecationWarning: distutils Version classes are deprecated. Use packaging.version instead.
  SANIC_VERSION = LooseVersion(sanic_version)
Rasa Error: C:\Users\Hagga\AppData\Local\Programs\Python\Python39\lib\site-packages\sanic_cors\extension.py:39: DeprecationWarning: distutils Version classes are deprecated. Use packaging.version instead.
  SANIC_VERSION = LooseVersion(sanic_version)
Rasa Action Error: 2024-10-25 07:56:18 [1;30mINFO    [0m [34mrasa_sdk.endpoint[0m  - Starting action endpoint server...
Rasa Action Error: 2024-10-25 07:56:18 [1;30mERROR   [0m [34mrasa_sdk.executor[0m  - [31mFailed to register package 'actions'.[0m
Traceback (most recent call last):
  File "C:\Users\Hagga\AppData\Local\Programs\Python\Python39\lib\site-packages\rasa_sdk\executor.py", line 263, in register_package
    self._import_submodules(package)
  File "C:\Users\Hagga\AppData\Local\Programs\Python\Python39\lib\site-packages\rasa_sdk\executor.py", line 219, in _import_submodules
    package = self._import_module(package)
  File "C:\Users\Hagga\AppData\Local\Programs\Python\Python39\lib\site-packages\rasa_sdk\executor.py", line 240, in _import_module
    module = importlib.import_module(name)
  File "C:\Users\Hagga\AppData\Local\Programs\Python\Python39\lib\importlib\__init__.py", line 127, in import_module
    return _bootstrap._gcd_import(name[level:], package, level)
  File "<frozen importlib._bootstrap>", line 1030, in _gcd_import
  File "<frozen importlib._bootstrap>", line 1007, in _find_and_load
  File "<frozen importlib._bootstrap>", line 984, in _find_and_load_unlocked
ModuleNotFoundError: No module named 'actions'
Rasa Error: C:\Users\Hagga\AppData\Local\Programs\Python\Python39\lib\site-packages\tensorflow\lite\python\util.py:52: DeprecationWarning: jax.xla_computation is deprecated. Please use the AOT APIs.
  from jax import xla_computation as _xla_computation
Rasa Error: 2024-10-25 07:56:33 [1;30mINFO    [0m [34mroot[0m  - Starting Rasa server on http://0.0.0.0:5005
Rasa Error: 2024-10-25 07:56:33 [1;30mINFO    [0m [34mrasa.core.processor[0m  - Loading model D:\KP\website\src\app\back-end\Rasa\models\20241021-134234-proud-metronome.tar.gz...
Rasa Error: 2024-10-25 07:56:57 [1;30mWARNING [0m [34mrasa.shared.utils.common[0m  - [33mThe UnexpecTED Intent Policy is currently experimental and might change or be removed in the future \U0001f52c Please share your feedback on it in the forum (https://forum.rasa.com) to help us make this feature ready for production.[0m
Rasa Error: 2024-10-25 07:57:07 [1;30mINFO    [0m [34mroot[0m  - Rasa server is up and running.
Rasa server exited with code 1, signal null
Starting Rasa server with model: D:\KP\website\src\app\back-end\Rasa\models\20241021-134234-proud-metronome.tar.gz
Rasa server started successfully with PID: 2520
Rasa Error: C:\Users\Hagga\AppData\Local\Programs\Python\Python39\lib\site-packages\rasa\core\tracker_store.py:1044: MovedIn20Warning: Deprecated API features detected! These feature(s) are not compatible with SQLAlchemy 2.0. To prevent incompatible upgrades prior to updating applications, ensure requirements files are pinned to "sqlalchemy<2.0". Set environment variable SQLALCHEMY_WARN_20=1 to show all deprecation warnings.  Set environment variable SQLALCHEMY_SILENCE_UBER_WARNING=1 to silence this message. (Background on SQLAlchemy 2.0 at: https://sqlalche.me/e/b8d9)
  Base: DeclarativeMeta = declarative_base()
Rasa Action Error: C:\Users\Hagga\AppData\Local\Programs\Python\Python39\lib\site-packages\rasa\core\tracker_store.py:1044: MovedIn20Warning: Deprecated API features detected! These feature(s) are not compatible with SQLAlchemy 2.0. To prevent incompatible upgrades prior to updating applications, ensure requirements files are pinned to "sqlalchemy<2.0". Set environment variable SQLALCHEMY_WARN_20=1 to show all deprecation warnings.  Set environment variable SQLALCHEMY_SILENCE_UBER_WARNING=1 to silence this message. (Background on SQLAlchemy 2.0 at: https://sqlalche.me/e/b8d9)
  Base: DeclarativeMeta = declarative_base()
Rasa Error: C:\Users\Hagga\AppData\Local\Programs\Python\Python39\lib\site-packages\sanic_cors\extension.py:39: DeprecationWarning: distutils Version classes are deprecated. Use packaging.version instead.
  SANIC_VERSION = LooseVersion(sanic_version)
Rasa Action Error: C:\Users\Hagga\AppData\Local\Programs\Python\Python39\lib\site-packages\sanic_cors\extension.py:39: DeprecationWarning: distutils Version classes are deprecated. Use packaging.version instead.
  SANIC_VERSION = LooseVersion(sanic_version)
Rasa Action Error: 2024-10-25 08:00:07 [1;30mINFO    [0m [34mrasa_sdk.endpoint[0m  - Starting action endpoint server...
Rasa Action Error: 2024-10-25 08:00:07 [1;30mERROR   [0m [34mrasa_sdk.executor[0m  - [31mFailed to register package 'actions'.[0m
Traceback (most recent call last):
  File "C:\Users\Hagga\AppData\Local\Programs\Python\Python39\lib\site-packages\rasa_sdk\executor.py", line 263, in register_package
    self._import_submodules(package)
  File "C:\Users\Hagga\AppData\Local\Programs\Python\Python39\lib\site-packages\rasa_sdk\executor.py", line 219, in _import_submodules
    package = self._import_module(package)
  File "C:\Users\Hagga\AppData\Local\Programs\Python\Python39\lib\site-packages\rasa_sdk\executor.py", line 240, in _import_module
    module = importlib.import_module(name)
  File "C:\Users\Hagga\AppData\Local\Programs\Python\Python39\lib\importlib\__init__.py", line 127, in import_module
    return _bootstrap._gcd_import(name[level:], package, level)
  File "<frozen importlib._bootstrap>", line 1030, in _gcd_import
  File "<frozen importlib._bootstrap>", line 1007, in _find_and_load
  File "<frozen importlib._bootstrap>", line 984, in _find_and_load_unlocked
ModuleNotFoundError: No module named 'actions'
Rasa Error: C:\Users\Hagga\AppData\Local\Programs\Python\Python39\lib\site-packages\tensorflow\lite\python\util.py:52: DeprecationWarning: jax.xla_computation is deprecated. Please use the AOT APIs.
  from jax import xla_computation as _xla_computation
Rasa Error: 2024-10-25 08:00:14 [1;30mINFO    [0m [34mroot[0m  - Starting Rasa server on http://0.0.0.0:5005
Rasa Error: 2024-10-25 08:00:14 [1;30mINFO    [0m [34mrasa.core.processor[0m  - Loading model D:\KP\website\src\app\back-end\Rasa\models\20241021-134234-proud-metronome.tar.gz...
Rasa Error: 2024-10-25 08:00:34 [1;30mWARNING [0m [34mrasa.shared.utils.common[0m  - [33mThe UnexpecTED Intent Policy is currently experimental and might change or be removed in the future \U0001f52c Please share your feedback on it in the forum (https://forum.rasa.com) to help us make this feature ready for production.[0m
Rasa Error: 2024-10-25 08:00:44 [1;30mINFO    [0m [34mroot[0m  - Rasa server is up and running.
Rasa server exited with code 1, signal null
Starting Rasa server with model: D:\KP\website\src\app\back-end\Rasa\models\20241025-081732-alternating-path.tar.gz
Rasa server started successfully with PID: 17456
Rasa Action Error: C:\Users\Hagga\AppData\Local\Programs\Python\Python39\lib\site-packages\rasa\core\tracker_store.py:1044: MovedIn20Warning: Deprecated API features detected! These feature(s) are not compatible with SQLAlchemy 2.0. To prevent incompatible upgrades prior to updating applications, ensure requirements files are pinned to "sqlalchemy<2.0". Set environment variable SQLALCHEMY_WARN_20=1 to show all deprecation warnings.  Set environment variable SQLALCHEMY_SILENCE_UBER_WARNING=1 to silence this message. (Background on SQLAlchemy 2.0 at: https://sqlalche.me/e/b8d9)
  Base: DeclarativeMeta = declarative_base()
Rasa Error: C:\Users\Hagga\AppData\Local\Programs\Python\Python39\lib\site-packages\rasa\core\tracker_store.py:1044: MovedIn20Warning: Deprecated API features detected! These feature(s) are not compatible with SQLAlchemy 2.0. To prevent incompatible upgrades prior to updating applications, ensure requirements files are pinned to "sqlalchemy<2.0". Set environment variable SQLALCHEMY_WARN_20=1 to show all deprecation warnings.  Set environment variable SQLALCHEMY_SILENCE_UBER_WARNING=1 to silence this message. (Background on SQLAlchemy 2.0 at: https://sqlalche.me/e/b8d9)
  Base: DeclarativeMeta = declarative_base()
Rasa Action Error: C:\Users\Hagga\AppData\Local\Programs\Python\Python39\lib\site-packages\sanic_cors\extension.py:39: DeprecationWarning: distutils Version classes are deprecated. Use packaging.version instead.
  SANIC_VERSION = LooseVersion(sanic_version)
Rasa Action Error: 2024-10-25 08:19:28 [1;30mINFO    [0m [34mrasa_sdk.endpoint[0m  - Starting action endpoint server...
Rasa Action Error: 2024-10-25 08:19:28 [1;30mERROR   [0m [34mrasa_sdk.executor[0m  - [31mFailed to register package 'actions'.[0m
Traceback (most recent call last):
  File "C:\Users\Hagga\AppData\Local\Programs\Python\Python39\lib\site-packages\rasa_sdk\executor.py", line 263, in register_package
    self._import_submodules(package)
  File "C:\Users\Hagga\AppData\Local\Programs\Python\Python39\lib\site-packages\rasa_sdk\executor.py", line 219, in _import_submodules
    package = self._import_module(package)
  File "C:\Users\Hagga\AppData\Local\Programs\Python\Python39\lib\site-packages\rasa_sdk\executor.py", line 240, in _import_module
    module = importlib.import_module(name)
  File "C:\Users\Hagga\AppData\Local\Programs\Python\Python39\lib\importlib\__init__.py", line 127, in import_module
    return _bootstrap._gcd_import(name[level:], package, level)
  File "<frozen importlib._bootstrap>", line 1030, in _gcd_import
  File "<frozen importlib._bootstrap>", line 1007, in _find_and_load
  File "<frozen importlib._bootstrap>", line 984, in _find_and_load_unlocked
ModuleNotFoundError: No module named 'actions'
Rasa Error: C:\Users\Hagga\AppData\Local\Programs\Python\Python39\lib\site-packages\sanic_cors\extension.py:39: DeprecationWarning: distutils Version classes are deprecated. Use packaging.version instead.
  SANIC_VERSION = LooseVersion(sanic_version)
Rasa Error: C:\Users\Hagga\AppData\Local\Programs\Python\Python39\lib\site-packages\tensorflow\lite\python\util.py:52: DeprecationWarning: jax.xla_computation is deprecated. Please use the AOT APIs.
  from jax import xla_computation as _xla_computation
Rasa Error: 2024-10-25 08:19:32 [1;30mINFO    [0m [34mroot[0m  - Starting Rasa server on http://0.0.0.0:5005
Rasa Error: 2024-10-25 08:19:33 [1;30mINFO    [0m [34mrasa.core.processor[0m  - Loading model D:\KP\website\src\app\back-end\Rasa\models\20241025-081732-alternating-path.tar.gz...
Rasa Error: [93mC:\Users\Hagga\AppData\Local\Programs\Python\Python39\lib\site-packages\rasa\utils\train_utils.py:530: UserWarning: constrain_similarities is set to `False`. It is recommended to set it to `True` when using cross-entropy loss.
  rasa.shared.utils.io.raise_warning(
[0mRasa Error: [93mC:\Users\Hagga\AppData\Local\Programs\Python\Python39\lib\site-packages\rasa\shared\utils\io.py:99: UserWarning: 'evaluate_every_number_of_epochs=20' is greater than 'epochs=1'. No evaluation will occur.
[0mRasa Error: 2024-10-25 08:20:10 [1;30mINFO    [0m [34mroot[0m  - Rasa server is up and running.
Rasa server exited with code 1, signal null
Starting Rasa server with model: D:\KP\website\src\app\back-end\Rasa\models\20241025-082414-tough-integer.tar.gz
Rasa server started successfully with PID: 13408
Rasa Action Error: C:\Users\Hagga\AppData\Local\Programs\Python\Python39\lib\site-packages\rasa\core\tracker_store.py:1044: MovedIn20Warning: Deprecated API features detected! These feature(s) are not compatible with SQLAlchemy 2.0. To prevent incompatible upgrades prior to updating applications, ensure requirements files are pinned to "sqlalchemy<2.0". Set environment variable SQLALCHEMY_WARN_20=1 to show all deprecation warnings.  Set environment variable SQLALCHEMY_SILENCE_UBER_WARNING=1 to silence this message. (Background on SQLAlchemy 2.0 at: https://sqlalche.me/e/b8d9)
  Base: DeclarativeMeta = declarative_base()
Rasa Error: C:\Users\Hagga\AppData\Local\Programs\Python\Python39\lib\site-packages\rasa\core\tracker_store.py:1044: MovedIn20Warning: Deprecated API features detected! These feature(s) are not compatible with SQLAlchemy 2.0. To prevent incompatible upgrades prior to updating applications, ensure requirements files are pinned to "sqlalchemy<2.0". Set environment variable SQLALCHEMY_WARN_20=1 to show all deprecation warnings.  Set environment variable SQLALCHEMY_SILENCE_UBER_WARNING=1 to silence this message. (Background on SQLAlchemy 2.0 at: https://sqlalche.me/e/b8d9)
  Base: DeclarativeMeta = declarative_base()
Rasa Action Error: C:\Users\Hagga\AppData\Local\Programs\Python\Python39\lib\site-packages\sanic_cors\extension.py:39: DeprecationWarning: distutils Version classes are deprecated. Use packaging.version instead.
  SANIC_VERSION = LooseVersion(sanic_version)
Rasa Action Error: 2024-10-25 08:25:06 [1;30mINFO    [0m [34mrasa_sdk.endpoint[0m  - Starting action endpoint server...
Rasa Action Error: 2024-10-25 08:25:06 [1;30mERROR   [0m [34mrasa_sdk.executor[0m  - [31mFailed to register package 'actions'.[0m
Traceback (most recent call last):
  File "C:\Users\Hagga\AppData\Local\Programs\Python\Python39\lib\site-packages\rasa_sdk\executor.py", line 263, in register_package
    self._import_submodules(package)
  File "C:\Users\Hagga\AppData\Local\Programs\Python\Python39\lib\site-packages\rasa_sdk\executor.py", line 219, in _import_submodules
    package = self._import_module(package)
  File "C:\Users\Hagga\AppData\Local\Programs\Python\Python39\lib\site-packages\rasa_sdk\executor.py", line 240, in _import_module
    module = importlib.import_module(name)
  File "C:\Users\Hagga\AppData\Local\Programs\Python\Python39\lib\importlib\__init__.py", line 127, in import_module
    return _bootstrap._gcd_import(name[level:], package, level)
  File "<frozen importlib._bootstrap>", line 1030, in _gcd_import
  File "<frozen importlib._bootstrap>", line 1007, in _find_and_load
  File "<frozen importlib._bootstrap>", line 984, in _find_and_load_unlocked
ModuleNotFoundError: No module named 'actions'
Rasa Error: C:\Users\Hagga\AppData\Local\Programs\Python\Python39\lib\site-packages\sanic_cors\extension.py:39: DeprecationWarning: distutils Version classes are deprecated. Use packaging.version instead.
  SANIC_VERSION = LooseVersion(sanic_version)
Rasa Error: C:\Users\Hagga\AppData\Local\Programs\Python\Python39\lib\site-packages\tensorflow\lite\python\util.py:52: DeprecationWarning: jax.xla_computation is deprecated. Please use the AOT APIs.
  from jax import xla_computation as _xla_computation
Rasa Error: 2024-10-25 08:25:11 [1;30mINFO    [0m [34mroot[0m  - Starting Rasa server on http://0.0.0.0:5005
Rasa Error: 2024-10-25 08:25:12 [1;30mINFO    [0m [34mrasa.core.processor[0m  - Loading model D:\KP\website\src\app\back-end\Rasa\models\20241025-082414-tough-integer.tar.gz...
Rasa Error: [93mC:\Users\Hagga\AppData\Local\Programs\Python\Python39\lib\site-packages\rasa\utils\train_utils.py:530: UserWarning: constrain_similarities is set to `False`. It is recommended to set it to `True` when using cross-entropy loss.
  rasa.shared.utils.io.raise_warning(
[0mRasa Error: [93mC:\Users\Hagga\AppData\Local\Programs\Python\Python39\lib\site-packages\rasa\shared\utils\io.py:99: UserWarning: 'evaluate_every_number_of_epochs=20' is greater than 'epochs=1'. No evaluation will occur.
[0mRasa Error: 2024-10-25 08:25:52 [1;30mINFO    [0m [34mroot[0m  - Rasa server is up and running.
Starting Rasa server with model: D:\KP\website\src\app\back-end\Rasa\models\20241025-082414-tough-integer.tar.gz
Rasa server started successfully with PID: 11376
Rasa Error: C:\Users\Hagga\AppData\Local\Programs\Python\Python39\lib\site-packages\rasa\core\tracker_store.py:1044: MovedIn20Warning: Deprecated API features detected! These feature(s) are not compatible with SQLAlchemy 2.0. To prevent incompatible upgrades prior to updating applications, ensure requirements files are pinned to "sqlalchemy<2.0". Set environment variable SQLALCHEMY_WARN_20=1 to show all deprecation warnings.  Set environment variable SQLALCHEMY_SILENCE_UBER_WARNING=1 to silence this message. (Background on SQLAlchemy 2.0 at: https://sqlalche.me/e/b8d9)
  Base: DeclarativeMeta = declarative_base()
Rasa Action Error: C:\Users\Hagga\AppData\Local\Programs\Python\Python39\lib\site-packages\rasa\core\tracker_store.py:1044: MovedIn20Warning: Deprecated API features detected! These feature(s) are not compatible with SQLAlchemy 2.0. To prevent incompatible upgrades prior to updating applications, ensure requirements files are pinned to "sqlalchemy<2.0". Set environment variable SQLALCHEMY_WARN_20=1 to show all deprecation warnings.  Set environment variable SQLALCHEMY_SILENCE_UBER_WARNING=1 to silence this message. (Background on SQLAlchemy 2.0 at: https://sqlalche.me/e/b8d9)
  Base: DeclarativeMeta = declarative_base()
Rasa Action Error: C:\Users\Hagga\AppData\Local\Programs\Python\Python39\lib\site-packages\sanic_cors\extension.py:39: DeprecationWarning: distutils Version classes are deprecated. Use packaging.version instead.
  SANIC_VERSION = LooseVersion(sanic_version)
Rasa Error: C:\Users\Hagga\AppData\Local\Programs\Python\Python39\lib\site-packages\sanic_cors\extension.py:39: DeprecationWarning: distutils Version classes are deprecated. Use packaging.version instead.
  SANIC_VERSION = LooseVersion(sanic_version)
Rasa Action Error: 2024-10-25 09:12:44 [1;30mINFO    [0m [34mrasa_sdk.endpoint[0m  - Starting action endpoint server...
Rasa Action Error: 2024-10-25 09:12:44 [1;30mERROR   [0m [34mrasa_sdk.executor[0m  - [31mFailed to register package 'actions'.[0m
Traceback (most recent call last):
  File "C:\Users\Hagga\AppData\Local\Programs\Python\Python39\lib\site-packages\rasa_sdk\executor.py", line 263, in register_package
    self._import_submodules(package)
  File "C:\Users\Hagga\AppData\Local\Programs\Python\Python39\lib\site-packages\rasa_sdk\executor.py", line 219, in _import_submodules
    package = self._import_module(package)
  File "C:\Users\Hagga\AppData\Local\Programs\Python\Python39\lib\site-packages\rasa_sdk\executor.py", line 240, in _import_module
    module = importlib.import_module(name)
  File "C:\Users\Hagga\AppData\Local\Programs\Python\Python39\lib\importlib\__init__.py", line 127, in import_module
    return _bootstrap._gcd_import(name[level:], package, level)
  File "<frozen importlib._bootstrap>", line 1030, in _gcd_import
  File "<frozen importlib._bootstrap>", line 1007, in _find_and_load
  File "<frozen importlib._bootstrap>", line 984, in _find_and_load_unlocked
ModuleNotFoundError: No module named 'actions'
Rasa Error: C:\Users\Hagga\AppData\Local\Programs\Python\Python39\lib\site-packages\tensorflow\lite\python\util.py:52: DeprecationWarning: jax.xla_computation is deprecated. Please use the AOT APIs.
  from jax import xla_computation as _xla_computation
Rasa Error: 2024-10-25 09:12:59 [1;30mINFO    [0m [34mroot[0m  - Starting Rasa server on http://0.0.0.0:5005
Rasa Error: 2024-10-25 09:12:59 [1;30mINFO    [0m [34mrasa.core.processor[0m  - Loading model D:\KP\website\src\app\back-end\Rasa\models\20241025-082414-tough-integer.tar.gz...
Rasa Error: [93mC:\Users\Hagga\AppData\Local\Programs\Python\Python39\lib\site-packages\rasa\utils\train_utils.py:530: UserWarning: constrain_similarities is set to `False`. It is recommended to set it to `True` when using cross-entropy loss.
  rasa.shared.utils.io.raise_warning(
[0mRasa Error: [93mC:\Users\Hagga\AppData\Local\Programs\Python\Python39\lib\site-packages\rasa\shared\utils\io.py:99: UserWarning: 'evaluate_every_number_of_epochs=20' is greater than 'epochs=1'. No evaluation will occur.
[0mRasa Error: 2024-10-25 09:13:42 [1;30mINFO    [0m [34mroot[0m  - Rasa server is up and running.
Rasa Error: 2024-10-25 09:15:36 [1;30mWARNING [0m [34mrasa.core.processor[0m  - [33mCircuit breaker tripped. Stopped predicting more actions for sender 'test_user'.[0m
Rasa Error: 2024-10-25 09:15:46 [1;30mWARNING [0m [34mrasa.core.processor[0m  - [33mCircuit breaker tripped. Stopped predicting more actions for sender 'test_user'.[0m
Rasa Error: 2024-10-25 09:15:48 [1;30mWARNING [0m [34mrasa.core.processor[0m  - [33mCircuit breaker tripped. Stopped predicting more actions for sender 'test_user'.[0m
Rasa Error: 2024-10-25 09:16:15 [1;30mWARNING [0m [34mrasa.core.processor[0m  - [33mCircuit breaker tripped. Stopped predicting more actions for sender 'test_user'.[0m
Starting Rasa server with model: D:\KP\website\src\app\back-end\Rasa\models\20241025-082414-tough-integer.tar.gz
Rasa server started successfully with PID: 9176
Rasa Action Error: C:\Users\Hagga\AppData\Local\Programs\Python\Python39\lib\site-packages\rasa\core\tracker_store.py:1044: MovedIn20Warning: Deprecated API features detected! These feature(s) are not compatible with SQLAlchemy 2.0. To prevent incompatible upgrades prior to updating applications, ensure requirements files are pinned to "sqlalchemy<2.0". Set environment variable SQLALCHEMY_WARN_20=1 to show all deprecation warnings.  Set environment variable SQLALCHEMY_SILENCE_UBER_WARNING=1 to silence this message. (Background on SQLAlchemy 2.0 at: https://sqlalche.me/e/b8d9)
  Base: DeclarativeMeta = declarative_base()
Rasa Error: C:\Users\Hagga\AppData\Local\Programs\Python\Python39\lib\site-packages\rasa\core\tracker_store.py:1044: MovedIn20Warning: Deprecated API features detected! These feature(s) are not compatible with SQLAlchemy 2.0. To prevent incompatible upgrades prior to updating applications, ensure requirements files are pinned to "sqlalchemy<2.0". Set environment variable SQLALCHEMY_WARN_20=1 to show all deprecation warnings.  Set environment variable SQLALCHEMY_SILENCE_UBER_WARNING=1 to silence this message. (Background on SQLAlchemy 2.0 at: https://sqlalche.me/e/b8d9)
  Base: DeclarativeMeta = declarative_base()
Rasa Error: C:\Users\Hagga\AppData\Local\Programs\Python\Python39\lib\site-packages\sanic_cors\extension.py:39: DeprecationWarning: distutils Version classes are deprecated. Use packaging.version instead.
  SANIC_VERSION = LooseVersion(sanic_version)
Rasa Action Error: C:\Users\Hagga\AppData\Local\Programs\Python\Python39\lib\site-packages\sanic_cors\extension.py:39: DeprecationWarning: distutils Version classes are deprecated. Use packaging.version instead.
  SANIC_VERSION = LooseVersion(sanic_version)
Rasa Action Error: 2024-10-25 09:18:39 [1;30mINFO    [0m [34mrasa_sdk.endpoint[0m  - Starting action endpoint server...
Rasa Action Error: 2024-10-25 09:18:39 [1;30mERROR   [0m [34mrasa_sdk.executor[0m  - [31mFailed to register package 'actions'.[0m
Traceback (most recent call last):
  File "C:\Users\Hagga\AppData\Local\Programs\Python\Python39\lib\site-packages\rasa_sdk\executor.py", line 263, in register_package
    self._import_submodules(package)
  File "C:\Users\Hagga\AppData\Local\Programs\Python\Python39\lib\site-packages\rasa_sdk\executor.py", line 219, in _import_submodules
    package = self._import_module(package)
  File "C:\Users\Hagga\AppData\Local\Programs\Python\Python39\lib\site-packages\rasa_sdk\executor.py", line 240, in _import_module
    module = importlib.import_module(name)
  File "C:\Users\Hagga\AppData\Local\Programs\Python\Python39\lib\importlib\__init__.py", line 127, in import_module
    return _bootstrap._gcd_import(name[level:], package, level)
  File "<frozen importlib._bootstrap>", line 1030, in _gcd_import
  File "<frozen importlib._bootstrap>", line 1007, in _find_and_load
  File "<frozen importlib._bootstrap>", line 984, in _find_and_load_unlocked
ModuleNotFoundError: No module named 'actions'
Rasa Error: C:\Users\Hagga\AppData\Local\Programs\Python\Python39\lib\site-packages\tensorflow\lite\python\util.py:52: DeprecationWarning: jax.xla_computation is deprecated. Please use the AOT APIs.
  from jax import xla_computation as _xla_computation
Rasa Error: 2024-10-25 09:18:45 [1;30mINFO    [0m [34mroot[0m  - Starting Rasa server on http://0.0.0.0:5005
Rasa Error: 2024-10-25 09:18:45 [1;30mINFO    [0m [34mrasa.core.processor[0m  - Loading model D:\KP\website\src\app\back-end\Rasa\models\20241025-082414-tough-integer.tar.gz...
Rasa Error: [93mC:\Users\Hagga\AppData\Local\Programs\Python\Python39\lib\site-packages\rasa\utils\train_utils.py:530: UserWarning: constrain_similarities is set to `False`. It is recommended to set it to `True` when using cross-entropy loss.
  rasa.shared.utils.io.raise_warning(
[0mRasa Error: [93mC:\Users\Hagga\AppData\Local\Programs\Python\Python39\lib\site-packages\rasa\shared\utils\io.py:99: UserWarning: 'evaluate_every_number_of_epochs=20' is greater than 'epochs=1'. No evaluation will occur.
[0mRasa Error: 2024-10-25 09:19:24 [1;30mINFO    [0m [34mroot[0m  - Rasa server is up and running.
Starting Rasa server with model: D:\KP\website\src\app\back-end\Rasa\models\20241025-082414-tough-integer.tar.gz
Rasa server started successfully with PID: 2812
Rasa Action Error: C:\Users\Hagga\AppData\Local\Programs\Python\Python39\lib\site-packages\rasa\core\tracker_store.py:1044: MovedIn20Warning: Deprecated API features detected! These feature(s) are not compatible with SQLAlchemy 2.0. To prevent incompatible upgrades prior to updating applications, ensure requirements files are pinned to "sqlalchemy<2.0". Set environment variable SQLALCHEMY_WARN_20=1 to show all deprecation warnings.  Set environment variable SQLALCHEMY_SILENCE_UBER_WARNING=1 to silence this message. (Background on SQLAlchemy 2.0 at: https://sqlalche.me/e/b8d9)
  Base: DeclarativeMeta = declarative_base()
Rasa Error: C:\Users\Hagga\AppData\Local\Programs\Python\Python39\lib\site-packages\rasa\core\tracker_store.py:1044: MovedIn20Warning: Deprecated API features detected! These feature(s) are not compatible with SQLAlchemy 2.0. To prevent incompatible upgrades prior to updating applications, ensure requirements files are pinned to "sqlalchemy<2.0". Set environment variable SQLALCHEMY_WARN_20=1 to show all deprecation warnings.  Set environment variable SQLALCHEMY_SILENCE_UBER_WARNING=1 to silence this message. (Background on SQLAlchemy 2.0 at: https://sqlalche.me/e/b8d9)
  Base: DeclarativeMeta = declarative_base()
Rasa Error: C:\Users\Hagga\AppData\Local\Programs\Python\Python39\lib\site-packages\sanic_cors\extension.py:39: DeprecationWarning: distutils Version classes are deprecated. Use packaging.version instead.
  SANIC_VERSION = LooseVersion(sanic_version)
Rasa Action Error: C:\Users\Hagga\AppData\Local\Programs\Python\Python39\lib\site-packages\sanic_cors\extension.py:39: DeprecationWarning: distutils Version classes are deprecated. Use packaging.version instead.
  SANIC_VERSION = LooseVersion(sanic_version)
Rasa Action Error: 2024-10-25 09:31:09 [1;30mINFO    [0m [34mrasa_sdk.endpoint[0m  - Starting action endpoint server...
Rasa Action Error: 2024-10-25 09:31:09 [1;30mINFO    [0m [34mrasa_sdk.executor[0m  - Registered function for 'action_retrieve_rooms'.
Rasa Action Error: 2024-10-25 09:31:09 [1;30mINFO    [0m [34mrasa_sdk.endpoint[0m  - Starting plugins...
Rasa Action Error: 2024-10-25 09:31:09 [1;30mINFO    [0m [34mrasa_sdk.endpoint[0m  - Action endpoint is up and running on http://0.0.0.0:5055
Rasa Error: C:\Users\Hagga\AppData\Local\Programs\Python\Python39\lib\site-packages\tensorflow\lite\python\util.py:52: DeprecationWarning: jax.xla_computation is deprecated. Please use the AOT APIs.
  from jax import xla_computation as _xla_computation
Rasa Error: 2024-10-25 09:31:15 [1;30mINFO    [0m [34mroot[0m  - Starting Rasa server on http://0.0.0.0:5005
Rasa Error: 2024-10-25 09:31:15 [1;30mINFO    [0m [34mrasa.core.processor[0m  - Loading model D:\KP\website\src\app\back-end\Rasa\models\20241025-082414-tough-integer.tar.gz...
Rasa Error: [93mC:\Users\Hagga\AppData\Local\Programs\Python\Python39\lib\site-packages\rasa\utils\train_utils.py:530: UserWarning: constrain_similarities is set to `False`. It is recommended to set it to `True` when using cross-entropy loss.
  rasa.shared.utils.io.raise_warning(
[0mRasa Error: [93mC:\Users\Hagga\AppData\Local\Programs\Python\Python39\lib\site-packages\rasa\shared\utils\io.py:99: UserWarning: 'evaluate_every_number_of_epochs=20' is greater than 'epochs=1'. No evaluation will occur.
[0mRasa Error: 2024-10-25 09:31:54 [1;30mINFO    [0m [34mroot[0m  - Rasa server is up and running.
Rasa Error: 2024-10-25 09:32:25 [1;30mWARNING [0m [34mrasa.core.processor[0m  - [33mCircuit breaker tripped. Stopped predicting more actions for sender 'test_user'.[0m
Rasa server exited with code 1, signal null
Starting Rasa server with model: D:\KP\website\src\app\back-end\Rasa\models\20241025-082414-tough-integer.tar.gz
Rasa server started successfully with PID: 19184
Rasa Error: C:\Users\Hagga\AppData\Local\Programs\Python\Python39\lib\site-packages\rasa\core\tracker_store.py:1044: MovedIn20Warning: Deprecated API features detected! These feature(s) are not compatible with SQLAlchemy 2.0. To prevent incompatible upgrades prior to updating applications, ensure requirements files are pinned to "sqlalchemy<2.0". Set environment variable SQLALCHEMY_WARN_20=1 to show all deprecation warnings.  Set environment variable SQLALCHEMY_SILENCE_UBER_WARNING=1 to silence this message. (Background on SQLAlchemy 2.0 at: https://sqlalche.me/e/b8d9)
  Base: DeclarativeMeta = declarative_base()
Rasa Error: C:\Users\Hagga\AppData\Local\Programs\Python\Python39\lib\site-packages\sanic_cors\extension.py:39: DeprecationWarning: distutils Version classes are deprecated. Use packaging.version instead.
  SANIC_VERSION = LooseVersion(sanic_version)
Rasa Error: C:\Users\Hagga\AppData\Local\Programs\Python\Python39\lib\site-packages\tensorflow\lite\python\util.py:52: DeprecationWarning: jax.xla_computation is deprecated. Please use the AOT APIs.
  from jax import xla_computation as _xla_computation
Rasa Error: 2024-10-25 09:35:45 [1;30mINFO    [0m [34mroot[0m  - Starting Rasa server on http://0.0.0.0:5005
Rasa Error: 2024-10-25 09:35:46 [1;30mINFO    [0m [34mrasa.core.processor[0m  - Loading model D:\KP\website\src\app\back-end\Rasa\models\20241025-082414-tough-integer.tar.gz...
Rasa Error: [93mC:\Users\Hagga\AppData\Local\Programs\Python\Python39\lib\site-packages\rasa\utils\train_utils.py:530: UserWarning: constrain_similarities is set to `False`. It is recommended to set it to `True` when using cross-entropy loss.
  rasa.shared.utils.io.raise_warning(
[0mRasa Error: [93mC:\Users\Hagga\AppData\Local\Programs\Python\Python39\lib\site-packages\rasa\shared\utils\io.py:99: UserWarning: 'evaluate_every_number_of_epochs=20' is greater than 'epochs=1'. No evaluation will occur.
[0mRasa Error: 2024-10-25 09:36:24 [1;30mINFO    [0m [34mroot[0m  - Rasa server is up and running.
Rasa Error: 2024-10-25 09:36:31 [1;30mWARNING [0m [34mrasa.core.processor[0m  - [33mCircuit breaker tripped. Stopped predicting more actions for sender 'test_user'.[0m
Rasa server exited with code 1, signal null
Starting Rasa server with model: D:\KP\website\src\app\back-end\Rasa\models\20241025-082414-tough-integer.tar.gz
Rasa server started successfully with PID: 3624
Rasa Error: C:\Users\Hagga\AppData\Local\Programs\Python\Python39\lib\site-packages\rasa\core\tracker_store.py:1044: MovedIn20Warning: Deprecated API features detected! These feature(s) are not compatible with SQLAlchemy 2.0. To prevent incompatible upgrades prior to updating applications, ensure requirements files are pinned to "sqlalchemy<2.0". Set environment variable SQLALCHEMY_WARN_20=1 to show all deprecation warnings.  Set environment variable SQLALCHEMY_SILENCE_UBER_WARNING=1 to silence this message. (Background on SQLAlchemy 2.0 at: https://sqlalche.me/e/b8d9)
  Base: DeclarativeMeta = declarative_base()
Rasa Error: C:\Users\Hagga\AppData\Local\Programs\Python\Python39\lib\site-packages\sanic_cors\extension.py:39: DeprecationWarning: distutils Version classes are deprecated. Use packaging.version instead.
  SANIC_VERSION = LooseVersion(sanic_version)
Rasa Error: C:\Users\Hagga\AppData\Local\Programs\Python\Python39\lib\site-packages\tensorflow\lite\python\util.py:52: DeprecationWarning: jax.xla_computation is deprecated. Please use the AOT APIs.
  from jax import xla_computation as _xla_computation
Rasa Error: 2024-10-25 14:44:13 [1;30mINFO    [0m [34mroot[0m  - Starting Rasa server on http://0.0.0.0:5005
Rasa Error: 2024-10-25 14:44:13 [1;30mINFO    [0m [34mrasa.core.processor[0m  - Loading model D:\KP\website\src\app\back-end\Rasa\models\20241025-082414-tough-integer.tar.gz...
Rasa Error: [93mC:\Users\Hagga\AppData\Local\Programs\Python\Python39\lib\site-packages\rasa\utils\train_utils.py:530: UserWarning: constrain_similarities is set to `False`. It is recommended to set it to `True` when using cross-entropy loss.
  rasa.shared.utils.io.raise_warning(
[0mRasa Error: [93mC:\Users\Hagga\AppData\Local\Programs\Python\Python39\lib\site-packages\rasa\shared\utils\io.py:99: UserWarning: 'evaluate_every_number_of_epochs=20' is greater than 'epochs=1'. No evaluation will occur.
[0mRasa Error: 2024-10-25 14:44:54 [1;30mINFO    [0m [34mroot[0m  - Rasa server is up and running.
Rasa Error: 2024-10-25 14:45:00 [1;30mWARNING [0m [34mrasa.core.processor[0m  - [33mCircuit breaker tripped. Stopped predicting more actions for sender 'test_user'.[0m
Rasa Error: 2024-10-25 14:46:05 [1;30mWARNING [0m [34mrasa.core.processor[0m  - [33mCircuit breaker tripped. Stopped predicting more actions for sender 'test_user'.[0m
Rasa Error: 2024-10-25 14:46:12 [1;30mWARNING [0m [34mrasa.core.processor[0m  - [33mCircuit breaker tripped. Stopped predicting more actions for sender 'test_user'.[0m
Rasa server exited with code 1, signal null
Starting Rasa server with model: D:\KP\website\src\app\back-end\Rasa\models\20241025-144725-urbane-dragster.tar.gz
Rasa server started successfully with PID: 18088
Rasa Error: C:\Users\Hagga\AppData\Local\Programs\Python\Python39\lib\site-packages\rasa\core\tracker_store.py:1044: MovedIn20Warning: Deprecated API features detected! These feature(s) are not compatible with SQLAlchemy 2.0. To prevent incompatible upgrades prior to updating applications, ensure requirements files are pinned to "sqlalchemy<2.0". Set environment variable SQLALCHEMY_WARN_20=1 to show all deprecation warnings.  Set environment variable SQLALCHEMY_SILENCE_UBER_WARNING=1 to silence this message. (Background on SQLAlchemy 2.0 at: https://sqlalche.me/e/b8d9)
  Base: DeclarativeMeta = declarative_base()
Rasa Error: C:\Users\Hagga\AppData\Local\Programs\Python\Python39\lib\site-packages\sanic_cors\extension.py:39: DeprecationWarning: distutils Version classes are deprecated. Use packaging.version instead.
  SANIC_VERSION = LooseVersion(sanic_version)
Rasa Error: C:\Users\Hagga\AppData\Local\Programs\Python\Python39\lib\site-packages\tensorflow\lite\python\util.py:52: DeprecationWarning: jax.xla_computation is deprecated. Please use the AOT APIs.
  from jax import xla_computation as _xla_computation
Rasa Error: 2024-10-25 14:47:42 [1;30mINFO    [0m [34mroot[0m  - Starting Rasa server on http://0.0.0.0:5005
Rasa Error: 2024-10-25 14:47:42 [1;30mINFO    [0m [34mrasa.core.processor[0m  - Loading model D:\KP\website\src\app\back-end\Rasa\models\20241025-144725-urbane-dragster.tar.gz...
Rasa Error: [93mC:\Users\Hagga\AppData\Local\Programs\Python\Python39\lib\site-packages\rasa\utils\train_utils.py:530: UserWarning: constrain_similarities is set to `False`. It is recommended to set it to `True` when using cross-entropy loss.
  rasa.shared.utils.io.raise_warning(
[0mRasa Error: [93mC:\Users\Hagga\AppData\Local\Programs\Python\Python39\lib\site-packages\rasa\shared\utils\io.py:99: UserWarning: 'evaluate_every_number_of_epochs=20' is greater than 'epochs=1'. No evaluation will occur.
[0mRasa Error: 2024-10-25 14:48:21 [1;30mINFO    [0m [34mroot[0m  - Rasa server is up and running.
Starting Rasa server with model: D:\KP\website\src\app\back-end\Rasa\models\20241025-144725-urbane-dragster.tar.gz
Rasa server started successfully with PID: 21268
Rasa Action Error: C:\Users\Hagga\AppData\Local\Programs\Python\Python39\lib\site-packages\rasa\core\tracker_store.py:1044: MovedIn20Warning: Deprecated API features detected! These feature(s) are not compatible with SQLAlchemy 2.0. To prevent incompatible upgrades prior to updating applications, ensure requirements files are pinned to "sqlalchemy<2.0". Set environment variable SQLALCHEMY_WARN_20=1 to show all deprecation warnings.  Set environment variable SQLALCHEMY_SILENCE_UBER_WARNING=1 to silence this message. (Background on SQLAlchemy 2.0 at: https://sqlalche.me/e/b8d9)
  Base: DeclarativeMeta = declarative_base()
Rasa Error: C:\Users\Hagga\AppData\Local\Programs\Python\Python39\lib\site-packages\rasa\core\tracker_store.py:1044: MovedIn20Warning: Deprecated API features detected! These feature(s) are not compatible with SQLAlchemy 2.0. To prevent incompatible upgrades prior to updating applications, ensure requirements files are pinned to "sqlalchemy<2.0". Set environment variable SQLALCHEMY_WARN_20=1 to show all deprecation warnings.  Set environment variable SQLALCHEMY_SILENCE_UBER_WARNING=1 to silence this message. (Background on SQLAlchemy 2.0 at: https://sqlalche.me/e/b8d9)
  Base: DeclarativeMeta = declarative_base()
Rasa Error: C:\Users\Hagga\AppData\Local\Programs\Python\Python39\lib\site-packages\sanic_cors\extension.py:39: DeprecationWarning: distutils Version classes are deprecated. Use packaging.version instead.
  SANIC_VERSION = LooseVersion(sanic_version)
Rasa Action Error: C:\Users\Hagga\AppData\Local\Programs\Python\Python39\lib\site-packages\sanic_cors\extension.py:39: DeprecationWarning: distutils Version classes are deprecated. Use packaging.version instead.
  SANIC_VERSION = LooseVersion(sanic_version)
Rasa Action Error: 2024-10-25 14:55:52 [1;30mINFO    [0m [34mrasa_sdk.endpoint[0m  - Starting action endpoint server...
Rasa Action Error: 2024-10-25 14:55:52 [1;30mINFO    [0m [34mrasa_sdk.executor[0m  - Registered function for 'action_retrieve_rooms'.
Rasa Action Error: 2024-10-25 14:55:52 [1;30mINFO    [0m [34mrasa_sdk.endpoint[0m  - Starting plugins...
Rasa Action Error: 2024-10-25 14:55:52 [1;30mINFO    [0m [34mrasa_sdk.endpoint[0m  - Action endpoint is up and running on http://0.0.0.0:5055
Rasa Error: C:\Users\Hagga\AppData\Local\Programs\Python\Python39\lib\site-packages\tensorflow\lite\python\util.py:52: DeprecationWarning: jax.xla_computation is deprecated. Please use the AOT APIs.
  from jax import xla_computation as _xla_computation
Rasa Error: 2024-10-25 14:55:58 [1;30mINFO    [0m [34mroot[0m  - Starting Rasa server on http://0.0.0.0:5005
Rasa Error: 2024-10-25 14:55:58 [1;30mINFO    [0m [34mrasa.core.processor[0m  - Loading model D:\KP\website\src\app\back-end\Rasa\models\20241025-144725-urbane-dragster.tar.gz...
Rasa Error: [93mC:\Users\Hagga\AppData\Local\Programs\Python\Python39\lib\site-packages\rasa\utils\train_utils.py:530: UserWarning: constrain_similarities is set to `False`. It is recommended to set it to `True` when using cross-entropy loss.
  rasa.shared.utils.io.raise_warning(
[0mRasa Error: [93mC:\Users\Hagga\AppData\Local\Programs\Python\Python39\lib\site-packages\rasa\shared\utils\io.py:99: UserWarning: 'evaluate_every_number_of_epochs=20' is greater than 'epochs=1'. No evaluation will occur.
[0mRasa Error: 2024-10-25 14:56:37 [1;30mINFO    [0m [34mroot[0m  - Rasa server is up and running.
Starting Rasa server with model: D:\KP\website\src\app\back-end\Rasa\models\20241025-144725-urbane-dragster.tar.gz
Rasa server started successfully with PID: 9016
Rasa Action Error: C:\Users\Hagga\AppData\Local\Programs\Python\Python39\lib\site-packages\rasa\core\tracker_store.py:1044: MovedIn20Warning: Deprecated API features detected! These feature(s) are not compatible with SQLAlchemy 2.0. To prevent incompatible upgrades prior to updating applications, ensure requirements files are pinned to "sqlalchemy<2.0". Set environment variable SQLALCHEMY_WARN_20=1 to show all deprecation warnings.  Set environment variable SQLALCHEMY_SILENCE_UBER_WARNING=1 to silence this message. (Background on SQLAlchemy 2.0 at: https://sqlalche.me/e/b8d9)
  Base: DeclarativeMeta = declarative_base()
Rasa Error: C:\Users\Hagga\AppData\Local\Programs\Python\Python39\lib\site-packages\rasa\core\tracker_store.py:1044: MovedIn20Warning: Deprecated API features detected! These feature(s) are not compatible with SQLAlchemy 2.0. To prevent incompatible upgrades prior to updating applications, ensure requirements files are pinned to "sqlalchemy<2.0". Set environment variable SQLALCHEMY_WARN_20=1 to show all deprecation warnings.  Set environment variable SQLALCHEMY_SILENCE_UBER_WARNING=1 to silence this message. (Background on SQLAlchemy 2.0 at: https://sqlalche.me/e/b8d9)
  Base: DeclarativeMeta = declarative_base()
Rasa Error: C:\Users\Hagga\AppData\Local\Programs\Python\Python39\lib\site-packages\sanic_cors\extension.py:39: DeprecationWarning: distutils Version classes are deprecated. Use packaging.version instead.
  SANIC_VERSION = LooseVersion(sanic_version)
Rasa Action Error: C:\Users\Hagga\AppData\Local\Programs\Python\Python39\lib\site-packages\sanic_cors\extension.py:39: DeprecationWarning: distutils Version classes are deprecated. Use packaging.version instead.
  SANIC_VERSION = LooseVersion(sanic_version)
Rasa Action Error: 2024-10-25 16:11:15 [1;30mINFO    [0m [34mrasa_sdk.endpoint[0m  - Starting action endpoint server...
Rasa Action Error: 2024-10-25 16:11:15 [1;30mINFO    [0m [34mrasa_sdk.executor[0m  - Registered function for 'action_retrieve_rooms'.
Rasa Action Error: 2024-10-25 16:11:15 [1;30mINFO    [0m [34mrasa_sdk.endpoint[0m  - Starting plugins...
Rasa Action Error: 2024-10-25 16:11:15 [1;30mINFO    [0m [34mrasa_sdk.endpoint[0m  - Action endpoint is up and running on http://0.0.0.0:5055
Rasa Error: C:\Users\Hagga\AppData\Local\Programs\Python\Python39\lib\site-packages\tensorflow\lite\python\util.py:52: DeprecationWarning: jax.xla_computation is deprecated. Please use the AOT APIs.
  from jax import xla_computation as _xla_computation
Rasa Error: 2024-10-25 16:11:21 [1;30mINFO    [0m [34mroot[0m  - Starting Rasa server on http://0.0.0.0:5005
Rasa Error: 2024-10-25 16:11:22 [1;30mINFO    [0m [34mrasa.core.processor[0m  - Loading model D:\KP\website\src\app\back-end\Rasa\models\20241025-144725-urbane-dragster.tar.gz...
Rasa Error: [93mC:\Users\Hagga\AppData\Local\Programs\Python\Python39\lib\site-packages\rasa\utils\train_utils.py:530: UserWarning: constrain_similarities is set to `False`. It is recommended to set it to `True` when using cross-entropy loss.
  rasa.shared.utils.io.raise_warning(
[0mRasa Error: [93mC:\Users\Hagga\AppData\Local\Programs\Python\Python39\lib\site-packages\rasa\shared\utils\io.py:99: UserWarning: 'evaluate_every_number_of_epochs=20' is greater than 'epochs=1'. No evaluation will occur.
[0mRasa Error: 2024-10-25 16:12:00 [1;30mINFO    [0m [34mroot[0m  - Rasa server is up and running.
Starting Rasa server with model: D:\KP\website\src\app\back-end\Rasa\models\20241025-144725-urbane-dragster.tar.gz
Rasa server started successfully with PID: 22020
Rasa Error: C:\Users\Hagga\AppData\Local\Programs\Python\Python39\lib\site-packages\rasa\core\tracker_store.py:1044: MovedIn20Warning: Deprecated API features detected! These feature(s) are not compatible with SQLAlchemy 2.0. To prevent incompatible upgrades prior to updating applications, ensure requirements files are pinned to "sqlalchemy<2.0". Set environment variable SQLALCHEMY_WARN_20=1 to show all deprecation warnings.  Set environment variable SQLALCHEMY_SILENCE_UBER_WARNING=1 to silence this message. (Background on SQLAlchemy 2.0 at: https://sqlalche.me/e/b8d9)
  Base: DeclarativeMeta = declarative_base()
Rasa Action Error: C:\Users\Hagga\AppData\Local\Programs\Python\Python39\lib\site-packages\rasa\core\tracker_store.py:1044: MovedIn20Warning: Deprecated API features detected! These feature(s) are not compatible with SQLAlchemy 2.0. To prevent incompatible upgrades prior to updating applications, ensure requirements files are pinned to "sqlalchemy<2.0". Set environment variable SQLALCHEMY_WARN_20=1 to show all deprecation warnings.  Set environment variable SQLALCHEMY_SILENCE_UBER_WARNING=1 to silence this message. (Background on SQLAlchemy 2.0 at: https://sqlalche.me/e/b8d9)
  Base: DeclarativeMeta = declarative_base()
Rasa Error: C:\Users\Hagga\AppData\Local\Programs\Python\Python39\lib\site-packages\sanic_cors\extension.py:39: DeprecationWarning: distutils Version classes are deprecated. Use packaging.version instead.
  SANIC_VERSION = LooseVersion(sanic_version)
Rasa Action Error: C:\Users\Hagga\AppData\Local\Programs\Python\Python39\lib\site-packages\sanic_cors\extension.py:39: DeprecationWarning: distutils Version classes are deprecated. Use packaging.version instead.
  SANIC_VERSION = LooseVersion(sanic_version)
Rasa Action Error: 2024-10-25 16:29:03 [1;30mINFO    [0m [34mrasa_sdk.endpoint[0m  - Starting action endpoint server...
Rasa Action Error: 2024-10-25 16:29:03 [1;30mINFO    [0m [34mrasa_sdk.executor[0m  - Registered function for 'action_retrieve_rooms'.
Rasa Action Error: 2024-10-25 16:29:03 [1;30mINFO    [0m [34mrasa_sdk.endpoint[0m  - Starting plugins...
Rasa Action Error: 2024-10-25 16:29:03 [1;30mINFO    [0m [34mrasa_sdk.endpoint[0m  - Action endpoint is up and running on http://0.0.0.0:5055
Rasa Error: C:\Users\Hagga\AppData\Local\Programs\Python\Python39\lib\site-packages\tensorflow\lite\python\util.py:52: DeprecationWarning: jax.xla_computation is deprecated. Please use the AOT APIs.
  from jax import xla_computation as _xla_computation
Rasa Error: 2024-10-25 16:29:08 [1;30mINFO    [0m [34mroot[0m  - Starting Rasa server on http://0.0.0.0:5005
Rasa Error: 2024-10-25 16:29:09 [1;30mINFO    [0m [34mrasa.core.processor[0m  - Loading model D:\KP\website\src\app\back-end\Rasa\models\20241025-144725-urbane-dragster.tar.gz...
Rasa Error: [93mC:\Users\Hagga\AppData\Local\Programs\Python\Python39\lib\site-packages\rasa\utils\train_utils.py:530: UserWarning: constrain_similarities is set to `False`. It is recommended to set it to `True` when using cross-entropy loss.
  rasa.shared.utils.io.raise_warning(
[0mRasa Error: [93mC:\Users\Hagga\AppData\Local\Programs\Python\Python39\lib\site-packages\rasa\shared\utils\io.py:99: UserWarning: 'evaluate_every_number_of_epochs=20' is greater than 'epochs=1'. No evaluation will occur.
[0mRasa Error: 2024-10-25 16:29:46 [1;30mINFO    [0m [34mroot[0m  - Rasa server is up and running.
Rasa server exited with code 1, signal null
Starting Rasa server with model: D:\KP\website\src\app\back-end\Rasa\models\20241025-144725-urbane-dragster.tar.gz
Rasa server started successfully with PID: 19864
Rasa Error: C:\Users\Hagga\AppData\Local\Programs\Python\Python39\lib\site-packages\rasa\core\tracker_store.py:1044: MovedIn20Warning: Deprecated API features detected! These feature(s) are not compatible with SQLAlchemy 2.0. To prevent incompatible upgrades prior to updating applications, ensure requirements files are pinned to "sqlalchemy<2.0". Set environment variable SQLALCHEMY_WARN_20=1 to show all deprecation warnings.  Set environment variable SQLALCHEMY_SILENCE_UBER_WARNING=1 to silence this message. (Background on SQLAlchemy 2.0 at: https://sqlalche.me/e/b8d9)
  Base: DeclarativeMeta = declarative_base()
Rasa Action Error: C:\Users\Hagga\AppData\Local\Programs\Python\Python39\lib\site-packages\rasa\core\tracker_store.py:1044: MovedIn20Warning: Deprecated API features detected! These feature(s) are not compatible with SQLAlchemy 2.0. To prevent incompatible upgrades prior to updating applications, ensure requirements files are pinned to "sqlalchemy<2.0". Set environment variable SQLALCHEMY_WARN_20=1 to show all deprecation warnings.  Set environment variable SQLALCHEMY_SILENCE_UBER_WARNING=1 to silence this message. (Background on SQLAlchemy 2.0 at: https://sqlalche.me/e/b8d9)
  Base: DeclarativeMeta = declarative_base()
Rasa Error: C:\Users\Hagga\AppData\Local\Programs\Python\Python39\lib\site-packages\sanic_cors\extension.py:39: DeprecationWarning: distutils Version classes are deprecated. Use packaging.version instead.
  SANIC_VERSION = LooseVersion(sanic_version)
Rasa Action Error: C:\Users\Hagga\AppData\Local\Programs\Python\Python39\lib\site-packages\sanic_cors\extension.py:39: DeprecationWarning: distutils Version classes are deprecated. Use packaging.version instead.
  SANIC_VERSION = LooseVersion(sanic_version)
Rasa Action Error: 2024-10-25 16:32:44 [1;30mINFO    [0m [34mrasa_sdk.endpoint[0m  - Starting action endpoint server...
Rasa Action Error: 2024-10-25 16:32:44 [1;30mINFO    [0m [34mrasa_sdk.executor[0m  - Registered function for 'action_retrieve_rooms'.
Rasa Action Error: 2024-10-25 16:32:44 [1;30mINFO    [0m [34mrasa_sdk.endpoint[0m  - Starting plugins...
Rasa Action Error: 2024-10-25 16:32:44 [1;30mINFO    [0m [34mrasa_sdk.endpoint[0m  - Action endpoint is up and running on http://0.0.0.0:5055
Rasa Error: C:\Users\Hagga\AppData\Local\Programs\Python\Python39\lib\site-packages\tensorflow\lite\python\util.py:52: DeprecationWarning: jax.xla_computation is deprecated. Please use the AOT APIs.
  from jax import xla_computation as _xla_computation
Rasa Error: 2024-10-25 16:32:48 [1;30mINFO    [0m [34mroot[0m  - Starting Rasa server on http://0.0.0.0:5005
Rasa Error: 2024-10-25 16:32:48 [1;30mINFO    [0m [34mrasa.core.processor[0m  - Loading model D:\KP\website\src\app\back-end\Rasa\models\20241025-144725-urbane-dragster.tar.gz...
Rasa Error: [93mC:\Users\Hagga\AppData\Local\Programs\Python\Python39\lib\site-packages\rasa\utils\train_utils.py:530: UserWarning: constrain_similarities is set to `False`. It is recommended to set it to `True` when using cross-entropy loss.
  rasa.shared.utils.io.raise_warning(
[0mRasa Error: [93mC:\Users\Hagga\AppData\Local\Programs\Python\Python39\lib\site-packages\rasa\shared\utils\io.py:99: UserWarning: 'evaluate_every_number_of_epochs=20' is greater than 'epochs=1'. No evaluation will occur.
[0mRasa Error: 2024-10-25 16:33:26 [1;30mINFO    [0m [34mroot[0m  - Rasa server is up and running.
Rasa Error: 2024-10-25 16:34:42 [1;30mWARNING [0m [34mrasa.core.processor[0m  - [33mCircuit breaker tripped. Stopped predicting more actions for sender 'test_user'.[0m
Rasa server exited with code 1, signal null
Starting Rasa server with model: D:\KP\website\src\app\back-end\Rasa\models\20241025-172746-cheerful-vodka.tar.gz
Rasa server started successfully with PID: 7140
Rasa Action Error: C:\Users\Hagga\AppData\Local\Programs\Python\Python39\lib\site-packages\rasa\core\tracker_store.py:1044: MovedIn20Warning: Deprecated API features detected! These feature(s) are not compatible with SQLAlchemy 2.0. To prevent incompatible upgrades prior to updating applications, ensure requirements files are pinned to "sqlalchemy<2.0". Set environment variable SQLALCHEMY_WARN_20=1 to show all deprecation warnings.  Set environment variable SQLALCHEMY_SILENCE_UBER_WARNING=1 to silence this message. (Background on SQLAlchemy 2.0 at: https://sqlalche.me/e/b8d9)
  Base: DeclarativeMeta = declarative_base()
Rasa Error: C:\Users\Hagga\AppData\Local\Programs\Python\Python39\lib\site-packages\rasa\core\tracker_store.py:1044: MovedIn20Warning: Deprecated API features detected! These feature(s) are not compatible with SQLAlchemy 2.0. To prevent incompatible upgrades prior to updating applications, ensure requirements files are pinned to "sqlalchemy<2.0". Set environment variable SQLALCHEMY_WARN_20=1 to show all deprecation warnings.  Set environment variable SQLALCHEMY_SILENCE_UBER_WARNING=1 to silence this message. (Background on SQLAlchemy 2.0 at: https://sqlalche.me/e/b8d9)
  Base: DeclarativeMeta = declarative_base()
Rasa Action Error: C:\Users\Hagga\AppData\Local\Programs\Python\Python39\lib\site-packages\sanic_cors\extension.py:39: DeprecationWarning: distutils Version classes are deprecated. Use packaging.version instead.
  SANIC_VERSION = LooseVersion(sanic_version)
Rasa Action Error: 2024-10-25 17:29:09 [1;30mINFO    [0m [34mrasa_sdk.endpoint[0m  - Starting action endpoint server...
Rasa Error: C:\Users\Hagga\AppData\Local\Programs\Python\Python39\lib\site-packages\sanic_cors\extension.py:39: DeprecationWarning: distutils Version classes are deprecated. Use packaging.version instead.
  SANIC_VERSION = LooseVersion(sanic_version)
Rasa Action Error: 2024-10-25 17:29:09 [1;30mINFO    [0m [34mrasa_sdk.executor[0m  - Registered function for 'action_retrieve_rooms'.
Rasa Action Error: 2024-10-25 17:29:09 [1;30mINFO    [0m [34mrasa_sdk.endpoint[0m  - Starting plugins...
Rasa Action Error: 2024-10-25 17:29:09 [1;30mINFO    [0m [34mrasa_sdk.endpoint[0m  - Action endpoint is up and running on http://0.0.0.0:5055
Rasa Error: C:\Users\Hagga\AppData\Local\Programs\Python\Python39\lib\site-packages\tensorflow\lite\python\util.py:52: DeprecationWarning: jax.xla_computation is deprecated. Please use the AOT APIs.
  from jax import xla_computation as _xla_computation
Rasa Error: 2024-10-25 17:29:13 [1;30mINFO    [0m [34mroot[0m  - Starting Rasa server on http://0.0.0.0:5005
Rasa Error: 2024-10-25 17:29:14 [1;30mINFO    [0m [34mrasa.core.processor[0m  - Loading model D:\KP\website\src\app\back-end\Rasa\models\20241025-172746-cheerful-vodka.tar.gz...
Rasa Error: [93mC:\Users\Hagga\AppData\Local\Programs\Python\Python39\lib\site-packages\rasa\utils\train_utils.py:530: UserWarning: constrain_similarities is set to `False`. It is recommended to set it to `True` when using cross-entropy loss.
  rasa.shared.utils.io.raise_warning(
[0mRasa Error: [93mC:\Users\Hagga\AppData\Local\Programs\Python\Python39\lib\site-packages\rasa\shared\utils\io.py:99: UserWarning: 'evaluate_every_number_of_epochs=20' is greater than 'epochs=1'. No evaluation will occur.
[0mRasa Error: 2024-10-25 17:29:51 [1;30mINFO    [0m [34mroot[0m  - Rasa server is up and running.
Rasa server exited with code 1, signal null
Starting Rasa server with model: D:\KP\website\src\app\back-end\Rasa\models\20241025-173645-weathered-radial.tar.gz
Rasa server started successfully with PID: 18280
Rasa Error: C:\Users\Hagga\AppData\Local\Programs\Python\Python39\lib\site-packages\rasa\core\tracker_store.py:1044: MovedIn20Warning: Deprecated API features detected! These feature(s) are not compatible with SQLAlchemy 2.0. To prevent incompatible upgrades prior to updating applications, ensure requirements files are pinned to "sqlalchemy<2.0". Set environment variable SQLALCHEMY_WARN_20=1 to show all deprecation warnings.  Set environment variable SQLALCHEMY_SILENCE_UBER_WARNING=1 to silence this message. (Background on SQLAlchemy 2.0 at: https://sqlalche.me/e/b8d9)
  Base: DeclarativeMeta = declarative_base()
Rasa Action Error: C:\Users\Hagga\AppData\Local\Programs\Python\Python39\lib\site-packages\rasa\core\tracker_store.py:1044: MovedIn20Warning: Deprecated API features detected! These feature(s) are not compatible with SQLAlchemy 2.0. To prevent incompatible upgrades prior to updating applications, ensure requirements files are pinned to "sqlalchemy<2.0". Set environment variable SQLALCHEMY_WARN_20=1 to show all deprecation warnings.  Set environment variable SQLALCHEMY_SILENCE_UBER_WARNING=1 to silence this message. (Background on SQLAlchemy 2.0 at: https://sqlalche.me/e/b8d9)
  Base: DeclarativeMeta = declarative_base()
Rasa Error: C:\Users\Hagga\AppData\Local\Programs\Python\Python39\lib\site-packages\sanic_cors\extension.py:39: DeprecationWarning: distutils Version classes are deprecated. Use packaging.version instead.
  SANIC_VERSION = LooseVersion(sanic_version)
Rasa Action Error: C:\Users\Hagga\AppData\Local\Programs\Python\Python39\lib\site-packages\sanic_cors\extension.py:39: DeprecationWarning: distutils Version classes are deprecated. Use packaging.version instead.
  SANIC_VERSION = LooseVersion(sanic_version)
Rasa Action Error: 2024-10-25 17:37:07 [1;30mINFO    [0m [34mrasa_sdk.endpoint[0m  - Starting action endpoint server...
Rasa Action Error: 2024-10-25 17:37:07 [1;30mINFO    [0m [34mrasa_sdk.executor[0m  - Registered function for 'action_retrieve_rooms'.
Rasa Action Error: 2024-10-25 17:37:07 [1;30mINFO    [0m [34mrasa_sdk.endpoint[0m  - Starting plugins...
Rasa Action Error: 2024-10-25 17:37:07 [1;30mINFO    [0m [34mrasa_sdk.endpoint[0m  - Action endpoint is up and running on http://0.0.0.0:5055
Rasa Error: C:\Users\Hagga\AppData\Local\Programs\Python\Python39\lib\site-packages\tensorflow\lite\python\util.py:52: DeprecationWarning: jax.xla_computation is deprecated. Please use the AOT APIs.
  from jax import xla_computation as _xla_computation
Rasa Error: 2024-10-25 17:37:11 [1;30mINFO    [0m [34mroot[0m  - Starting Rasa server on http://0.0.0.0:5005
Rasa Error: 2024-10-25 17:37:12 [1;30mINFO    [0m [34mrasa.core.processor[0m  - Loading model D:\KP\website\src\app\back-end\Rasa\models\20241025-173645-weathered-radial.tar.gz...
Rasa Error: [93mC:\Users\Hagga\AppData\Local\Programs\Python\Python39\lib\site-packages\rasa\utils\train_utils.py:530: UserWarning: constrain_similarities is set to `False`. It is recommended to set it to `True` when using cross-entropy loss.
  rasa.shared.utils.io.raise_warning(
[0mRasa Error: [93mC:\Users\Hagga\AppData\Local\Programs\Python\Python39\lib\site-packages\rasa\shared\utils\io.py:99: UserWarning: 'evaluate_every_number_of_epochs=20' is greater than 'epochs=1'. No evaluation will occur.
[0mRasa Error: 2024-10-25 17:37:49 [1;30mINFO    [0m [34mroot[0m  - Rasa server is up and running.
Rasa server exited with code 1, signal null
Starting Rasa server with model: D:\KP\website\src\app\back-end\Rasa\models\20241025-174241-direct-convection.tar.gz
Rasa server started successfully with PID: 2892
Rasa Error: C:\Users\Hagga\AppData\Local\Programs\Python\Python39\lib\site-packages\rasa\core\tracker_store.py:1044: MovedIn20Warning: Deprecated API features detected! These feature(s) are not compatible with SQLAlchemy 2.0. To prevent incompatible upgrades prior to updating applications, ensure requirements files are pinned to "sqlalchemy<2.0". Set environment variable SQLALCHEMY_WARN_20=1 to show all deprecation warnings.  Set environment variable SQLALCHEMY_SILENCE_UBER_WARNING=1 to silence this message. (Background on SQLAlchemy 2.0 at: https://sqlalche.me/e/b8d9)
  Base: DeclarativeMeta = declarative_base()
Rasa Action Error: C:\Users\Hagga\AppData\Local\Programs\Python\Python39\lib\site-packages\rasa\core\tracker_store.py:1044: MovedIn20Warning: Deprecated API features detected! These feature(s) are not compatible with SQLAlchemy 2.0. To prevent incompatible upgrades prior to updating applications, ensure requirements files are pinned to "sqlalchemy<2.0". Set environment variable SQLALCHEMY_WARN_20=1 to show all deprecation warnings.  Set environment variable SQLALCHEMY_SILENCE_UBER_WARNING=1 to silence this message. (Background on SQLAlchemy 2.0 at: https://sqlalche.me/e/b8d9)
  Base: DeclarativeMeta = declarative_base()
Rasa Error: C:\Users\Hagga\AppData\Local\Programs\Python\Python39\lib\site-packages\sanic_cors\extension.py:39: DeprecationWarning: distutils Version classes are deprecated. Use packaging.version instead.
  SANIC_VERSION = LooseVersion(sanic_version)
Rasa Action Error: C:\Users\Hagga\AppData\Local\Programs\Python\Python39\lib\site-packages\sanic_cors\extension.py:39: DeprecationWarning: distutils Version classes are deprecated. Use packaging.version instead.
  SANIC_VERSION = LooseVersion(sanic_version)
Rasa Action Error: 2024-10-25 17:43:50 [1;30mINFO    [0m [34mrasa_sdk.endpoint[0m  - Starting action endpoint server...
Rasa Action Error: 2024-10-25 17:43:50 [1;30mINFO    [0m [34mrasa_sdk.executor[0m  - Registered function for 'action_retrieve_rooms'.
Rasa Action Error: 2024-10-25 17:43:50 [1;30mINFO    [0m [34mrasa_sdk.endpoint[0m  - Starting plugins...
Rasa Action Error: 2024-10-25 17:43:50 [1;30mINFO    [0m [34mrasa_sdk.endpoint[0m  - Action endpoint is up and running on http://0.0.0.0:5055
Rasa Error: C:\Users\Hagga\AppData\Local\Programs\Python\Python39\lib\site-packages\tensorflow\lite\python\util.py:52: DeprecationWarning: jax.xla_computation is deprecated. Please use the AOT APIs.
  from jax import xla_computation as _xla_computation
Rasa Error: 2024-10-25 17:43:54 [1;30mINFO    [0m [34mroot[0m  - Starting Rasa server on http://0.0.0.0:5005
Rasa Error: 2024-10-25 17:43:54 [1;30mINFO    [0m [34mrasa.core.processor[0m  - Loading model D:\KP\website\src\app\back-end\Rasa\models\20241025-174241-direct-convection.tar.gz...
Rasa Error: [93mC:\Users\Hagga\AppData\Local\Programs\Python\Python39\lib\site-packages\rasa\utils\train_utils.py:530: UserWarning: constrain_similarities is set to `False`. It is recommended to set it to `True` when using cross-entropy loss.
  rasa.shared.utils.io.raise_warning(
[0mRasa Error: [93mC:\Users\Hagga\AppData\Local\Programs\Python\Python39\lib\site-packages\rasa\shared\utils\io.py:99: UserWarning: 'evaluate_every_number_of_epochs=20' is greater than 'epochs=1'. No evaluation will occur.
[0mRasa Error: 2024-10-25 17:44:32 [1;30mINFO    [0m [34mroot[0m  - Rasa server is up and running.
Rasa Error: [93mC:\Users\Hagga\AppData\Local\Programs\Python\Python39\lib\site-packages\rasa\shared\utils\io.py:99: UserWarning: Parsed an entity 'room_name' which is not defined in the domain. Please make sure all entities are listed in the domain.
  More info at https://rasa.com/docs/rasa/domain
[0mRasa server exited with code 1, signal null
Starting Rasa server with model: D:\KP\website\src\app\back-end\Rasa\models\20241025-174241-direct-convection.tar.gz
Rasa server started successfully with PID: 16780
Rasa Error: C:\Users\Hagga\AppData\Local\Programs\Python\Python39\lib\site-packages\rasa\core\tracker_store.py:1044: MovedIn20Warning: Deprecated API features detected! These feature(s) are not compatible with SQLAlchemy 2.0. To prevent incompatible upgrades prior to updating applications, ensure requirements files are pinned to "sqlalchemy<2.0". Set environment variable SQLALCHEMY_WARN_20=1 to show all deprecation warnings.  Set environment variable SQLALCHEMY_SILENCE_UBER_WARNING=1 to silence this message. (Background on SQLAlchemy 2.0 at: https://sqlalche.me/e/b8d9)
  Base: DeclarativeMeta = declarative_base()
Rasa Action Error: C:\Users\Hagga\AppData\Local\Programs\Python\Python39\lib\site-packages\rasa\core\tracker_store.py:1044: MovedIn20Warning: Deprecated API features detected! These feature(s) are not compatible with SQLAlchemy 2.0. To prevent incompatible upgrades prior to updating applications, ensure requirements files are pinned to "sqlalchemy<2.0". Set environment variable SQLALCHEMY_WARN_20=1 to show all deprecation warnings.  Set environment variable SQLALCHEMY_SILENCE_UBER_WARNING=1 to silence this message. (Background on SQLAlchemy 2.0 at: https://sqlalche.me/e/b8d9)
  Base: DeclarativeMeta = declarative_base()
Rasa Error: C:\Users\Hagga\AppData\Local\Programs\Python\Python39\lib\site-packages\sanic_cors\extension.py:39: DeprecationWarning: distutils Version classes are deprecated. Use packaging.version instead.
  SANIC_VERSION = LooseVersion(sanic_version)
Rasa Action Error: C:\Users\Hagga\AppData\Local\Programs\Python\Python39\lib\site-packages\sanic_cors\extension.py:39: DeprecationWarning: distutils Version classes are deprecated. Use packaging.version instead.
  SANIC_VERSION = LooseVersion(sanic_version)
Rasa Action Error: 2024-10-25 18:00:20 [1;30mINFO    [0m [34mrasa_sdk.endpoint[0m  - Starting action endpoint server...
Rasa Action Error: 2024-10-25 18:00:20 [1;30mINFO    [0m [34mrasa_sdk.executor[0m  - Registered function for 'action_retrieve_rooms'.
Rasa Action Error: 2024-10-25 18:00:20 [1;30mINFO    [0m [34mrasa_sdk.endpoint[0m  - Starting plugins...
Rasa Action Error: 2024-10-25 18:00:20 [1;30mINFO    [0m [34mrasa_sdk.endpoint[0m  - Action endpoint is up and running on http://0.0.0.0:5055
Rasa Error: C:\Users\Hagga\AppData\Local\Programs\Python\Python39\lib\site-packages\tensorflow\lite\python\util.py:52: DeprecationWarning: jax.xla_computation is deprecated. Please use the AOT APIs.
  from jax import xla_computation as _xla_computation
Rasa Error: 2024-10-25 18:00:25 [1;30mINFO    [0m [34mroot[0m  - Starting Rasa server on http://0.0.0.0:5005
Rasa Error: 2024-10-25 18:00:25 [1;30mINFO    [0m [34mrasa.core.processor[0m  - Loading model D:\KP\website\src\app\back-end\Rasa\models\20241025-174241-direct-convection.tar.gz...
Rasa Error: [93mC:\Users\Hagga\AppData\Local\Programs\Python\Python39\lib\site-packages\rasa\utils\train_utils.py:530: UserWarning: constrain_similarities is set to `False`. It is recommended to set it to `True` when using cross-entropy loss.
  rasa.shared.utils.io.raise_warning(
[0mRasa Error: [93mC:\Users\Hagga\AppData\Local\Programs\Python\Python39\lib\site-packages\rasa\shared\utils\io.py:99: UserWarning: 'evaluate_every_number_of_epochs=20' is greater than 'epochs=1'. No evaluation will occur.
[0mRasa Error: 2024-10-25 18:01:02 [1;30mINFO    [0m [34mroot[0m  - Rasa server is up and running.
Rasa Error: [93mC:\Users\Hagga\AppData\Local\Programs\Python\Python39\lib\site-packages\rasa\shared\utils\io.py:99: UserWarning: Parsed an entity 'room_name' which is not defined in the domain. Please make sure all entities are listed in the domain.
  More info at https://rasa.com/docs/rasa/domain
[0mRasa Error: 2024-10-25 18:01:17 [1;30mERROR   [0m [34mrasa.core.processor[0m  - [31mEncountered an exception while running action 'action_get_room_details'.Bot will continue, but the actions events are lost. Please check the logs of your action server for more information.[0m
Traceback (most recent call last):
  File "C:\Users\Hagga\AppData\Local\Programs\Python\Python39\lib\site-packages\rasa\core\processor.py", line 982, in _run_action
    events = await action.run(
  File "C:\Users\Hagga\AppData\Local\Programs\Python\Python39\lib\site-packages\rasa\core\actions\action.py", line 758, in run
    raise RasaException(
rasa.shared.exceptions.RasaException: Failed to execute custom action 'action_get_room_details' because no endpoint is configured to run this custom action. Please take a look at the docs and set an endpoint configuration via the --endpoints flag. https://rasa.com/docs/rasa/custom-actions
Rasa server exited with code 1, signal null
Starting Rasa server with model: D:\KP\website\src\app\back-end\Rasa\models\20241025-180346-frigid-fennel.tar.gz
Rasa server started successfully with PID: 8692
Rasa Error: C:\Users\Hagga\AppData\Local\Programs\Python\Python39\lib\site-packages\rasa\core\tracker_store.py:1044: MovedIn20Warning: Deprecated API features detected! These feature(s) are not compatible with SQLAlchemy 2.0. To prevent incompatible upgrades prior to updating applications, ensure requirements files are pinned to "sqlalchemy<2.0". Set environment variable SQLALCHEMY_WARN_20=1 to show all deprecation warnings.  Set environment variable SQLALCHEMY_SILENCE_UBER_WARNING=1 to silence this message. (Background on SQLAlchemy 2.0 at: https://sqlalche.me/e/b8d9)
  Base: DeclarativeMeta = declarative_base()
Rasa Action Error: C:\Users\Hagga\AppData\Local\Programs\Python\Python39\lib\site-packages\rasa\core\tracker_store.py:1044: MovedIn20Warning: Deprecated API features detected! These feature(s) are not compatible with SQLAlchemy 2.0. To prevent incompatible upgrades prior to updating applications, ensure requirements files are pinned to "sqlalchemy<2.0". Set environment variable SQLALCHEMY_WARN_20=1 to show all deprecation warnings.  Set environment variable SQLALCHEMY_SILENCE_UBER_WARNING=1 to silence this message. (Background on SQLAlchemy 2.0 at: https://sqlalche.me/e/b8d9)
  Base: DeclarativeMeta = declarative_base()
Rasa Error: C:\Users\Hagga\AppData\Local\Programs\Python\Python39\lib\site-packages\sanic_cors\extension.py:39: DeprecationWarning: distutils Version classes are deprecated. Use packaging.version instead.
  SANIC_VERSION = LooseVersion(sanic_version)
Rasa Action Error: C:\Users\Hagga\AppData\Local\Programs\Python\Python39\lib\site-packages\sanic_cors\extension.py:39: DeprecationWarning: distutils Version classes are deprecated. Use packaging.version instead.
  SANIC_VERSION = LooseVersion(sanic_version)
Rasa Action Error: 2024-10-25 18:04:26 [1;30mINFO    [0m [34mrasa_sdk.endpoint[0m  - Starting action endpoint server...
Rasa Action Error: 2024-10-25 18:04:26 [1;30mINFO    [0m [34mrasa_sdk.executor[0m  - Registered function for 'action_retrieve_rooms'.
Rasa Action Error: 2024-10-25 18:04:26 [1;30mINFO    [0m [34mrasa_sdk.endpoint[0m  - Starting plugins...
Rasa Action Error: 2024-10-25 18:04:26 [1;30mINFO    [0m [34mrasa_sdk.endpoint[0m  - Action endpoint is up and running on http://0.0.0.0:5055
Rasa Error: C:\Users\Hagga\AppData\Local\Programs\Python\Python39\lib\site-packages\tensorflow\lite\python\util.py:52: DeprecationWarning: jax.xla_computation is deprecated. Please use the AOT APIs.
  from jax import xla_computation as _xla_computation
Rasa Error: 2024-10-25 18:04:31 [1;30mINFO    [0m [34mroot[0m  - Starting Rasa server on http://0.0.0.0:5005
Rasa Error: 2024-10-25 18:04:31 [1;30mINFO    [0m [34mrasa.core.processor[0m  - Loading model D:\KP\website\src\app\back-end\Rasa\models\20241025-180346-frigid-fennel.tar.gz...
Rasa Error: [93mC:\Users\Hagga\AppData\Local\Programs\Python\Python39\lib\site-packages\rasa\utils\train_utils.py:530: UserWarning: constrain_similarities is set to `False`. It is recommended to set it to `True` when using cross-entropy loss.
  rasa.shared.utils.io.raise_warning(
[0mRasa Error: [93mC:\Users\Hagga\AppData\Local\Programs\Python\Python39\lib\site-packages\rasa\shared\utils\io.py:99: UserWarning: 'evaluate_every_number_of_epochs=20' is greater than 'epochs=1'. No evaluation will occur.
[0mRasa Error: 2024-10-25 18:05:09 [1;30mINFO    [0m [34mroot[0m  - Rasa server is up and running.
Rasa Error: 2024-10-25 18:05:12 [1;30mERROR   [0m [34mrasa.core.processor[0m  - [31mEncountered an exception while running action 'action_get_room_details'.Bot will continue, but the actions events are lost. Please check the logs of your action server for more information.[0m
Traceback (most recent call last):
  File "C:\Users\Hagga\AppData\Local\Programs\Python\Python39\lib\site-packages\rasa\core\processor.py", line 982, in _run_action
    events = await action.run(
  File "C:\Users\Hagga\AppData\Local\Programs\Python\Python39\lib\site-packages\rasa\core\actions\action.py", line 758, in run
    raise RasaException(
rasa.shared.exceptions.RasaException: Failed to execute custom action 'action_get_room_details' because no endpoint is configured to run this custom action. Please take a look at the docs and set an endpoint configuration via the --endpoints flag. https://rasa.com/docs/rasa/custom-actions
Rasa Error: 2024-10-25 18:05:37 [1;30mERROR   [0m [34mrasa.core.processor[0m  - [31mEncountered an exception while running action 'action_get_room_details'.Bot will continue, but the actions events are lost. Please check the logs of your action server for more information.[0m
Traceback (most recent call last):
  File "C:\Users\Hagga\AppData\Local\Programs\Python\Python39\lib\site-packages\rasa\core\processor.py", line 982, in _run_action
    events = await action.run(
  File "C:\Users\Hagga\AppData\Local\Programs\Python\Python39\lib\site-packages\rasa\core\actions\action.py", line 758, in run
    raise RasaException(
rasa.shared.exceptions.RasaException: Failed to execute custom action 'action_get_room_details' because no endpoint is configured to run this custom action. Please take a look at the docs and set an endpoint configuration via the --endpoints flag. https://rasa.com/docs/rasa/custom-actions
Rasa server exited with code 1, signal null
Starting Rasa server with model: D:\KP\website\src\app\back-end\Rasa\models\20241025-181248-matte-wolverine.tar.gz
Rasa server started successfully with PID: 22420
Rasa Action Error: C:\Users\Hagga\AppData\Local\Programs\Python\Python39\lib\site-packages\rasa\core\tracker_store.py:1044: MovedIn20Warning: Deprecated API features detected! These feature(s) are not compatible with SQLAlchemy 2.0. To prevent incompatible upgrades prior to updating applications, ensure requirements files are pinned to "sqlalchemy<2.0". Set environment variable SQLALCHEMY_WARN_20=1 to show all deprecation warnings.  Set environment variable SQLALCHEMY_SILENCE_UBER_WARNING=1 to silence this message. (Background on SQLAlchemy 2.0 at: https://sqlalche.me/e/b8d9)
  Base: DeclarativeMeta = declarative_base()
Rasa Error: C:\Users\Hagga\AppData\Local\Programs\Python\Python39\lib\site-packages\rasa\core\tracker_store.py:1044: MovedIn20Warning: Deprecated API features detected! These feature(s) are not compatible with SQLAlchemy 2.0. To prevent incompatible upgrades prior to updating applications, ensure requirements files are pinned to "sqlalchemy<2.0". Set environment variable SQLALCHEMY_WARN_20=1 to show all deprecation warnings.  Set environment variable SQLALCHEMY_SILENCE_UBER_WARNING=1 to silence this message. (Background on SQLAlchemy 2.0 at: https://sqlalche.me/e/b8d9)
  Base: DeclarativeMeta = declarative_base()
Rasa Action Error: C:\Users\Hagga\AppData\Local\Programs\Python\Python39\lib\site-packages\sanic_cors\extension.py:39: DeprecationWarning: distutils Version classes are deprecated. Use packaging.version instead.
  SANIC_VERSION = LooseVersion(sanic_version)
Rasa Action Error: 2024-10-25 18:15:44 [1;30mINFO    [0m [34mrasa_sdk.endpoint[0m  - Starting action endpoint server...
Rasa Error: C:\Users\Hagga\AppData\Local\Programs\Python\Python39\lib\site-packages\sanic_cors\extension.py:39: DeprecationWarning: distutils Version classes are deprecated. Use packaging.version instead.
  SANIC_VERSION = LooseVersion(sanic_version)
Rasa Action Error: 2024-10-25 18:15:44 [1;30mINFO    [0m [34mrasa_sdk.executor[0m  - Registered function for 'action_retrieve_rooms'.
Rasa Action Error: 2024-10-25 18:15:44 [1;30mINFO    [0m [34mrasa_sdk.endpoint[0m  - Starting plugins...
Rasa Action Error: 2024-10-25 18:15:44 [1;30mINFO    [0m [34mrasa_sdk.endpoint[0m  - Action endpoint is up and running on http://0.0.0.0:5055
Rasa Error: C:\Users\Hagga\AppData\Local\Programs\Python\Python39\lib\site-packages\tensorflow\lite\python\util.py:52: DeprecationWarning: jax.xla_computation is deprecated. Please use the AOT APIs.
  from jax import xla_computation as _xla_computation
Rasa Error: 2024-10-25 18:15:49 [1;30mINFO    [0m [34mroot[0m  - Starting Rasa server on http://0.0.0.0:5005
Rasa Error: 2024-10-25 18:15:49 [1;30mINFO    [0m [34mrasa.core.processor[0m  - Loading model D:\KP\website\src\app\back-end\Rasa\models\20241025-181248-matte-wolverine.tar.gz...
Rasa Action Error: 2024-10-25 18:16:01 [1;30mERROR   [0m [34mrasa_sdk.endpoint[0m  - [31mException occurred during execution of request <Request: GET /webhook>[0m
Traceback (most recent call last):
  File "C:\Users\Hagga\AppData\Local\Programs\Python\Python39\lib\site-packages\sanic_routing\router.py", line 100, in resolve
    route = route.methods_index[method]
KeyError: 'GET'

During handling of the above exception, another exception occurred:

Traceback (most recent call last):
  File "C:\Users\Hagga\AppData\Local\Programs\Python\Python39\lib\site-packages\sanic\router.py", line 38, in _get
    return self.resolve(
  File "C:\Users\Hagga\AppData\Local\Programs\Python\Python39\lib\site-packages\sanic_routing\router.py", line 102, in resolve
    raise self.method_handler_exception(
sanic_routing.exceptions.NoMethod: Method 'GET' not found on <RouteGroup: path=webhook len=1>

During handling of the above exception, another exception occurred:

Traceback (most recent call last):
  File "handle_request", line 26, in handle_request
    from socket import socket
  File "C:\Users\Hagga\AppData\Local\Programs\Python\Python39\lib\site-packages\sanic\router.py", line 66, in get
    return self._get(path, method, host)
  File "C:\Users\Hagga\AppData\Local\Programs\Python\Python39\lib\site-packages\sanic\router.py", line 46, in _get
    raise MethodNotSupported(
sanic.exceptions.MethodNotSupported: Method GET not allowed for URL /webhook
Rasa Action Error: 2024-10-25 18:16:01 [1;30mERROR   [0m [34mrasa_sdk.endpoint[0m  - [31mException occurred during execution of request <Request: GET /favicon.ico>[0m
Traceback (most recent call last):
  File "C:\Users\Hagga\AppData\Local\Programs\Python\Python39\lib\site-packages\sanic_routing\router.py", line 79, in resolve
    route, param_basket = self.find_route(
  File "", line 9, in find_route
sanic_routing.exceptions.NotFound: Not Found

During handling of the above exception, another exception occurred:

Traceback (most recent call last):
  File "C:\Users\Hagga\AppData\Local\Programs\Python\Python39\lib\site-packages\sanic\router.py", line 38, in _get
    return self.resolve(
  File "C:\Users\Hagga\AppData\Local\Programs\Python\Python39\lib\site-packages\sanic_routing\router.py", line 96, in resolve
    raise self.exception(str(e), path=path)
sanic_routing.exceptions.NotFound: Not Found

During handling of the above exception, another exception occurred:

Traceback (most recent call last):
  File "handle_request", line 26, in handle_request
    from socket import socket
  File "C:\Users\Hagga\AppData\Local\Programs\Python\Python39\lib\site-packages\sanic\router.py", line 66, in get
    return self._get(path, method, host)
  File "C:\Users\Hagga\AppData\Local\Programs\Python\Python39\lib\site-packages\sanic\router.py", line 44, in _get
    raise NotFound("Requested URL {} not found".format(e.path))
sanic.exceptions.NotFound: Requested URL /favicon.ico not found
Rasa Action Error: 2024-10-25 18:16:10 [1;30mERROR   [0m [34mrasa_sdk.endpoint[0m  - [31mException occurred during execution of request <Request: GET /webhook>[0m
Traceback (most recent call last):
  File "C:\Users\Hagga\AppData\Local\Programs\Python\Python39\lib\site-packages\sanic_routing\router.py", line 100, in resolve
    route = route.methods_index[method]
KeyError: 'GET'

During handling of the above exception, another exception occurred:

Traceback (most recent call last):
  File "C:\Users\Hagga\AppData\Local\Programs\Python\Python39\lib\site-packages\sanic\router.py", line 38, in _get
    return self.resolve(
  File "C:\Users\Hagga\AppData\Local\Programs\Python\Python39\lib\site-packages\sanic_routing\router.py", line 102, in resolve
    raise self.method_handler_exception(
sanic_routing.exceptions.NoMethod: Method 'GET' not found on <RouteGroup: path=webhook len=1>

During handling of the above exception, another exception occurred:

Traceback (most recent call last):
  File "handle_request", line 26, in handle_request
    from socket import socket
  File "C:\Users\Hagga\AppData\Local\Programs\Python\Python39\lib\site-packages\sanic\router.py", line 66, in get
    return self._get(path, method, host)
  File "C:\Users\Hagga\AppData\Local\Programs\Python\Python39\lib\site-packages\sanic\router.py", line 46, in _get
    raise MethodNotSupported(
sanic.exceptions.MethodNotSupported: Method GET not allowed for URL /webhook
Rasa Action Error: 2024-10-25 18:16:10 [1;30mERROR   [0m [34mrasa_sdk.endpoint[0m  - [31mException occurred during execution of request <Request: GET /favicon.ico>[0m
Traceback (most recent call last):
  File "C:\Users\Hagga\AppData\Local\Programs\Python\Python39\lib\site-packages\sanic_routing\router.py", line 79, in resolve
    route, param_basket = self.find_route(
  File "", line 9, in find_route
sanic_routing.exceptions.NotFound: Not Found

During handling of the above exception, another exception occurred:

Traceback (most recent call last):
  File "C:\Users\Hagga\AppData\Local\Programs\Python\Python39\lib\site-packages\sanic\router.py", line 38, in _get
    return self.resolve(
  File "C:\Users\Hagga\AppData\Local\Programs\Python\Python39\lib\site-packages\sanic_routing\router.py", line 96, in resolve
    raise self.exception(str(e), path=path)
sanic_routing.exceptions.NotFound: Not Found

During handling of the above exception, another exception occurred:

Traceback (most recent call last):
  File "handle_request", line 26, in handle_request
    from socket import socket
  File "C:\Users\Hagga\AppData\Local\Programs\Python\Python39\lib\site-packages\sanic\router.py", line 66, in get
    return self._get(path, method, host)
  File "C:\Users\Hagga\AppData\Local\Programs\Python\Python39\lib\site-packages\sanic\router.py", line 44, in _get
    raise NotFound("Requested URL {} not found".format(e.path))
sanic.exceptions.NotFound: Requested URL /favicon.ico not found
Rasa Action Error: 2024-10-25 18:16:16 [1;30mERROR   [0m [34mrasa_sdk.endpoint[0m  - [31mException occurred during execution of request <Request: GET /webhook>[0m
Traceback (most recent call last):
  File "C:\Users\Hagga\AppData\Local\Programs\Python\Python39\lib\site-packages\sanic_routing\router.py", line 100, in resolve
    route = route.methods_index[method]
KeyError: 'GET'

During handling of the above exception, another exception occurred:

Traceback (most recent call last):
  File "C:\Users\Hagga\AppData\Local\Programs\Python\Python39\lib\site-packages\sanic\router.py", line 38, in _get
    return self.resolve(
  File "C:\Users\Hagga\AppData\Local\Programs\Python\Python39\lib\site-packages\sanic_routing\router.py", line 102, in resolve
    raise self.method_handler_exception(
sanic_routing.exceptions.NoMethod: Method 'GET' not found on <RouteGroup: path=webhook len=1>

During handling of the above exception, another exception occurred:

Traceback (most recent call last):
  File "handle_request", line 26, in handle_request
    from socket import socket
  File "C:\Users\Hagga\AppData\Local\Programs\Python\Python39\lib\site-packages\sanic\router.py", line 66, in get
    return self._get(path, method, host)
  File "C:\Users\Hagga\AppData\Local\Programs\Python\Python39\lib\site-packages\sanic\router.py", line 46, in _get
    raise MethodNotSupported(
sanic.exceptions.MethodNotSupported: Method GET not allowed for URL /webhook
Rasa Action Error: 2024-10-25 18:16:17 [1;30mERROR   [0m [34mrasa_sdk.endpoint[0m  - [31mException occurred during execution of request <Request: GET /favicon.ico>[0m
Traceback (most recent call last):
  File "C:\Users\Hagga\AppData\Local\Programs\Python\Python39\lib\site-packages\sanic_routing\router.py", line 79, in resolve
    route, param_basket = self.find_route(
  File "", line 9, in find_route
sanic_routing.exceptions.NotFound: Not Found

During handling of the above exception, another exception occurred:

Traceback (most recent call last):
  File "C:\Users\Hagga\AppData\Local\Programs\Python\Python39\lib\site-packages\sanic\router.py", line 38, in _get
    return self.resolve(
  File "C:\Users\Hagga\AppData\Local\Programs\Python\Python39\lib\site-packages\sanic_routing\router.py", line 96, in resolve
    raise self.exception(str(e), path=path)
sanic_routing.exceptions.NotFound: Not Found

During handling of the above exception, another exception occurred:

Traceback (most recent call last):
  File "handle_request", line 26, in handle_request
    from socket import socket
  File "C:\Users\Hagga\AppData\Local\Programs\Python\Python39\lib\site-packages\sanic\router.py", line 66, in get
    return self._get(path, method, host)
  File "C:\Users\Hagga\AppData\Local\Programs\Python\Python39\lib\site-packages\sanic\router.py", line 44, in _get
    raise NotFound("Requested URL {} not found".format(e.path))
sanic.exceptions.NotFound: Requested URL /favicon.ico not found
Rasa Error: [93mC:\Users\Hagga\AppData\Local\Programs\Python\Python39\lib\site-packages\rasa\utils\train_utils.py:530: UserWarning: constrain_similarities is set to `False`. It is recommended to set it to `True` when using cross-entropy loss.
  rasa.shared.utils.io.raise_warning(
[0mRasa Error: [93mC:\Users\Hagga\AppData\Local\Programs\Python\Python39\lib\site-packages\rasa\shared\utils\io.py:99: UserWarning: 'evaluate_every_number_of_epochs=20' is greater than 'epochs=1'. No evaluation will occur.
[0mRasa Error: 2024-10-25 18:16:28 [1;30mINFO    [0m [34mroot[0m  - Rasa server is up and running.
Rasa Error: 2024-10-25 18:17:05 [1;30mERROR   [0m [34mrasa.core.processor[0m  - [31mEncountered an exception while running action 'action_get_room_details'.Bot will continue, but the actions events are lost. Please check the logs of your action server for more information.[0m
Traceback (most recent call last):
  File "C:\Users\Hagga\AppData\Local\Programs\Python\Python39\lib\site-packages\rasa\core\processor.py", line 982, in _run_action
    events = await action.run(
  File "C:\Users\Hagga\AppData\Local\Programs\Python\Python39\lib\site-packages\rasa\core\actions\action.py", line 758, in run
    raise RasaException(
rasa.shared.exceptions.RasaException: Failed to execute custom action 'action_get_room_details' because no endpoint is configured to run this custom action. Please take a look at the docs and set an endpoint configuration via the --endpoints flag. https://rasa.com/docs/rasa/custom-actions
Rasa Error: 2024-10-25 18:17:07 [1;30mERROR   [0m [34mrasa.core.processor[0m  - [31mEncountered an exception while running action 'action_get_room_details'.Bot will continue, but the actions events are lost. Please check the logs of your action server for more information.[0m
Traceback (most recent call last):
  File "C:\Users\Hagga\AppData\Local\Programs\Python\Python39\lib\site-packages\rasa\core\processor.py", line 982, in _run_action
    events = await action.run(
  File "C:\Users\Hagga\AppData\Local\Programs\Python\Python39\lib\site-packages\rasa\core\actions\action.py", line 758, in run
    raise RasaException(
rasa.shared.exceptions.RasaException: Failed to execute custom action 'action_get_room_details' because no endpoint is configured to run this custom action. Please take a look at the docs and set an endpoint configuration via the --endpoints flag. https://rasa.com/docs/rasa/custom-actions
Rasa Error: 2024-10-25 18:17:08 [1;30mERROR   [0m [34mrasa.core.processor[0m  - [31mEncountered an exception while running action 'action_get_room_details'.Bot will continue, but the actions events are lost. Please check the logs of your action server for more information.[0m
Traceback (most recent call last):
  File "C:\Users\Hagga\AppData\Local\Programs\Python\Python39\lib\site-packages\rasa\core\processor.py", line 982, in _run_action
    events = await action.run(
  File "C:\Users\Hagga\AppData\Local\Programs\Python\Python39\lib\site-packages\rasa\core\actions\action.py", line 758, in run
    raise RasaException(
rasa.shared.exceptions.RasaException: Failed to execute custom action 'action_get_room_details' because no endpoint is configured to run this custom action. Please take a look at the docs and set an endpoint configuration via the --endpoints flag. https://rasa.com/docs/rasa/custom-actions
Rasa Action Error: 2024-10-25 18:17:54 [1;30mERROR   [0m [34mrasa_sdk.endpoint[0m  - [31mException occurred during execution of request <Request: GET /webhook>[0m
Traceback (most recent call last):
  File "C:\Users\Hagga\AppData\Local\Programs\Python\Python39\lib\site-packages\sanic_routing\router.py", line 100, in resolve
    route = route.methods_index[method]
KeyError: 'GET'

During handling of the above exception, another exception occurred:

Traceback (most recent call last):
  File "C:\Users\Hagga\AppData\Local\Programs\Python\Python39\lib\site-packages\sanic\router.py", line 38, in _get
    return self.resolve(
  File "C:\Users\Hagga\AppData\Local\Programs\Python\Python39\lib\site-packages\sanic_routing\router.py", line 102, in resolve
    raise self.method_handler_exception(
sanic_routing.exceptions.NoMethod: Method 'GET' not found on <RouteGroup: path=webhook len=1>

During handling of the above exception, another exception occurred:

Traceback (most recent call last):
  File "handle_request", line 26, in handle_request
    from socket import socket
  File "C:\Users\Hagga\AppData\Local\Programs\Python\Python39\lib\site-packages\sanic\router.py", line 66, in get
    return self._get(path, method, host)
  File "C:\Users\Hagga\AppData\Local\Programs\Python\Python39\lib\site-packages\sanic\router.py", line 46, in _get
    raise MethodNotSupported(
sanic.exceptions.MethodNotSupported: Method GET not allowed for URL /webhook
Rasa Action Error: C:\Users\Hagga\AppData\Local\Programs\Python\Python39\lib\site-packages\rasa_sdk\utils.py:245: UserWarning: You are using an old version of rasa which might not be compatible with this version of rasa_sdk (3.6.2).
To ensure compatibility use the same version for both, modulo the last number, i.e. using version A.B.x the numbers A and B should be identical for both rasa and rasa_sdk.
  warnings.warn(
Rasa Action Error: 2024-10-25 18:19:01 [1;30mWARNING [0m [34mrasa_sdk.executor[0m  - [33mReceived an action call without an action.[0m
